2020-07-06 08:49:41.651 [SpringContextShutdownHook] INFO  o.s.scheduling.concurrent.ThreadPoolTaskExecutor - Shutting down ExecutorService 'applicationTaskExecutor'
2020-07-06 08:49:41.660 [SpringContextShutdownHook] INFO  com.zaxxer.hikari.HikariDataSource - HikariPool-1 - Shutdown initiated...
2020-07-06 08:49:41.701 [SpringContextShutdownHook] INFO  com.zaxxer.hikari.HikariDataSource - HikariPool-1 - Shutdown completed.
2020-07-06 09:18:56.508 [main] INFO  com.swj.WarehouseApplication - Starting WarehouseApplication on MacBook-Pro with PID 25827 (/Users/macbookpro/IdeaProjects/gxc/target/classes started by macbookpro in /Users/macbookpro/IdeaProjects/gxc)
2020-07-06 09:18:56.510 [main] INFO  com.swj.WarehouseApplication - The following profiles are active: dev
2020-07-06 09:18:57.877 [main] INFO  o.s.boot.web.embedded.tomcat.TomcatWebServer - Tomcat initialized with port(s): 80 (http)
2020-07-06 09:18:57.887 [main] INFO  org.apache.coyote.http11.Http11NioProtocol - Initializing ProtocolHandler ["http-nio-80"]
2020-07-06 09:18:57.888 [main] INFO  org.apache.catalina.core.StandardService - Starting service [Tomcat]
2020-07-06 09:18:57.888 [main] INFO  org.apache.catalina.core.StandardEngine - Starting Servlet engine: [Apache Tomcat/9.0.35]
2020-07-06 09:18:57.962 [main] INFO  o.a.c.core.ContainerBase.[Tomcat].[localhost].[/] - Initializing Spring embedded WebApplicationContext
2020-07-06 09:18:57.962 [main] INFO  org.springframework.web.context.ContextLoader - Root WebApplicationContext: initialization completed in 1400 ms
2020-07-06 09:18:59.128 [main] INFO  s.d.s.w.PropertySourcedRequestMappingHandlerMapping - Mapped URL path [/v2/api-docs] onto method [springfox.documentation.swagger2.web.Swagger2Controller#getDocumentation(String, HttpServletRequest)]
2020-07-06 09:18:59.193 [main] INFO  o.s.scheduling.concurrent.ThreadPoolTaskExecutor - Initializing ExecutorService 'applicationTaskExecutor'
2020-07-06 09:18:59.325 [main] INFO  org.quartz.impl.StdSchedulerFactory - Using default implementation for ThreadExecutor
2020-07-06 09:18:59.332 [main] INFO  org.quartz.core.SchedulerSignalerImpl - Initialized Scheduler Signaller of type: class org.quartz.core.SchedulerSignalerImpl
2020-07-06 09:18:59.332 [main] INFO  org.quartz.core.QuartzScheduler - Quartz Scheduler v.2.3.2 created.
2020-07-06 09:18:59.333 [main] INFO  org.quartz.simpl.RAMJobStore - RAMJobStore initialized.
2020-07-06 09:18:59.333 [main] INFO  org.quartz.core.QuartzScheduler - Scheduler meta-data: Quartz Scheduler (v2.3.2) 'quartzScheduler' with instanceId 'NON_CLUSTERED'
  Scheduler class: 'org.quartz.core.QuartzScheduler' - running locally.
  NOT STARTED.
  Currently in standby mode.
  Number of jobs executed: 0
  Using thread pool 'org.quartz.simpl.SimpleThreadPool' - with 10 threads.
  Using job-store 'org.quartz.simpl.RAMJobStore' - which does not support persistence. and is not clustered.

2020-07-06 09:18:59.333 [main] INFO  org.quartz.impl.StdSchedulerFactory - Quartz scheduler 'quartzScheduler' initialized from an externally provided properties instance.
2020-07-06 09:18:59.333 [main] INFO  org.quartz.impl.StdSchedulerFactory - Quartz scheduler version: 2.3.2
2020-07-06 09:18:59.334 [main] INFO  org.quartz.core.QuartzScheduler - JobFactory set to: org.springframework.scheduling.quartz.SpringBeanJobFactory@732f6050
2020-07-06 09:18:59.384 [main] INFO  org.apache.coyote.http11.Http11NioProtocol - Starting ProtocolHandler ["http-nio-80"]
2020-07-06 09:18:59.413 [main] INFO  o.s.boot.web.embedded.tomcat.TomcatWebServer - Tomcat started on port(s): 80 (http) with context path ''
2020-07-06 09:18:59.414 [main] INFO  s.d.s.web.plugins.DocumentationPluginsBootstrapper - Context refreshed
2020-07-06 09:18:59.434 [main] INFO  s.d.s.web.plugins.DocumentationPluginsBootstrapper - Found 1 custom documentation plugin(s)
2020-07-06 09:18:59.467 [main] INFO  s.d.spring.web.scanners.ApiListingReferenceScanner - Scanning for api listing references
2020-07-06 09:18:59.613 [main] INFO  s.d.s.w.r.operation.CachingOperationNameGenerator - Generating unique operation named: getSelectListUsingPOST_1
2020-07-06 09:18:59.630 [main] INFO  s.d.s.w.r.operation.CachingOperationNameGenerator - Generating unique operation named: getSelectListUsingPOST_2
2020-07-06 09:18:59.655 [main] INFO  s.d.s.w.r.operation.CachingOperationNameGenerator - Generating unique operation named: getListUsingPOST_1
2020-07-06 09:18:59.667 [main] INFO  s.d.s.w.r.operation.CachingOperationNameGenerator - Generating unique operation named: getListUsingPOST_2
2020-07-06 09:18:59.674 [main] INFO  s.d.s.w.r.operation.CachingOperationNameGenerator - Generating unique operation named: getListUsingPOST_3
2020-07-06 09:18:59.707 [main] INFO  s.d.s.w.r.operation.CachingOperationNameGenerator - Generating unique operation named: checkGoodsUsingPOST_1
2020-07-06 09:18:59.718 [main] INFO  s.d.s.w.r.operation.CachingOperationNameGenerator - Generating unique operation named: addDetailsUsingPOST_1
2020-07-06 09:18:59.719 [main] INFO  s.d.s.w.r.operation.CachingOperationNameGenerator - Generating unique operation named: updateDetailsUsingPOST_1
2020-07-06 09:18:59.732 [main] INFO  s.d.s.w.r.operation.CachingOperationNameGenerator - Generating unique operation named: getSelectListUsingPOST_3
2020-07-06 09:18:59.735 [main] INFO  s.d.s.w.r.operation.CachingOperationNameGenerator - Generating unique operation named: getWarehouseListUsingPOST_1
2020-07-06 09:18:59.750 [main] INFO  o.s.scheduling.quartz.SchedulerFactoryBean - Starting Quartz Scheduler now
2020-07-06 09:18:59.751 [main] INFO  org.quartz.core.QuartzScheduler - Scheduler quartzScheduler_$_NON_CLUSTERED started.
2020-07-06 09:18:59.759 [main] INFO  com.swj.WarehouseApplication - Started WarehouseApplication in 3.669 seconds (JVM running for 4.262)
2020-07-06 09:19:23.989 [SpringContextShutdownHook] INFO  org.quartz.core.QuartzScheduler - Scheduler quartzScheduler_$_NON_CLUSTERED paused.
2020-07-06 09:19:24.004 [SpringContextShutdownHook] INFO  o.s.scheduling.quartz.SchedulerFactoryBean - Shutting down Quartz Scheduler
2020-07-06 09:19:24.005 [SpringContextShutdownHook] INFO  org.quartz.core.QuartzScheduler - Scheduler quartzScheduler_$_NON_CLUSTERED shutting down.
2020-07-06 09:19:24.005 [SpringContextShutdownHook] INFO  org.quartz.core.QuartzScheduler - Scheduler quartzScheduler_$_NON_CLUSTERED paused.
2020-07-06 09:19:24.005 [SpringContextShutdownHook] INFO  org.quartz.core.QuartzScheduler - Scheduler quartzScheduler_$_NON_CLUSTERED shutdown complete.
2020-07-06 09:19:24.006 [SpringContextShutdownHook] INFO  o.s.scheduling.concurrent.ThreadPoolTaskExecutor - Shutting down ExecutorService 'applicationTaskExecutor'
2020-07-06 09:35:35.279 [main] INFO  com.swj.WarehouseApplication - Starting WarehouseApplication on MacBook-Pro with PID 25908 (/Users/macbookpro/IdeaProjects/gxc/target/classes started by macbookpro in /Users/macbookpro/IdeaProjects/gxc)
2020-07-06 09:35:35.282 [main] INFO  com.swj.WarehouseApplication - The following profiles are active: dev
2020-07-06 09:35:36.726 [main] INFO  o.s.boot.web.embedded.tomcat.TomcatWebServer - Tomcat initialized with port(s): 80 (http)
2020-07-06 09:35:36.733 [main] INFO  org.apache.coyote.http11.Http11NioProtocol - Initializing ProtocolHandler ["http-nio-80"]
2020-07-06 09:35:36.734 [main] INFO  org.apache.catalina.core.StandardService - Starting service [Tomcat]
2020-07-06 09:35:36.734 [main] INFO  org.apache.catalina.core.StandardEngine - Starting Servlet engine: [Apache Tomcat/9.0.35]
2020-07-06 09:35:36.788 [main] INFO  o.a.c.core.ContainerBase.[Tomcat].[localhost].[/] - Initializing Spring embedded WebApplicationContext
2020-07-06 09:35:36.789 [main] INFO  org.springframework.web.context.ContextLoader - Root WebApplicationContext: initialization completed in 1472 ms
2020-07-06 09:35:37.913 [main] INFO  s.d.s.w.PropertySourcedRequestMappingHandlerMapping - Mapped URL path [/v2/api-docs] onto method [springfox.documentation.swagger2.web.Swagger2Controller#getDocumentation(String, HttpServletRequest)]
2020-07-06 09:35:37.976 [main] INFO  o.s.scheduling.concurrent.ThreadPoolTaskExecutor - Initializing ExecutorService 'applicationTaskExecutor'
2020-07-06 09:35:38.083 [main] INFO  org.quartz.impl.StdSchedulerFactory - Using default implementation for ThreadExecutor
2020-07-06 09:35:38.090 [main] INFO  org.quartz.core.SchedulerSignalerImpl - Initialized Scheduler Signaller of type: class org.quartz.core.SchedulerSignalerImpl
2020-07-06 09:35:38.090 [main] INFO  org.quartz.core.QuartzScheduler - Quartz Scheduler v.2.3.2 created.
2020-07-06 09:35:38.091 [main] INFO  org.quartz.simpl.RAMJobStore - RAMJobStore initialized.
2020-07-06 09:35:38.091 [main] INFO  org.quartz.core.QuartzScheduler - Scheduler meta-data: Quartz Scheduler (v2.3.2) 'quartzScheduler' with instanceId 'NON_CLUSTERED'
  Scheduler class: 'org.quartz.core.QuartzScheduler' - running locally.
  NOT STARTED.
  Currently in standby mode.
  Number of jobs executed: 0
  Using thread pool 'org.quartz.simpl.SimpleThreadPool' - with 10 threads.
  Using job-store 'org.quartz.simpl.RAMJobStore' - which does not support persistence. and is not clustered.

2020-07-06 09:35:38.091 [main] INFO  org.quartz.impl.StdSchedulerFactory - Quartz scheduler 'quartzScheduler' initialized from an externally provided properties instance.
2020-07-06 09:35:38.091 [main] INFO  org.quartz.impl.StdSchedulerFactory - Quartz scheduler version: 2.3.2
2020-07-06 09:35:38.092 [main] INFO  org.quartz.core.QuartzScheduler - JobFactory set to: org.springframework.scheduling.quartz.SpringBeanJobFactory@30c4e352
2020-07-06 09:35:38.138 [main] INFO  org.apache.coyote.http11.Http11NioProtocol - Starting ProtocolHandler ["http-nio-80"]
2020-07-06 09:35:38.166 [main] INFO  o.s.boot.web.embedded.tomcat.TomcatWebServer - Tomcat started on port(s): 80 (http) with context path ''
2020-07-06 09:35:38.167 [main] INFO  s.d.s.web.plugins.DocumentationPluginsBootstrapper - Context refreshed
2020-07-06 09:35:38.178 [main] INFO  s.d.s.web.plugins.DocumentationPluginsBootstrapper - Found 1 custom documentation plugin(s)
2020-07-06 09:35:38.210 [main] INFO  s.d.spring.web.scanners.ApiListingReferenceScanner - Scanning for api listing references
2020-07-06 09:35:38.341 [main] INFO  s.d.s.w.r.operation.CachingOperationNameGenerator - Generating unique operation named: getSelectListUsingPOST_1
2020-07-06 09:35:38.359 [main] INFO  s.d.s.w.r.operation.CachingOperationNameGenerator - Generating unique operation named: getSelectListUsingPOST_2
2020-07-06 09:35:38.388 [main] INFO  s.d.s.w.r.operation.CachingOperationNameGenerator - Generating unique operation named: getListUsingPOST_1
2020-07-06 09:35:38.401 [main] INFO  s.d.s.w.r.operation.CachingOperationNameGenerator - Generating unique operation named: getListUsingPOST_2
2020-07-06 09:35:38.408 [main] INFO  s.d.s.w.r.operation.CachingOperationNameGenerator - Generating unique operation named: getListUsingPOST_3
2020-07-06 09:35:38.451 [main] INFO  s.d.s.w.r.operation.CachingOperationNameGenerator - Generating unique operation named: checkGoodsUsingPOST_1
2020-07-06 09:35:38.466 [main] INFO  s.d.s.w.r.operation.CachingOperationNameGenerator - Generating unique operation named: addDetailsUsingPOST_1
2020-07-06 09:35:38.467 [main] INFO  s.d.s.w.r.operation.CachingOperationNameGenerator - Generating unique operation named: updateDetailsUsingPOST_1
2020-07-06 09:35:38.481 [main] INFO  s.d.s.w.r.operation.CachingOperationNameGenerator - Generating unique operation named: getSelectListUsingPOST_3
2020-07-06 09:35:38.484 [main] INFO  s.d.s.w.r.operation.CachingOperationNameGenerator - Generating unique operation named: getWarehouseListUsingPOST_1
2020-07-06 09:35:38.493 [main] INFO  o.s.scheduling.quartz.SchedulerFactoryBean - Starting Quartz Scheduler now
2020-07-06 09:35:38.493 [main] INFO  org.quartz.core.QuartzScheduler - Scheduler quartzScheduler_$_NON_CLUSTERED started.
2020-07-06 09:35:38.502 [main] INFO  com.swj.WarehouseApplication - Started WarehouseApplication in 3.574 seconds (JVM running for 4.201)
2020-07-06 09:38:15.994 [http-nio-80-exec-1] INFO  o.a.c.core.ContainerBase.[Tomcat].[localhost].[/] - Initializing Spring DispatcherServlet 'dispatcherServlet'
2020-07-06 09:38:15.995 [http-nio-80-exec-1] INFO  org.springframework.web.servlet.DispatcherServlet - Initializing Servlet 'dispatcherServlet'
2020-07-06 09:38:16.004 [http-nio-80-exec-1] INFO  org.springframework.web.servlet.DispatcherServlet - Completed initialization in 9 ms
2020-07-06 09:38:49.423 [http-nio-80-exec-6] INFO  com.zaxxer.hikari.HikariDataSource - HikariPool-1 - Starting...
2020-07-06 09:38:49.866 [http-nio-80-exec-6] INFO  com.zaxxer.hikari.HikariDataSource - HikariPool-1 - Start completed.
2020-07-06 10:01:54.190 [SpringContextShutdownHook] INFO  org.quartz.core.QuartzScheduler - Scheduler quartzScheduler_$_NON_CLUSTERED paused.
2020-07-06 10:01:54.206 [SpringContextShutdownHook] INFO  o.s.scheduling.quartz.SchedulerFactoryBean - Shutting down Quartz Scheduler
2020-07-06 10:01:54.206 [SpringContextShutdownHook] INFO  org.quartz.core.QuartzScheduler - Scheduler quartzScheduler_$_NON_CLUSTERED shutting down.
2020-07-06 10:01:54.206 [SpringContextShutdownHook] INFO  org.quartz.core.QuartzScheduler - Scheduler quartzScheduler_$_NON_CLUSTERED paused.
2020-07-06 10:01:54.206 [SpringContextShutdownHook] INFO  org.quartz.core.QuartzScheduler - Scheduler quartzScheduler_$_NON_CLUSTERED shutdown complete.
2020-07-06 10:01:54.207 [SpringContextShutdownHook] INFO  o.s.scheduling.concurrent.ThreadPoolTaskExecutor - Shutting down ExecutorService 'applicationTaskExecutor'
2020-07-06 10:01:54.209 [SpringContextShutdownHook] INFO  com.zaxxer.hikari.HikariDataSource - HikariPool-1 - Shutdown initiated...
2020-07-06 10:01:54.217 [SpringContextShutdownHook] INFO  com.zaxxer.hikari.HikariDataSource - HikariPool-1 - Shutdown completed.
2020-07-06 10:11:13.474 [main] INFO  com.swj.WarehouseApplication - Starting WarehouseApplication on MacBook-Pro with PID 26114 (/Users/macbookpro/IdeaProjects/gxc/target/classes started by macbookpro in /Users/macbookpro/IdeaProjects/gxc)
2020-07-06 10:11:13.479 [main] INFO  com.swj.WarehouseApplication - The following profiles are active: dev
2020-07-06 10:11:14.871 [main] INFO  o.s.boot.web.embedded.tomcat.TomcatWebServer - Tomcat initialized with port(s): 80 (http)
2020-07-06 10:11:14.878 [main] INFO  org.apache.coyote.http11.Http11NioProtocol - Initializing ProtocolHandler ["http-nio-80"]
2020-07-06 10:11:14.879 [main] INFO  org.apache.catalina.core.StandardService - Starting service [Tomcat]
2020-07-06 10:11:14.879 [main] INFO  org.apache.catalina.core.StandardEngine - Starting Servlet engine: [Apache Tomcat/9.0.35]
2020-07-06 10:11:14.943 [main] INFO  o.a.c.core.ContainerBase.[Tomcat].[localhost].[/] - Initializing Spring embedded WebApplicationContext
2020-07-06 10:11:14.944 [main] INFO  org.springframework.web.context.ContextLoader - Root WebApplicationContext: initialization completed in 1426 ms
2020-07-06 10:11:16.021 [main] INFO  s.d.s.w.PropertySourcedRequestMappingHandlerMapping - Mapped URL path [/v2/api-docs] onto method [springfox.documentation.swagger2.web.Swagger2Controller#getDocumentation(String, HttpServletRequest)]
2020-07-06 10:11:16.078 [main] INFO  o.s.scheduling.concurrent.ThreadPoolTaskExecutor - Initializing ExecutorService 'applicationTaskExecutor'
2020-07-06 10:11:16.180 [main] INFO  org.quartz.impl.StdSchedulerFactory - Using default implementation for ThreadExecutor
2020-07-06 10:11:16.187 [main] INFO  org.quartz.core.SchedulerSignalerImpl - Initialized Scheduler Signaller of type: class org.quartz.core.SchedulerSignalerImpl
2020-07-06 10:11:16.187 [main] INFO  org.quartz.core.QuartzScheduler - Quartz Scheduler v.2.3.2 created.
2020-07-06 10:11:16.188 [main] INFO  org.quartz.simpl.RAMJobStore - RAMJobStore initialized.
2020-07-06 10:11:16.188 [main] INFO  org.quartz.core.QuartzScheduler - Scheduler meta-data: Quartz Scheduler (v2.3.2) 'quartzScheduler' with instanceId 'NON_CLUSTERED'
  Scheduler class: 'org.quartz.core.QuartzScheduler' - running locally.
  NOT STARTED.
  Currently in standby mode.
  Number of jobs executed: 0
  Using thread pool 'org.quartz.simpl.SimpleThreadPool' - with 10 threads.
  Using job-store 'org.quartz.simpl.RAMJobStore' - which does not support persistence. and is not clustered.

2020-07-06 10:11:16.188 [main] INFO  org.quartz.impl.StdSchedulerFactory - Quartz scheduler 'quartzScheduler' initialized from an externally provided properties instance.
2020-07-06 10:11:16.188 [main] INFO  org.quartz.impl.StdSchedulerFactory - Quartz scheduler version: 2.3.2
2020-07-06 10:11:16.189 [main] INFO  org.quartz.core.QuartzScheduler - JobFactory set to: org.springframework.scheduling.quartz.SpringBeanJobFactory@68a78f3c
2020-07-06 10:11:16.233 [main] INFO  org.apache.coyote.http11.Http11NioProtocol - Starting ProtocolHandler ["http-nio-80"]
2020-07-06 10:11:16.256 [main] INFO  o.s.boot.web.embedded.tomcat.TomcatWebServer - Tomcat started on port(s): 80 (http) with context path ''
2020-07-06 10:11:16.257 [main] INFO  s.d.s.web.plugins.DocumentationPluginsBootstrapper - Context refreshed
2020-07-06 10:11:16.266 [main] INFO  s.d.s.web.plugins.DocumentationPluginsBootstrapper - Found 1 custom documentation plugin(s)
2020-07-06 10:11:16.289 [main] INFO  s.d.spring.web.scanners.ApiListingReferenceScanner - Scanning for api listing references
2020-07-06 10:11:16.415 [main] INFO  s.d.s.w.r.operation.CachingOperationNameGenerator - Generating unique operation named: getSelectListUsingPOST_1
2020-07-06 10:11:16.433 [main] INFO  s.d.s.w.r.operation.CachingOperationNameGenerator - Generating unique operation named: getSelectListUsingPOST_2
2020-07-06 10:11:16.457 [main] INFO  s.d.s.w.r.operation.CachingOperationNameGenerator - Generating unique operation named: getListUsingPOST_1
2020-07-06 10:11:16.467 [main] INFO  s.d.s.w.r.operation.CachingOperationNameGenerator - Generating unique operation named: getListUsingPOST_2
2020-07-06 10:11:16.473 [main] INFO  s.d.s.w.r.operation.CachingOperationNameGenerator - Generating unique operation named: getListUsingPOST_3
2020-07-06 10:11:16.515 [main] INFO  s.d.s.w.r.operation.CachingOperationNameGenerator - Generating unique operation named: checkGoodsUsingPOST_1
2020-07-06 10:11:16.533 [main] INFO  s.d.s.w.r.operation.CachingOperationNameGenerator - Generating unique operation named: addDetailsUsingPOST_1
2020-07-06 10:11:16.536 [main] INFO  s.d.s.w.r.operation.CachingOperationNameGenerator - Generating unique operation named: updateDetailsUsingPOST_1
2020-07-06 10:11:16.552 [main] INFO  s.d.s.w.r.operation.CachingOperationNameGenerator - Generating unique operation named: getSelectListUsingPOST_3
2020-07-06 10:11:16.555 [main] INFO  s.d.s.w.r.operation.CachingOperationNameGenerator - Generating unique operation named: getWarehouseListUsingPOST_1
2020-07-06 10:11:16.568 [main] INFO  o.s.scheduling.quartz.SchedulerFactoryBean - Starting Quartz Scheduler now
2020-07-06 10:11:16.568 [main] INFO  org.quartz.core.QuartzScheduler - Scheduler quartzScheduler_$_NON_CLUSTERED started.
2020-07-06 10:11:16.579 [main] INFO  com.swj.WarehouseApplication - Started WarehouseApplication in 3.506 seconds (JVM running for 4.042)
2020-07-06 11:00:00.082 [quartzScheduler_Worker-1] INFO  com.zaxxer.hikari.HikariDataSource - HikariPool-1 - Starting...
2020-07-06 11:00:00.386 [quartzScheduler_Worker-1] INFO  com.zaxxer.hikari.HikariDataSource - HikariPool-1 - Start completed.
2020-07-06 13:53:57.873 [SpringContextShutdownHook] INFO  org.quartz.core.QuartzScheduler - Scheduler quartzScheduler_$_NON_CLUSTERED paused.
2020-07-06 13:53:57.888 [SpringContextShutdownHook] INFO  o.s.scheduling.quartz.SchedulerFactoryBean - Shutting down Quartz Scheduler
2020-07-06 13:53:57.888 [SpringContextShutdownHook] INFO  org.quartz.core.QuartzScheduler - Scheduler quartzScheduler_$_NON_CLUSTERED shutting down.
2020-07-06 13:53:57.888 [SpringContextShutdownHook] INFO  org.quartz.core.QuartzScheduler - Scheduler quartzScheduler_$_NON_CLUSTERED paused.
2020-07-06 13:53:57.888 [SpringContextShutdownHook] INFO  org.quartz.core.QuartzScheduler - Scheduler quartzScheduler_$_NON_CLUSTERED shutdown complete.
2020-07-06 13:53:57.889 [SpringContextShutdownHook] INFO  o.s.scheduling.concurrent.ThreadPoolTaskExecutor - Shutting down ExecutorService 'applicationTaskExecutor'
2020-07-06 13:53:57.892 [SpringContextShutdownHook] INFO  com.zaxxer.hikari.HikariDataSource - HikariPool-1 - Shutdown initiated...
2020-07-06 13:53:57.898 [SpringContextShutdownHook] INFO  com.zaxxer.hikari.HikariDataSource - HikariPool-1 - Shutdown completed.
2020-07-06 13:57:36.656 [main] INFO  com.swj.WarehouseApplication - Starting WarehouseApplication on MacBook-Pro with PID 26778 (/Users/macbookpro/IdeaProjects/gxc/target/classes started by macbookpro in /Users/macbookpro/IdeaProjects/gxc)
2020-07-06 13:57:36.660 [main] INFO  com.swj.WarehouseApplication - The following profiles are active: dev
2020-07-06 13:57:38.158 [main] INFO  o.s.boot.web.embedded.tomcat.TomcatWebServer - Tomcat initialized with port(s): 80 (http)
2020-07-06 13:57:38.168 [main] INFO  org.apache.coyote.http11.Http11NioProtocol - Initializing ProtocolHandler ["http-nio-80"]
2020-07-06 13:57:38.169 [main] INFO  org.apache.catalina.core.StandardService - Starting service [Tomcat]
2020-07-06 13:57:38.170 [main] INFO  org.apache.catalina.core.StandardEngine - Starting Servlet engine: [Apache Tomcat/9.0.35]
2020-07-06 13:57:38.232 [main] INFO  o.a.c.core.ContainerBase.[Tomcat].[localhost].[/] - Initializing Spring embedded WebApplicationContext
2020-07-06 13:57:38.232 [main] INFO  org.springframework.web.context.ContextLoader - Root WebApplicationContext: initialization completed in 1525 ms
2020-07-06 13:57:39.336 [main] INFO  s.d.s.w.PropertySourcedRequestMappingHandlerMapping - Mapped URL path [/v2/api-docs] onto method [springfox.documentation.swagger2.web.Swagger2Controller#getDocumentation(String, HttpServletRequest)]
2020-07-06 13:57:39.405 [main] INFO  o.s.scheduling.concurrent.ThreadPoolTaskExecutor - Initializing ExecutorService 'applicationTaskExecutor'
2020-07-06 13:57:39.530 [main] INFO  org.quartz.impl.StdSchedulerFactory - Using default implementation for ThreadExecutor
2020-07-06 13:57:39.538 [main] INFO  org.quartz.core.SchedulerSignalerImpl - Initialized Scheduler Signaller of type: class org.quartz.core.SchedulerSignalerImpl
2020-07-06 13:57:39.538 [main] INFO  org.quartz.core.QuartzScheduler - Quartz Scheduler v.2.3.2 created.
2020-07-06 13:57:39.539 [main] INFO  org.quartz.simpl.RAMJobStore - RAMJobStore initialized.
2020-07-06 13:57:39.540 [main] INFO  org.quartz.core.QuartzScheduler - Scheduler meta-data: Quartz Scheduler (v2.3.2) 'quartzScheduler' with instanceId 'NON_CLUSTERED'
  Scheduler class: 'org.quartz.core.QuartzScheduler' - running locally.
  NOT STARTED.
  Currently in standby mode.
  Number of jobs executed: 0
  Using thread pool 'org.quartz.simpl.SimpleThreadPool' - with 10 threads.
  Using job-store 'org.quartz.simpl.RAMJobStore' - which does not support persistence. and is not clustered.

2020-07-06 13:57:39.540 [main] INFO  org.quartz.impl.StdSchedulerFactory - Quartz scheduler 'quartzScheduler' initialized from an externally provided properties instance.
2020-07-06 13:57:39.541 [main] INFO  org.quartz.impl.StdSchedulerFactory - Quartz scheduler version: 2.3.2
2020-07-06 13:57:39.541 [main] INFO  org.quartz.core.QuartzScheduler - JobFactory set to: org.springframework.scheduling.quartz.SpringBeanJobFactory@ebda593
2020-07-06 13:57:39.592 [main] INFO  org.apache.coyote.http11.Http11NioProtocol - Starting ProtocolHandler ["http-nio-80"]
2020-07-06 13:57:39.617 [main] INFO  o.s.boot.web.embedded.tomcat.TomcatWebServer - Tomcat started on port(s): 80 (http) with context path ''
2020-07-06 13:57:39.617 [main] INFO  s.d.s.web.plugins.DocumentationPluginsBootstrapper - Context refreshed
2020-07-06 13:57:39.627 [main] INFO  s.d.s.web.plugins.DocumentationPluginsBootstrapper - Found 1 custom documentation plugin(s)
2020-07-06 13:57:39.650 [main] INFO  s.d.spring.web.scanners.ApiListingReferenceScanner - Scanning for api listing references
2020-07-06 13:57:39.794 [main] INFO  s.d.s.w.r.operation.CachingOperationNameGenerator - Generating unique operation named: getSelectListUsingPOST_1
2020-07-06 13:57:39.819 [main] INFO  s.d.s.w.r.operation.CachingOperationNameGenerator - Generating unique operation named: getSelectListUsingPOST_2
2020-07-06 13:57:39.851 [main] INFO  s.d.s.w.r.operation.CachingOperationNameGenerator - Generating unique operation named: getListUsingPOST_1
2020-07-06 13:57:39.862 [main] INFO  s.d.s.w.r.operation.CachingOperationNameGenerator - Generating unique operation named: getListUsingPOST_2
2020-07-06 13:57:39.870 [main] INFO  s.d.s.w.r.operation.CachingOperationNameGenerator - Generating unique operation named: getListUsingPOST_3
2020-07-06 13:57:39.908 [main] INFO  s.d.s.w.r.operation.CachingOperationNameGenerator - Generating unique operation named: checkGoodsUsingPOST_1
2020-07-06 13:57:39.923 [main] INFO  s.d.s.w.r.operation.CachingOperationNameGenerator - Generating unique operation named: addDetailsUsingPOST_1
2020-07-06 13:57:39.924 [main] INFO  s.d.s.w.r.operation.CachingOperationNameGenerator - Generating unique operation named: updateDetailsUsingPOST_1
2020-07-06 13:57:39.939 [main] INFO  s.d.s.w.r.operation.CachingOperationNameGenerator - Generating unique operation named: getSelectListUsingPOST_3
2020-07-06 13:57:39.942 [main] INFO  s.d.s.w.r.operation.CachingOperationNameGenerator - Generating unique operation named: getWarehouseListUsingPOST_1
2020-07-06 13:57:39.951 [main] INFO  o.s.scheduling.quartz.SchedulerFactoryBean - Starting Quartz Scheduler now
2020-07-06 13:57:39.951 [main] INFO  org.quartz.core.QuartzScheduler - Scheduler quartzScheduler_$_NON_CLUSTERED started.
2020-07-06 13:57:39.961 [main] INFO  com.swj.WarehouseApplication - Started WarehouseApplication in 3.685 seconds (JVM running for 4.301)
2020-07-06 13:59:18.975 [http-nio-80-exec-1] INFO  o.a.c.core.ContainerBase.[Tomcat].[localhost].[/] - Initializing Spring DispatcherServlet 'dispatcherServlet'
2020-07-06 13:59:18.976 [http-nio-80-exec-1] INFO  org.springframework.web.servlet.DispatcherServlet - Initializing Servlet 'dispatcherServlet'
2020-07-06 13:59:18.983 [http-nio-80-exec-1] INFO  org.springframework.web.servlet.DispatcherServlet - Completed initialization in 7 ms
2020-07-06 13:59:39.489 [http-nio-80-exec-3] INFO  com.zaxxer.hikari.HikariDataSource - HikariPool-1 - Starting...
2020-07-06 13:59:39.778 [http-nio-80-exec-3] INFO  com.zaxxer.hikari.HikariDataSource - HikariPool-1 - Start completed.
2020-07-06 14:05:58.733 [SpringContextShutdownHook] INFO  org.quartz.core.QuartzScheduler - Scheduler quartzScheduler_$_NON_CLUSTERED paused.
2020-07-06 14:05:58.747 [SpringContextShutdownHook] INFO  o.s.scheduling.quartz.SchedulerFactoryBean - Shutting down Quartz Scheduler
2020-07-06 14:05:58.748 [SpringContextShutdownHook] INFO  org.quartz.core.QuartzScheduler - Scheduler quartzScheduler_$_NON_CLUSTERED shutting down.
2020-07-06 14:05:58.748 [SpringContextShutdownHook] INFO  org.quartz.core.QuartzScheduler - Scheduler quartzScheduler_$_NON_CLUSTERED paused.
2020-07-06 14:05:58.748 [SpringContextShutdownHook] INFO  org.quartz.core.QuartzScheduler - Scheduler quartzScheduler_$_NON_CLUSTERED shutdown complete.
2020-07-06 14:05:58.749 [SpringContextShutdownHook] INFO  o.s.scheduling.concurrent.ThreadPoolTaskExecutor - Shutting down ExecutorService 'applicationTaskExecutor'
2020-07-06 14:05:58.751 [SpringContextShutdownHook] INFO  com.zaxxer.hikari.HikariDataSource - HikariPool-1 - Shutdown initiated...
2020-07-06 14:05:58.757 [SpringContextShutdownHook] INFO  com.zaxxer.hikari.HikariDataSource - HikariPool-1 - Shutdown completed.
2020-07-06 14:06:06.146 [main] INFO  com.swj.WarehouseApplication - Starting WarehouseApplication on MacBook-Pro with PID 26822 (/Users/macbookpro/IdeaProjects/gxc/target/classes started by macbookpro in /Users/macbookpro/IdeaProjects/gxc)
2020-07-06 14:06:06.148 [main] INFO  com.swj.WarehouseApplication - The following profiles are active: dev
2020-07-06 14:06:07.368 [main] INFO  o.s.boot.web.embedded.tomcat.TomcatWebServer - Tomcat initialized with port(s): 80 (http)
2020-07-06 14:06:07.375 [main] INFO  org.apache.coyote.http11.Http11NioProtocol - Initializing ProtocolHandler ["http-nio-80"]
2020-07-06 14:06:07.376 [main] INFO  org.apache.catalina.core.StandardService - Starting service [Tomcat]
2020-07-06 14:06:07.376 [main] INFO  org.apache.catalina.core.StandardEngine - Starting Servlet engine: [Apache Tomcat/9.0.35]
2020-07-06 14:06:07.429 [main] INFO  o.a.c.core.ContainerBase.[Tomcat].[localhost].[/] - Initializing Spring embedded WebApplicationContext
2020-07-06 14:06:07.429 [main] INFO  org.springframework.web.context.ContextLoader - Root WebApplicationContext: initialization completed in 1248 ms
2020-07-06 14:06:08.589 [main] INFO  s.d.s.w.PropertySourcedRequestMappingHandlerMapping - Mapped URL path [/v2/api-docs] onto method [springfox.documentation.swagger2.web.Swagger2Controller#getDocumentation(String, HttpServletRequest)]
2020-07-06 14:06:08.658 [main] INFO  o.s.scheduling.concurrent.ThreadPoolTaskExecutor - Initializing ExecutorService 'applicationTaskExecutor'
2020-07-06 14:06:08.789 [main] INFO  org.quartz.impl.StdSchedulerFactory - Using default implementation for ThreadExecutor
2020-07-06 14:06:08.798 [main] INFO  org.quartz.core.SchedulerSignalerImpl - Initialized Scheduler Signaller of type: class org.quartz.core.SchedulerSignalerImpl
2020-07-06 14:06:08.799 [main] INFO  org.quartz.core.QuartzScheduler - Quartz Scheduler v.2.3.2 created.
2020-07-06 14:06:08.800 [main] INFO  org.quartz.simpl.RAMJobStore - RAMJobStore initialized.
2020-07-06 14:06:08.801 [main] INFO  org.quartz.core.QuartzScheduler - Scheduler meta-data: Quartz Scheduler (v2.3.2) 'quartzScheduler' with instanceId 'NON_CLUSTERED'
  Scheduler class: 'org.quartz.core.QuartzScheduler' - running locally.
  NOT STARTED.
  Currently in standby mode.
  Number of jobs executed: 0
  Using thread pool 'org.quartz.simpl.SimpleThreadPool' - with 10 threads.
  Using job-store 'org.quartz.simpl.RAMJobStore' - which does not support persistence. and is not clustered.

2020-07-06 14:06:08.802 [main] INFO  org.quartz.impl.StdSchedulerFactory - Quartz scheduler 'quartzScheduler' initialized from an externally provided properties instance.
2020-07-06 14:06:08.802 [main] INFO  org.quartz.impl.StdSchedulerFactory - Quartz scheduler version: 2.3.2
2020-07-06 14:06:08.803 [main] INFO  org.quartz.core.QuartzScheduler - JobFactory set to: org.springframework.scheduling.quartz.SpringBeanJobFactory@62f11ebb
2020-07-06 14:06:08.856 [main] INFO  org.apache.coyote.http11.Http11NioProtocol - Starting ProtocolHandler ["http-nio-80"]
2020-07-06 14:06:08.882 [main] INFO  o.s.boot.web.embedded.tomcat.TomcatWebServer - Tomcat started on port(s): 80 (http) with context path ''
2020-07-06 14:06:08.883 [main] INFO  s.d.s.web.plugins.DocumentationPluginsBootstrapper - Context refreshed
2020-07-06 14:06:08.893 [main] INFO  s.d.s.web.plugins.DocumentationPluginsBootstrapper - Found 1 custom documentation plugin(s)
2020-07-06 14:06:08.919 [main] INFO  s.d.spring.web.scanners.ApiListingReferenceScanner - Scanning for api listing references
2020-07-06 14:06:09.056 [main] INFO  s.d.s.w.r.operation.CachingOperationNameGenerator - Generating unique operation named: getSelectListUsingPOST_1
2020-07-06 14:06:09.074 [main] INFO  s.d.s.w.r.operation.CachingOperationNameGenerator - Generating unique operation named: getSelectListUsingPOST_2
2020-07-06 14:06:09.107 [main] INFO  s.d.s.w.r.operation.CachingOperationNameGenerator - Generating unique operation named: getListUsingPOST_1
2020-07-06 14:06:09.120 [main] INFO  s.d.s.w.r.operation.CachingOperationNameGenerator - Generating unique operation named: getListUsingPOST_2
2020-07-06 14:06:09.126 [main] INFO  s.d.s.w.r.operation.CachingOperationNameGenerator - Generating unique operation named: getListUsingPOST_3
2020-07-06 14:06:09.160 [main] INFO  s.d.s.w.r.operation.CachingOperationNameGenerator - Generating unique operation named: checkGoodsUsingPOST_1
2020-07-06 14:06:09.172 [main] INFO  s.d.s.w.r.operation.CachingOperationNameGenerator - Generating unique operation named: addDetailsUsingPOST_1
2020-07-06 14:06:09.174 [main] INFO  s.d.s.w.r.operation.CachingOperationNameGenerator - Generating unique operation named: updateDetailsUsingPOST_1
2020-07-06 14:06:09.189 [main] INFO  s.d.s.w.r.operation.CachingOperationNameGenerator - Generating unique operation named: getSelectListUsingPOST_3
2020-07-06 14:06:09.192 [main] INFO  s.d.s.w.r.operation.CachingOperationNameGenerator - Generating unique operation named: getWarehouseListUsingPOST_1
2020-07-06 14:06:09.201 [main] INFO  o.s.scheduling.quartz.SchedulerFactoryBean - Starting Quartz Scheduler now
2020-07-06 14:06:09.202 [main] INFO  org.quartz.core.QuartzScheduler - Scheduler quartzScheduler_$_NON_CLUSTERED started.
2020-07-06 14:06:09.212 [main] INFO  com.swj.WarehouseApplication - Started WarehouseApplication in 3.442 seconds (JVM running for 5.015)
2020-07-06 14:06:21.017 [http-nio-80-exec-1] INFO  o.a.c.core.ContainerBase.[Tomcat].[localhost].[/] - Initializing Spring DispatcherServlet 'dispatcherServlet'
2020-07-06 14:06:21.017 [http-nio-80-exec-1] INFO  org.springframework.web.servlet.DispatcherServlet - Initializing Servlet 'dispatcherServlet'
2020-07-06 14:06:21.024 [http-nio-80-exec-1] INFO  org.springframework.web.servlet.DispatcherServlet - Completed initialization in 7 ms
2020-07-06 14:06:21.133 [http-nio-80-exec-1] INFO  com.zaxxer.hikari.HikariDataSource - HikariPool-1 - Starting...
2020-07-06 14:06:21.437 [http-nio-80-exec-1] INFO  com.zaxxer.hikari.HikariDataSource - HikariPool-1 - Start completed.
2020-07-06 14:09:45.069 [SpringContextShutdownHook] INFO  org.quartz.core.QuartzScheduler - Scheduler quartzScheduler_$_NON_CLUSTERED paused.
2020-07-06 14:09:45.086 [SpringContextShutdownHook] INFO  o.s.scheduling.quartz.SchedulerFactoryBean - Shutting down Quartz Scheduler
2020-07-06 14:09:45.086 [SpringContextShutdownHook] INFO  org.quartz.core.QuartzScheduler - Scheduler quartzScheduler_$_NON_CLUSTERED shutting down.
2020-07-06 14:09:45.086 [SpringContextShutdownHook] INFO  org.quartz.core.QuartzScheduler - Scheduler quartzScheduler_$_NON_CLUSTERED paused.
2020-07-06 14:09:45.086 [SpringContextShutdownHook] INFO  org.quartz.core.QuartzScheduler - Scheduler quartzScheduler_$_NON_CLUSTERED shutdown complete.
2020-07-06 14:09:45.087 [SpringContextShutdownHook] INFO  o.s.scheduling.concurrent.ThreadPoolTaskExecutor - Shutting down ExecutorService 'applicationTaskExecutor'
2020-07-06 14:09:45.090 [SpringContextShutdownHook] INFO  com.zaxxer.hikari.HikariDataSource - HikariPool-1 - Shutdown initiated...
2020-07-06 14:09:45.098 [SpringContextShutdownHook] INFO  com.zaxxer.hikari.HikariDataSource - HikariPool-1 - Shutdown completed.
2020-07-06 14:09:49.654 [main] INFO  com.swj.WarehouseApplication - Starting WarehouseApplication on MacBook-Pro with PID 26838 (/Users/macbookpro/IdeaProjects/gxc/target/classes started by macbookpro in /Users/macbookpro/IdeaProjects/gxc)
2020-07-06 14:09:49.657 [main] INFO  com.swj.WarehouseApplication - The following profiles are active: dev
2020-07-06 14:09:51.128 [main] INFO  o.s.boot.web.embedded.tomcat.TomcatWebServer - Tomcat initialized with port(s): 80 (http)
2020-07-06 14:09:51.136 [main] INFO  org.apache.coyote.http11.Http11NioProtocol - Initializing ProtocolHandler ["http-nio-80"]
2020-07-06 14:09:51.137 [main] INFO  org.apache.catalina.core.StandardService - Starting service [Tomcat]
2020-07-06 14:09:51.137 [main] INFO  org.apache.catalina.core.StandardEngine - Starting Servlet engine: [Apache Tomcat/9.0.35]
2020-07-06 14:09:51.195 [main] INFO  o.a.c.core.ContainerBase.[Tomcat].[localhost].[/] - Initializing Spring embedded WebApplicationContext
2020-07-06 14:09:51.196 [main] INFO  org.springframework.web.context.ContextLoader - Root WebApplicationContext: initialization completed in 1496 ms
2020-07-06 14:09:52.295 [main] INFO  s.d.s.w.PropertySourcedRequestMappingHandlerMapping - Mapped URL path [/v2/api-docs] onto method [springfox.documentation.swagger2.web.Swagger2Controller#getDocumentation(String, HttpServletRequest)]
2020-07-06 14:09:52.363 [main] INFO  o.s.scheduling.concurrent.ThreadPoolTaskExecutor - Initializing ExecutorService 'applicationTaskExecutor'
2020-07-06 14:09:52.480 [main] INFO  org.quartz.impl.StdSchedulerFactory - Using default implementation for ThreadExecutor
2020-07-06 14:09:52.486 [main] INFO  org.quartz.core.SchedulerSignalerImpl - Initialized Scheduler Signaller of type: class org.quartz.core.SchedulerSignalerImpl
2020-07-06 14:09:52.487 [main] INFO  org.quartz.core.QuartzScheduler - Quartz Scheduler v.2.3.2 created.
2020-07-06 14:09:52.487 [main] INFO  org.quartz.simpl.RAMJobStore - RAMJobStore initialized.
2020-07-06 14:09:52.488 [main] INFO  org.quartz.core.QuartzScheduler - Scheduler meta-data: Quartz Scheduler (v2.3.2) 'quartzScheduler' with instanceId 'NON_CLUSTERED'
  Scheduler class: 'org.quartz.core.QuartzScheduler' - running locally.
  NOT STARTED.
  Currently in standby mode.
  Number of jobs executed: 0
  Using thread pool 'org.quartz.simpl.SimpleThreadPool' - with 10 threads.
  Using job-store 'org.quartz.simpl.RAMJobStore' - which does not support persistence. and is not clustered.

2020-07-06 14:09:52.488 [main] INFO  org.quartz.impl.StdSchedulerFactory - Quartz scheduler 'quartzScheduler' initialized from an externally provided properties instance.
2020-07-06 14:09:52.488 [main] INFO  org.quartz.impl.StdSchedulerFactory - Quartz scheduler version: 2.3.2
2020-07-06 14:09:52.488 [main] INFO  org.quartz.core.QuartzScheduler - JobFactory set to: org.springframework.scheduling.quartz.SpringBeanJobFactory@78fe204a
2020-07-06 14:09:52.544 [main] INFO  org.apache.coyote.http11.Http11NioProtocol - Starting ProtocolHandler ["http-nio-80"]
2020-07-06 14:09:52.574 [main] INFO  o.s.boot.web.embedded.tomcat.TomcatWebServer - Tomcat started on port(s): 80 (http) with context path ''
2020-07-06 14:09:52.575 [main] INFO  s.d.s.web.plugins.DocumentationPluginsBootstrapper - Context refreshed
2020-07-06 14:09:52.588 [main] INFO  s.d.s.web.plugins.DocumentationPluginsBootstrapper - Found 1 custom documentation plugin(s)
2020-07-06 14:09:52.619 [main] INFO  s.d.spring.web.scanners.ApiListingReferenceScanner - Scanning for api listing references
2020-07-06 14:09:52.748 [main] INFO  s.d.s.w.r.operation.CachingOperationNameGenerator - Generating unique operation named: getSelectListUsingPOST_1
2020-07-06 14:09:52.771 [main] INFO  s.d.s.w.r.operation.CachingOperationNameGenerator - Generating unique operation named: getSelectListUsingPOST_2
2020-07-06 14:09:52.800 [main] INFO  s.d.s.w.r.operation.CachingOperationNameGenerator - Generating unique operation named: getListUsingPOST_1
2020-07-06 14:09:52.812 [main] INFO  s.d.s.w.r.operation.CachingOperationNameGenerator - Generating unique operation named: getListUsingPOST_2
2020-07-06 14:09:52.819 [main] INFO  s.d.s.w.r.operation.CachingOperationNameGenerator - Generating unique operation named: getListUsingPOST_3
2020-07-06 14:09:52.869 [main] INFO  s.d.s.w.r.operation.CachingOperationNameGenerator - Generating unique operation named: checkGoodsUsingPOST_1
2020-07-06 14:09:52.880 [main] INFO  s.d.s.w.r.operation.CachingOperationNameGenerator - Generating unique operation named: addDetailsUsingPOST_1
2020-07-06 14:09:52.881 [main] INFO  s.d.s.w.r.operation.CachingOperationNameGenerator - Generating unique operation named: updateDetailsUsingPOST_1
2020-07-06 14:09:52.894 [main] INFO  s.d.s.w.r.operation.CachingOperationNameGenerator - Generating unique operation named: getSelectListUsingPOST_3
2020-07-06 14:09:52.896 [main] INFO  s.d.s.w.r.operation.CachingOperationNameGenerator - Generating unique operation named: getWarehouseListUsingPOST_1
2020-07-06 14:09:52.904 [main] INFO  o.s.scheduling.quartz.SchedulerFactoryBean - Starting Quartz Scheduler now
2020-07-06 14:09:52.904 [main] INFO  org.quartz.core.QuartzScheduler - Scheduler quartzScheduler_$_NON_CLUSTERED started.
2020-07-06 14:09:52.913 [main] INFO  com.swj.WarehouseApplication - Started WarehouseApplication in 3.571 seconds (JVM running for 4.293)
2020-07-06 14:10:17.978 [http-nio-80-exec-1] INFO  o.a.c.core.ContainerBase.[Tomcat].[localhost].[/] - Initializing Spring DispatcherServlet 'dispatcherServlet'
2020-07-06 14:10:17.979 [http-nio-80-exec-1] INFO  org.springframework.web.servlet.DispatcherServlet - Initializing Servlet 'dispatcherServlet'
2020-07-06 14:10:17.985 [http-nio-80-exec-1] INFO  org.springframework.web.servlet.DispatcherServlet - Completed initialization in 6 ms
2020-07-06 14:10:18.265 [http-nio-80-exec-2] INFO  com.zaxxer.hikari.HikariDataSource - HikariPool-1 - Starting...
2020-07-06 14:10:18.579 [http-nio-80-exec-2] INFO  com.zaxxer.hikari.HikariDataSource - HikariPool-1 - Start completed.
2020-07-06 14:12:00.418 [SpringContextShutdownHook] INFO  org.quartz.core.QuartzScheduler - Scheduler quartzScheduler_$_NON_CLUSTERED paused.
2020-07-06 14:12:00.435 [SpringContextShutdownHook] INFO  o.s.scheduling.quartz.SchedulerFactoryBean - Shutting down Quartz Scheduler
2020-07-06 14:12:00.436 [SpringContextShutdownHook] INFO  org.quartz.core.QuartzScheduler - Scheduler quartzScheduler_$_NON_CLUSTERED shutting down.
2020-07-06 14:12:00.436 [SpringContextShutdownHook] INFO  org.quartz.core.QuartzScheduler - Scheduler quartzScheduler_$_NON_CLUSTERED paused.
2020-07-06 14:12:00.436 [SpringContextShutdownHook] INFO  org.quartz.core.QuartzScheduler - Scheduler quartzScheduler_$_NON_CLUSTERED shutdown complete.
2020-07-06 14:12:00.437 [SpringContextShutdownHook] INFO  o.s.scheduling.concurrent.ThreadPoolTaskExecutor - Shutting down ExecutorService 'applicationTaskExecutor'
2020-07-06 14:12:00.439 [SpringContextShutdownHook] INFO  com.zaxxer.hikari.HikariDataSource - HikariPool-1 - Shutdown initiated...
2020-07-06 14:12:00.446 [SpringContextShutdownHook] INFO  com.zaxxer.hikari.HikariDataSource - HikariPool-1 - Shutdown completed.
2020-07-06 14:12:05.463 [main] INFO  com.swj.WarehouseApplication - Starting WarehouseApplication on MacBook-Pro with PID 26858 (/Users/macbookpro/IdeaProjects/gxc/target/classes started by macbookpro in /Users/macbookpro/IdeaProjects/gxc)
2020-07-06 14:12:05.466 [main] INFO  com.swj.WarehouseApplication - The following profiles are active: dev
2020-07-06 14:12:06.796 [main] INFO  o.s.boot.web.embedded.tomcat.TomcatWebServer - Tomcat initialized with port(s): 80 (http)
2020-07-06 14:12:06.805 [main] INFO  org.apache.coyote.http11.Http11NioProtocol - Initializing ProtocolHandler ["http-nio-80"]
2020-07-06 14:12:06.805 [main] INFO  org.apache.catalina.core.StandardService - Starting service [Tomcat]
2020-07-06 14:12:06.806 [main] INFO  org.apache.catalina.core.StandardEngine - Starting Servlet engine: [Apache Tomcat/9.0.35]
2020-07-06 14:12:06.890 [main] INFO  o.a.c.core.ContainerBase.[Tomcat].[localhost].[/] - Initializing Spring embedded WebApplicationContext
2020-07-06 14:12:06.891 [main] INFO  org.springframework.web.context.ContextLoader - Root WebApplicationContext: initialization completed in 1370 ms
2020-07-06 14:12:08.336 [main] INFO  s.d.s.w.PropertySourcedRequestMappingHandlerMapping - Mapped URL path [/v2/api-docs] onto method [springfox.documentation.swagger2.web.Swagger2Controller#getDocumentation(String, HttpServletRequest)]
2020-07-06 14:12:08.434 [main] INFO  o.s.scheduling.concurrent.ThreadPoolTaskExecutor - Initializing ExecutorService 'applicationTaskExecutor'
2020-07-06 14:12:08.579 [main] INFO  org.quartz.impl.StdSchedulerFactory - Using default implementation for ThreadExecutor
2020-07-06 14:12:08.587 [main] INFO  org.quartz.core.SchedulerSignalerImpl - Initialized Scheduler Signaller of type: class org.quartz.core.SchedulerSignalerImpl
2020-07-06 14:12:08.587 [main] INFO  org.quartz.core.QuartzScheduler - Quartz Scheduler v.2.3.2 created.
2020-07-06 14:12:08.588 [main] INFO  org.quartz.simpl.RAMJobStore - RAMJobStore initialized.
2020-07-06 14:12:08.589 [main] INFO  org.quartz.core.QuartzScheduler - Scheduler meta-data: Quartz Scheduler (v2.3.2) 'quartzScheduler' with instanceId 'NON_CLUSTERED'
  Scheduler class: 'org.quartz.core.QuartzScheduler' - running locally.
  NOT STARTED.
  Currently in standby mode.
  Number of jobs executed: 0
  Using thread pool 'org.quartz.simpl.SimpleThreadPool' - with 10 threads.
  Using job-store 'org.quartz.simpl.RAMJobStore' - which does not support persistence. and is not clustered.

2020-07-06 14:12:08.589 [main] INFO  org.quartz.impl.StdSchedulerFactory - Quartz scheduler 'quartzScheduler' initialized from an externally provided properties instance.
2020-07-06 14:12:08.589 [main] INFO  org.quartz.impl.StdSchedulerFactory - Quartz scheduler version: 2.3.2
2020-07-06 14:12:08.589 [main] INFO  org.quartz.core.QuartzScheduler - JobFactory set to: org.springframework.scheduling.quartz.SpringBeanJobFactory@2a235b8e
2020-07-06 14:12:08.646 [main] INFO  org.apache.coyote.http11.Http11NioProtocol - Starting ProtocolHandler ["http-nio-80"]
2020-07-06 14:12:08.678 [main] INFO  o.s.boot.web.embedded.tomcat.TomcatWebServer - Tomcat started on port(s): 80 (http) with context path ''
2020-07-06 14:12:08.680 [main] INFO  s.d.s.web.plugins.DocumentationPluginsBootstrapper - Context refreshed
2020-07-06 14:12:08.695 [main] INFO  s.d.s.web.plugins.DocumentationPluginsBootstrapper - Found 1 custom documentation plugin(s)
2020-07-06 14:12:08.726 [main] INFO  s.d.spring.web.scanners.ApiListingReferenceScanner - Scanning for api listing references
2020-07-06 14:12:08.892 [main] INFO  s.d.s.w.r.operation.CachingOperationNameGenerator - Generating unique operation named: getSelectListUsingPOST_1
2020-07-06 14:12:08.915 [main] INFO  s.d.s.w.r.operation.CachingOperationNameGenerator - Generating unique operation named: getSelectListUsingPOST_2
2020-07-06 14:12:08.951 [main] INFO  s.d.s.w.r.operation.CachingOperationNameGenerator - Generating unique operation named: getListUsingPOST_1
2020-07-06 14:12:08.961 [main] INFO  s.d.s.w.r.operation.CachingOperationNameGenerator - Generating unique operation named: getListUsingPOST_2
2020-07-06 14:12:08.968 [main] INFO  s.d.s.w.r.operation.CachingOperationNameGenerator - Generating unique operation named: getListUsingPOST_3
2020-07-06 14:12:09.002 [main] INFO  s.d.s.w.r.operation.CachingOperationNameGenerator - Generating unique operation named: checkGoodsUsingPOST_1
2020-07-06 14:12:09.017 [main] INFO  s.d.s.w.r.operation.CachingOperationNameGenerator - Generating unique operation named: addDetailsUsingPOST_1
2020-07-06 14:12:09.019 [main] INFO  s.d.s.w.r.operation.CachingOperationNameGenerator - Generating unique operation named: updateDetailsUsingPOST_1
2020-07-06 14:12:09.033 [main] INFO  s.d.s.w.r.operation.CachingOperationNameGenerator - Generating unique operation named: getSelectListUsingPOST_3
2020-07-06 14:12:09.035 [main] INFO  s.d.s.w.r.operation.CachingOperationNameGenerator - Generating unique operation named: getWarehouseListUsingPOST_1
2020-07-06 14:12:09.044 [main] INFO  o.s.scheduling.quartz.SchedulerFactoryBean - Starting Quartz Scheduler now
2020-07-06 14:12:09.044 [main] INFO  org.quartz.core.QuartzScheduler - Scheduler quartzScheduler_$_NON_CLUSTERED started.
2020-07-06 14:12:09.053 [main] INFO  com.swj.WarehouseApplication - Started WarehouseApplication in 4.003 seconds (JVM running for 4.624)
2020-07-06 14:12:24.664 [http-nio-80-exec-1] INFO  o.a.c.core.ContainerBase.[Tomcat].[localhost].[/] - Initializing Spring DispatcherServlet 'dispatcherServlet'
2020-07-06 14:12:24.664 [http-nio-80-exec-1] INFO  org.springframework.web.servlet.DispatcherServlet - Initializing Servlet 'dispatcherServlet'
2020-07-06 14:12:24.669 [http-nio-80-exec-1] INFO  org.springframework.web.servlet.DispatcherServlet - Completed initialization in 5 ms
2020-07-06 14:12:24.931 [http-nio-80-exec-2] INFO  com.zaxxer.hikari.HikariDataSource - HikariPool-1 - Starting...
2020-07-06 14:12:25.246 [http-nio-80-exec-2] INFO  com.zaxxer.hikari.HikariDataSource - HikariPool-1 - Start completed.
2020-07-06 14:13:23.968 [SpringContextShutdownHook] INFO  org.quartz.core.QuartzScheduler - Scheduler quartzScheduler_$_NON_CLUSTERED paused.
2020-07-06 14:13:23.987 [SpringContextShutdownHook] INFO  o.s.scheduling.quartz.SchedulerFactoryBean - Shutting down Quartz Scheduler
2020-07-06 14:13:23.987 [SpringContextShutdownHook] INFO  org.quartz.core.QuartzScheduler - Scheduler quartzScheduler_$_NON_CLUSTERED shutting down.
2020-07-06 14:13:23.987 [SpringContextShutdownHook] INFO  org.quartz.core.QuartzScheduler - Scheduler quartzScheduler_$_NON_CLUSTERED paused.
2020-07-06 14:13:23.987 [SpringContextShutdownHook] INFO  org.quartz.core.QuartzScheduler - Scheduler quartzScheduler_$_NON_CLUSTERED shutdown complete.
2020-07-06 14:13:23.988 [SpringContextShutdownHook] INFO  o.s.scheduling.concurrent.ThreadPoolTaskExecutor - Shutting down ExecutorService 'applicationTaskExecutor'
2020-07-06 14:13:23.991 [SpringContextShutdownHook] INFO  com.zaxxer.hikari.HikariDataSource - HikariPool-1 - Shutdown initiated...
2020-07-06 14:13:23.997 [SpringContextShutdownHook] INFO  com.zaxxer.hikari.HikariDataSource - HikariPool-1 - Shutdown completed.
2020-07-06 14:13:52.967 [main] INFO  com.swj.WarehouseApplication - Starting WarehouseApplication on MacBook-Pro with PID 26872 (/Users/macbookpro/IdeaProjects/gxc/target/classes started by macbookpro in /Users/macbookpro/IdeaProjects/gxc)
2020-07-06 14:13:52.970 [main] INFO  com.swj.WarehouseApplication - The following profiles are active: dev
2020-07-06 14:13:54.287 [main] INFO  o.s.boot.web.embedded.tomcat.TomcatWebServer - Tomcat initialized with port(s): 80 (http)
2020-07-06 14:13:54.294 [main] INFO  org.apache.coyote.http11.Http11NioProtocol - Initializing ProtocolHandler ["http-nio-80"]
2020-07-06 14:13:54.295 [main] INFO  org.apache.catalina.core.StandardService - Starting service [Tomcat]
2020-07-06 14:13:54.295 [main] INFO  org.apache.catalina.core.StandardEngine - Starting Servlet engine: [Apache Tomcat/9.0.35]
2020-07-06 14:13:54.361 [main] INFO  o.a.c.core.ContainerBase.[Tomcat].[localhost].[/] - Initializing Spring embedded WebApplicationContext
2020-07-06 14:13:54.362 [main] INFO  org.springframework.web.context.ContextLoader - Root WebApplicationContext: initialization completed in 1346 ms
2020-07-06 14:13:55.786 [main] INFO  s.d.s.w.PropertySourcedRequestMappingHandlerMapping - Mapped URL path [/v2/api-docs] onto method [springfox.documentation.swagger2.web.Swagger2Controller#getDocumentation(String, HttpServletRequest)]
2020-07-06 14:13:55.861 [main] INFO  o.s.scheduling.concurrent.ThreadPoolTaskExecutor - Initializing ExecutorService 'applicationTaskExecutor'
2020-07-06 14:13:55.996 [main] INFO  org.quartz.impl.StdSchedulerFactory - Using default implementation for ThreadExecutor
2020-07-06 14:13:56.006 [main] INFO  org.quartz.core.SchedulerSignalerImpl - Initialized Scheduler Signaller of type: class org.quartz.core.SchedulerSignalerImpl
2020-07-06 14:13:56.006 [main] INFO  org.quartz.core.QuartzScheduler - Quartz Scheduler v.2.3.2 created.
2020-07-06 14:13:56.007 [main] INFO  org.quartz.simpl.RAMJobStore - RAMJobStore initialized.
2020-07-06 14:13:56.008 [main] INFO  org.quartz.core.QuartzScheduler - Scheduler meta-data: Quartz Scheduler (v2.3.2) 'quartzScheduler' with instanceId 'NON_CLUSTERED'
  Scheduler class: 'org.quartz.core.QuartzScheduler' - running locally.
  NOT STARTED.
  Currently in standby mode.
  Number of jobs executed: 0
  Using thread pool 'org.quartz.simpl.SimpleThreadPool' - with 10 threads.
  Using job-store 'org.quartz.simpl.RAMJobStore' - which does not support persistence. and is not clustered.

2020-07-06 14:13:56.008 [main] INFO  org.quartz.impl.StdSchedulerFactory - Quartz scheduler 'quartzScheduler' initialized from an externally provided properties instance.
2020-07-06 14:13:56.008 [main] INFO  org.quartz.impl.StdSchedulerFactory - Quartz scheduler version: 2.3.2
2020-07-06 14:13:56.008 [main] INFO  org.quartz.core.QuartzScheduler - JobFactory set to: org.springframework.scheduling.quartz.SpringBeanJobFactory@781711b7
2020-07-06 14:13:56.054 [main] INFO  org.apache.coyote.http11.Http11NioProtocol - Starting ProtocolHandler ["http-nio-80"]
2020-07-06 14:13:56.077 [main] INFO  o.s.boot.web.embedded.tomcat.TomcatWebServer - Tomcat started on port(s): 80 (http) with context path ''
2020-07-06 14:13:56.078 [main] INFO  s.d.s.web.plugins.DocumentationPluginsBootstrapper - Context refreshed
2020-07-06 14:13:56.087 [main] INFO  s.d.s.web.plugins.DocumentationPluginsBootstrapper - Found 1 custom documentation plugin(s)
2020-07-06 14:13:56.112 [main] INFO  s.d.spring.web.scanners.ApiListingReferenceScanner - Scanning for api listing references
2020-07-06 14:13:56.253 [main] INFO  s.d.s.w.r.operation.CachingOperationNameGenerator - Generating unique operation named: getSelectListUsingPOST_1
2020-07-06 14:13:56.274 [main] INFO  s.d.s.w.r.operation.CachingOperationNameGenerator - Generating unique operation named: getSelectListUsingPOST_2
2020-07-06 14:13:56.306 [main] INFO  s.d.s.w.r.operation.CachingOperationNameGenerator - Generating unique operation named: getListUsingPOST_1
2020-07-06 14:13:56.321 [main] INFO  s.d.s.w.r.operation.CachingOperationNameGenerator - Generating unique operation named: getListUsingPOST_2
2020-07-06 14:13:56.329 [main] INFO  s.d.s.w.r.operation.CachingOperationNameGenerator - Generating unique operation named: getListUsingPOST_3
2020-07-06 14:13:56.367 [main] INFO  s.d.s.w.r.operation.CachingOperationNameGenerator - Generating unique operation named: checkGoodsUsingPOST_1
2020-07-06 14:13:56.380 [main] INFO  s.d.s.w.r.operation.CachingOperationNameGenerator - Generating unique operation named: addDetailsUsingPOST_1
2020-07-06 14:13:56.382 [main] INFO  s.d.s.w.r.operation.CachingOperationNameGenerator - Generating unique operation named: updateDetailsUsingPOST_1
2020-07-06 14:13:56.397 [main] INFO  s.d.s.w.r.operation.CachingOperationNameGenerator - Generating unique operation named: getSelectListUsingPOST_3
2020-07-06 14:13:56.400 [main] INFO  s.d.s.w.r.operation.CachingOperationNameGenerator - Generating unique operation named: getWarehouseListUsingPOST_1
2020-07-06 14:13:56.410 [main] INFO  o.s.scheduling.quartz.SchedulerFactoryBean - Starting Quartz Scheduler now
2020-07-06 14:13:56.410 [main] INFO  org.quartz.core.QuartzScheduler - Scheduler quartzScheduler_$_NON_CLUSTERED started.
2020-07-06 14:13:56.419 [main] INFO  com.swj.WarehouseApplication - Started WarehouseApplication in 3.85 seconds (JVM running for 4.493)
2020-07-06 14:13:57.576 [http-nio-80-exec-1] INFO  o.a.c.core.ContainerBase.[Tomcat].[localhost].[/] - Initializing Spring DispatcherServlet 'dispatcherServlet'
2020-07-06 14:13:57.576 [http-nio-80-exec-1] INFO  org.springframework.web.servlet.DispatcherServlet - Initializing Servlet 'dispatcherServlet'
2020-07-06 14:13:57.585 [http-nio-80-exec-1] INFO  org.springframework.web.servlet.DispatcherServlet - Completed initialization in 8 ms
2020-07-06 14:13:57.918 [http-nio-80-exec-2] INFO  com.zaxxer.hikari.HikariDataSource - HikariPool-1 - Starting...
2020-07-06 14:13:58.283 [http-nio-80-exec-2] INFO  com.zaxxer.hikari.HikariDataSource - HikariPool-1 - Start completed.
2020-07-06 14:14:43.289 [SpringContextShutdownHook] INFO  org.quartz.core.QuartzScheduler - Scheduler quartzScheduler_$_NON_CLUSTERED paused.
2020-07-06 14:14:43.306 [SpringContextShutdownHook] INFO  o.s.scheduling.quartz.SchedulerFactoryBean - Shutting down Quartz Scheduler
2020-07-06 14:14:43.306 [SpringContextShutdownHook] INFO  org.quartz.core.QuartzScheduler - Scheduler quartzScheduler_$_NON_CLUSTERED shutting down.
2020-07-06 14:14:43.306 [SpringContextShutdownHook] INFO  org.quartz.core.QuartzScheduler - Scheduler quartzScheduler_$_NON_CLUSTERED paused.
2020-07-06 14:14:43.306 [SpringContextShutdownHook] INFO  org.quartz.core.QuartzScheduler - Scheduler quartzScheduler_$_NON_CLUSTERED shutdown complete.
2020-07-06 14:14:43.307 [SpringContextShutdownHook] INFO  o.s.scheduling.concurrent.ThreadPoolTaskExecutor - Shutting down ExecutorService 'applicationTaskExecutor'
2020-07-06 14:14:43.309 [SpringContextShutdownHook] INFO  com.zaxxer.hikari.HikariDataSource - HikariPool-1 - Shutdown initiated...
2020-07-06 14:14:43.315 [SpringContextShutdownHook] INFO  com.zaxxer.hikari.HikariDataSource - HikariPool-1 - Shutdown completed.
2020-07-06 16:51:12.882 [main] INFO  com.swj.WarehouseApplication - Starting WarehouseApplication on MacBook-Pro with PID 27217 (/Users/macbookpro/IdeaProjects/gxc/target/classes started by macbookpro in /Users/macbookpro/IdeaProjects/gxc)
2020-07-06 16:51:12.885 [main] INFO  com.swj.WarehouseApplication - The following profiles are active: dev
2020-07-06 16:51:14.160 [main] INFO  o.s.boot.web.embedded.tomcat.TomcatWebServer - Tomcat initialized with port(s): 80 (http)
2020-07-06 16:51:14.167 [main] INFO  org.apache.coyote.http11.Http11NioProtocol - Initializing ProtocolHandler ["http-nio-80"]
2020-07-06 16:51:14.168 [main] INFO  org.apache.catalina.core.StandardService - Starting service [Tomcat]
2020-07-06 16:51:14.169 [main] INFO  org.apache.catalina.core.StandardEngine - Starting Servlet engine: [Apache Tomcat/9.0.35]
2020-07-06 16:51:14.232 [main] INFO  o.a.c.core.ContainerBase.[Tomcat].[localhost].[/] - Initializing Spring embedded WebApplicationContext
2020-07-06 16:51:14.232 [main] INFO  org.springframework.web.context.ContextLoader - Root WebApplicationContext: initialization completed in 1316 ms
2020-07-06 16:51:15.356 [main] INFO  s.d.s.w.PropertySourcedRequestMappingHandlerMapping - Mapped URL path [/v2/api-docs] onto method [springfox.documentation.swagger2.web.Swagger2Controller#getDocumentation(String, HttpServletRequest)]
2020-07-06 16:51:15.430 [main] INFO  o.s.scheduling.concurrent.ThreadPoolTaskExecutor - Initializing ExecutorService 'applicationTaskExecutor'
2020-07-06 16:51:15.542 [main] INFO  org.quartz.impl.StdSchedulerFactory - Using default implementation for ThreadExecutor
2020-07-06 16:51:15.548 [main] INFO  org.quartz.core.SchedulerSignalerImpl - Initialized Scheduler Signaller of type: class org.quartz.core.SchedulerSignalerImpl
2020-07-06 16:51:15.549 [main] INFO  org.quartz.core.QuartzScheduler - Quartz Scheduler v.2.3.2 created.
2020-07-06 16:51:15.549 [main] INFO  org.quartz.simpl.RAMJobStore - RAMJobStore initialized.
2020-07-06 16:51:15.550 [main] INFO  org.quartz.core.QuartzScheduler - Scheduler meta-data: Quartz Scheduler (v2.3.2) 'quartzScheduler' with instanceId 'NON_CLUSTERED'
  Scheduler class: 'org.quartz.core.QuartzScheduler' - running locally.
  NOT STARTED.
  Currently in standby mode.
  Number of jobs executed: 0
  Using thread pool 'org.quartz.simpl.SimpleThreadPool' - with 10 threads.
  Using job-store 'org.quartz.simpl.RAMJobStore' - which does not support persistence. and is not clustered.

2020-07-06 16:51:15.550 [main] INFO  org.quartz.impl.StdSchedulerFactory - Quartz scheduler 'quartzScheduler' initialized from an externally provided properties instance.
2020-07-06 16:51:15.550 [main] INFO  org.quartz.impl.StdSchedulerFactory - Quartz scheduler version: 2.3.2
2020-07-06 16:51:15.550 [main] INFO  org.quartz.core.QuartzScheduler - JobFactory set to: org.springframework.scheduling.quartz.SpringBeanJobFactory@76bf1bb8
2020-07-06 16:51:15.602 [main] INFO  org.apache.coyote.http11.Http11NioProtocol - Starting ProtocolHandler ["http-nio-80"]
2020-07-06 16:51:15.631 [main] INFO  o.s.boot.web.embedded.tomcat.TomcatWebServer - Tomcat started on port(s): 80 (http) with context path ''
2020-07-06 16:51:15.633 [main] INFO  s.d.s.web.plugins.DocumentationPluginsBootstrapper - Context refreshed
2020-07-06 16:51:15.644 [main] INFO  s.d.s.web.plugins.DocumentationPluginsBootstrapper - Found 1 custom documentation plugin(s)
2020-07-06 16:51:15.672 [main] INFO  s.d.spring.web.scanners.ApiListingReferenceScanner - Scanning for api listing references
2020-07-06 16:51:15.790 [main] INFO  s.d.s.w.r.operation.CachingOperationNameGenerator - Generating unique operation named: getSelectListUsingPOST_1
2020-07-06 16:51:15.805 [main] INFO  s.d.s.w.r.operation.CachingOperationNameGenerator - Generating unique operation named: getSelectListUsingPOST_2
2020-07-06 16:51:15.835 [main] INFO  s.d.s.w.r.operation.CachingOperationNameGenerator - Generating unique operation named: getListUsingPOST_1
2020-07-06 16:51:15.846 [main] INFO  s.d.s.w.r.operation.CachingOperationNameGenerator - Generating unique operation named: getListUsingPOST_2
2020-07-06 16:51:15.854 [main] INFO  s.d.s.w.r.operation.CachingOperationNameGenerator - Generating unique operation named: getListUsingPOST_3
2020-07-06 16:51:15.890 [main] INFO  s.d.s.w.r.operation.CachingOperationNameGenerator - Generating unique operation named: checkGoodsUsingPOST_1
2020-07-06 16:51:15.903 [main] INFO  s.d.s.w.r.operation.CachingOperationNameGenerator - Generating unique operation named: addDetailsUsingPOST_1
2020-07-06 16:51:15.904 [main] INFO  s.d.s.w.r.operation.CachingOperationNameGenerator - Generating unique operation named: updateDetailsUsingPOST_1
2020-07-06 16:51:15.917 [main] INFO  s.d.s.w.r.operation.CachingOperationNameGenerator - Generating unique operation named: getSelectListUsingPOST_3
2020-07-06 16:51:15.921 [main] INFO  s.d.s.w.r.operation.CachingOperationNameGenerator - Generating unique operation named: getWarehouseListUsingPOST_1
2020-07-06 16:51:15.931 [main] INFO  o.s.scheduling.quartz.SchedulerFactoryBean - Starting Quartz Scheduler now
2020-07-06 16:51:15.931 [main] INFO  org.quartz.core.QuartzScheduler - Scheduler quartzScheduler_$_NON_CLUSTERED started.
2020-07-06 16:51:15.939 [main] INFO  com.swj.WarehouseApplication - Started WarehouseApplication in 3.386 seconds (JVM running for 3.966)
2020-07-06 16:51:27.081 [http-nio-80-exec-1] INFO  o.a.c.core.ContainerBase.[Tomcat].[localhost].[/] - Initializing Spring DispatcherServlet 'dispatcherServlet'
2020-07-06 16:51:27.082 [http-nio-80-exec-1] INFO  org.springframework.web.servlet.DispatcherServlet - Initializing Servlet 'dispatcherServlet'
2020-07-06 16:51:27.088 [http-nio-80-exec-1] INFO  org.springframework.web.servlet.DispatcherServlet - Completed initialization in 6 ms
2020-07-06 16:51:27.324 [http-nio-80-exec-6] INFO  com.zaxxer.hikari.HikariDataSource - HikariPool-1 - Starting...
2020-07-06 16:51:27.640 [http-nio-80-exec-6] INFO  com.zaxxer.hikari.HikariDataSource - HikariPool-1 - Start completed.
