2020-07-03 16:35:37.821 [SpringContextShutdownHook] INFO  o.s.scheduling.concurrent.ThreadPoolTaskExecutor - Shutting down ExecutorService 'applicationTaskExecutor'
2020-07-03 16:35:37.825 [SpringContextShutdownHook] INFO  com.zaxxer.hikari.HikariDataSource - HikariPool-1 - Shutdown initiated...
2020-07-03 16:35:37.830 [SpringContextShutdownHook] INFO  com.zaxxer.hikari.HikariDataSource - HikariPool-1 - Shutdown completed.
2020-07-03 16:40:04.250 [main] INFO  com.swj.WarehouseApplication - Starting WarehouseApplication on MacBook-Pro.local with PID 21564 (/Users/macbookpro/IdeaProjects/gxc/target/classes started by macbookpro in /Users/macbookpro/IdeaProjects/gxc)
2020-07-03 16:40:04.253 [main] INFO  com.swj.WarehouseApplication - The following profiles are active: dev
2020-07-03 16:40:05.804 [main] INFO  o.s.boot.web.embedded.tomcat.TomcatWebServer - Tomcat initialized with port(s): 80 (http)
2020-07-03 16:40:05.813 [main] INFO  org.apache.coyote.http11.Http11NioProtocol - Initializing ProtocolHandler ["http-nio-80"]
2020-07-03 16:40:05.814 [main] INFO  org.apache.catalina.core.StandardService - Starting service [Tomcat]
2020-07-03 16:40:05.814 [main] INFO  org.apache.catalina.core.StandardEngine - Starting Servlet engine: [Apache Tomcat/9.0.35]
2020-07-03 16:40:05.885 [main] INFO  o.a.c.core.ContainerBase.[Tomcat].[localhost].[/] - Initializing Spring embedded WebApplicationContext
2020-07-03 16:40:05.885 [main] INFO  org.springframework.web.context.ContextLoader - Root WebApplicationContext: initialization completed in 1584 ms
2020-07-03 16:40:07.051 [main] INFO  s.d.s.w.PropertySourcedRequestMappingHandlerMapping - Mapped URL path [/v2/api-docs] onto method [springfox.documentation.swagger2.web.Swagger2Controller#getDocumentation(String, HttpServletRequest)]
2020-07-03 16:40:07.133 [main] INFO  o.s.scheduling.concurrent.ThreadPoolTaskExecutor - Initializing ExecutorService 'applicationTaskExecutor'
2020-07-03 16:40:07.296 [main] INFO  org.apache.coyote.http11.Http11NioProtocol - Starting ProtocolHandler ["http-nio-80"]
2020-07-03 16:40:07.321 [main] INFO  o.s.boot.web.embedded.tomcat.TomcatWebServer - Tomcat started on port(s): 80 (http) with context path ''
2020-07-03 16:40:07.322 [main] INFO  s.d.s.web.plugins.DocumentationPluginsBootstrapper - Context refreshed
2020-07-03 16:40:07.343 [main] INFO  s.d.s.web.plugins.DocumentationPluginsBootstrapper - Found 1 custom documentation plugin(s)
2020-07-03 16:40:07.381 [main] INFO  s.d.spring.web.scanners.ApiListingReferenceScanner - Scanning for api listing references
2020-07-03 16:40:07.538 [main] INFO  s.d.s.w.r.operation.CachingOperationNameGenerator - Generating unique operation named: getSelectListUsingPOST_1
2020-07-03 16:40:07.555 [main] INFO  s.d.s.w.r.operation.CachingOperationNameGenerator - Generating unique operation named: getSelectListUsingPOST_2
2020-07-03 16:40:07.580 [main] INFO  s.d.s.w.r.operation.CachingOperationNameGenerator - Generating unique operation named: getListUsingPOST_1
2020-07-03 16:40:07.591 [main] INFO  s.d.s.w.r.operation.CachingOperationNameGenerator - Generating unique operation named: getListUsingPOST_2
2020-07-03 16:40:07.598 [main] INFO  s.d.s.w.r.operation.CachingOperationNameGenerator - Generating unique operation named: getListUsingPOST_3
2020-07-03 16:40:07.629 [main] INFO  s.d.s.w.r.operation.CachingOperationNameGenerator - Generating unique operation named: checkGoodsUsingPOST_1
2020-07-03 16:40:07.657 [main] INFO  s.d.s.w.r.operation.CachingOperationNameGenerator - Generating unique operation named: getSelectListUsingPOST_3
2020-07-03 16:40:07.660 [main] INFO  s.d.s.w.r.operation.CachingOperationNameGenerator - Generating unique operation named: getWarehouseListUsingPOST_1
2020-07-03 16:40:07.684 [main] INFO  com.swj.WarehouseApplication - Started WarehouseApplication in 3.878 seconds (JVM running for 4.539)
2020-07-03 16:40:40.845 [http-nio-80-exec-1] INFO  o.a.c.core.ContainerBase.[Tomcat].[localhost].[/] - Initializing Spring DispatcherServlet 'dispatcherServlet'
2020-07-03 16:40:40.845 [http-nio-80-exec-1] INFO  org.springframework.web.servlet.DispatcherServlet - Initializing Servlet 'dispatcherServlet'
2020-07-03 16:40:40.855 [http-nio-80-exec-1] INFO  org.springframework.web.servlet.DispatcherServlet - Completed initialization in 10 ms
2020-07-03 16:42:22.604 [http-nio-80-exec-6] INFO  com.zaxxer.hikari.HikariDataSource - HikariPool-1 - Starting...
2020-07-03 16:42:23.024 [http-nio-80-exec-6] INFO  com.zaxxer.hikari.HikariDataSource - HikariPool-1 - Start completed.
2020-07-03 16:55:38.682 [SpringContextShutdownHook] INFO  o.s.scheduling.concurrent.ThreadPoolTaskExecutor - Shutting down ExecutorService 'applicationTaskExecutor'
2020-07-03 16:55:38.684 [SpringContextShutdownHook] INFO  com.zaxxer.hikari.HikariDataSource - HikariPool-1 - Shutdown initiated...
2020-07-03 16:55:38.689 [SpringContextShutdownHook] INFO  com.zaxxer.hikari.HikariDataSource - HikariPool-1 - Shutdown completed.
2020-07-03 16:55:53.380 [main] INFO  com.swj.WarehouseApplication - Starting WarehouseApplication on MacBook-Pro.local with PID 21657 (/Users/macbookpro/IdeaProjects/gxc/target/classes started by macbookpro in /Users/macbookpro/IdeaProjects/gxc)
2020-07-03 16:55:53.382 [main] INFO  com.swj.WarehouseApplication - The following profiles are active: dev
2020-07-03 16:55:54.636 [main] INFO  o.s.boot.web.embedded.tomcat.TomcatWebServer - Tomcat initialized with port(s): 80 (http)
2020-07-03 16:55:54.643 [main] INFO  org.apache.coyote.http11.Http11NioProtocol - Initializing ProtocolHandler ["http-nio-80"]
2020-07-03 16:55:54.644 [main] INFO  org.apache.catalina.core.StandardService - Starting service [Tomcat]
2020-07-03 16:55:54.644 [main] INFO  org.apache.catalina.core.StandardEngine - Starting Servlet engine: [Apache Tomcat/9.0.35]
2020-07-03 16:55:54.701 [main] INFO  o.a.c.core.ContainerBase.[Tomcat].[localhost].[/] - Initializing Spring embedded WebApplicationContext
2020-07-03 16:55:54.702 [main] INFO  org.springframework.web.context.ContextLoader - Root WebApplicationContext: initialization completed in 1281 ms
2020-07-03 16:55:55.755 [main] INFO  s.d.s.w.PropertySourcedRequestMappingHandlerMapping - Mapped URL path [/v2/api-docs] onto method [springfox.documentation.swagger2.web.Swagger2Controller#getDocumentation(String, HttpServletRequest)]
2020-07-03 16:55:55.814 [main] INFO  o.s.scheduling.concurrent.ThreadPoolTaskExecutor - Initializing ExecutorService 'applicationTaskExecutor'
2020-07-03 16:55:55.936 [main] INFO  org.apache.coyote.http11.Http11NioProtocol - Starting ProtocolHandler ["http-nio-80"]
2020-07-03 16:55:55.961 [main] INFO  o.s.boot.web.embedded.tomcat.TomcatWebServer - Tomcat started on port(s): 80 (http) with context path ''
2020-07-03 16:55:55.962 [main] INFO  s.d.s.web.plugins.DocumentationPluginsBootstrapper - Context refreshed
2020-07-03 16:55:55.973 [main] INFO  s.d.s.web.plugins.DocumentationPluginsBootstrapper - Found 1 custom documentation plugin(s)
2020-07-03 16:55:55.997 [main] INFO  s.d.spring.web.scanners.ApiListingReferenceScanner - Scanning for api listing references
2020-07-03 16:55:56.126 [main] INFO  s.d.s.w.r.operation.CachingOperationNameGenerator - Generating unique operation named: getSelectListUsingPOST_1
2020-07-03 16:55:56.144 [main] INFO  s.d.s.w.r.operation.CachingOperationNameGenerator - Generating unique operation named: getSelectListUsingPOST_2
2020-07-03 16:55:56.172 [main] INFO  s.d.s.w.r.operation.CachingOperationNameGenerator - Generating unique operation named: getListUsingPOST_1
2020-07-03 16:55:56.184 [main] INFO  s.d.s.w.r.operation.CachingOperationNameGenerator - Generating unique operation named: getListUsingPOST_2
2020-07-03 16:55:56.192 [main] INFO  s.d.s.w.r.operation.CachingOperationNameGenerator - Generating unique operation named: getListUsingPOST_3
2020-07-03 16:55:56.229 [main] INFO  s.d.s.w.r.operation.CachingOperationNameGenerator - Generating unique operation named: checkGoodsUsingPOST_1
2020-07-03 16:55:56.261 [main] INFO  s.d.s.w.r.operation.CachingOperationNameGenerator - Generating unique operation named: getSelectListUsingPOST_3
2020-07-03 16:55:56.263 [main] INFO  s.d.s.w.r.operation.CachingOperationNameGenerator - Generating unique operation named: getWarehouseListUsingPOST_1
2020-07-03 16:55:56.279 [main] INFO  com.swj.WarehouseApplication - Started WarehouseApplication in 3.245 seconds (JVM running for 3.756)
2020-07-03 16:56:04.940 [http-nio-80-exec-5] INFO  o.a.c.core.ContainerBase.[Tomcat].[localhost].[/] - Initializing Spring DispatcherServlet 'dispatcherServlet'
2020-07-03 16:56:04.940 [http-nio-80-exec-5] INFO  org.springframework.web.servlet.DispatcherServlet - Initializing Servlet 'dispatcherServlet'
2020-07-03 16:56:04.945 [http-nio-80-exec-5] INFO  org.springframework.web.servlet.DispatcherServlet - Completed initialization in 4 ms
2020-07-03 16:56:05.014 [http-nio-80-exec-4] INFO  com.zaxxer.hikari.HikariDataSource - HikariPool-1 - Starting...
2020-07-03 16:56:05.346 [http-nio-80-exec-4] INFO  com.zaxxer.hikari.HikariDataSource - HikariPool-1 - Start completed.
2020-07-03 17:06:08.369 [http-nio-80-exec-6] INFO  org.apache.coyote.http11.Http11Processor - Error parsing HTTP request header
 Note: further occurrences of HTTP request parsing errors will be logged at DEBUG level.
java.lang.IllegalArgumentException: Invalid character found in the request target [/purchaseDetails/addDetails?0=[%7B%225%22:1%7D,%7B%224%22:1%7D]]. The valid characters are defined in RFC 7230 and RFC 3986
	at org.apache.coyote.http11.Http11InputBuffer.parseRequestLine(Http11InputBuffer.java:491)
	at org.apache.coyote.http11.Http11Processor.service(Http11Processor.java:260)
	at org.apache.coyote.AbstractProcessorLight.process(AbstractProcessorLight.java:65)
	at org.apache.coyote.AbstractProtocol$ConnectionHandler.process(AbstractProtocol.java:868)
	at org.apache.tomcat.util.net.NioEndpoint$SocketProcessor.doRun(NioEndpoint.java:1590)
	at org.apache.tomcat.util.net.SocketProcessorBase.run(SocketProcessorBase.java:49)
	at java.util.concurrent.ThreadPoolExecutor.runWorker(ThreadPoolExecutor.java:1149)
	at java.util.concurrent.ThreadPoolExecutor$Worker.run(ThreadPoolExecutor.java:624)
	at org.apache.tomcat.util.threads.TaskThread$WrappingRunnable.run(TaskThread.java:61)
	at java.lang.Thread.run(Thread.java:748)
2020-07-03 17:06:51.387 [SpringContextShutdownHook] INFO  o.s.scheduling.concurrent.ThreadPoolTaskExecutor - Shutting down ExecutorService 'applicationTaskExecutor'
2020-07-03 17:06:51.389 [SpringContextShutdownHook] INFO  com.zaxxer.hikari.HikariDataSource - HikariPool-1 - Shutdown initiated...
2020-07-03 17:06:51.395 [SpringContextShutdownHook] INFO  com.zaxxer.hikari.HikariDataSource - HikariPool-1 - Shutdown completed.
2020-07-03 17:06:57.505 [main] INFO  com.swj.WarehouseApplication - Starting WarehouseApplication on MacBook-Pro.local with PID 21697 (/Users/macbookpro/IdeaProjects/gxc/target/classes started by macbookpro in /Users/macbookpro/IdeaProjects/gxc)
2020-07-03 17:06:57.507 [main] INFO  com.swj.WarehouseApplication - The following profiles are active: dev
2020-07-03 17:06:58.633 [main] INFO  o.s.boot.web.embedded.tomcat.TomcatWebServer - Tomcat initialized with port(s): 80 (http)
2020-07-03 17:06:58.640 [main] INFO  org.apache.coyote.http11.Http11NioProtocol - Initializing ProtocolHandler ["http-nio-80"]
2020-07-03 17:06:58.641 [main] INFO  org.apache.catalina.core.StandardService - Starting service [Tomcat]
2020-07-03 17:06:58.641 [main] INFO  org.apache.catalina.core.StandardEngine - Starting Servlet engine: [Apache Tomcat/9.0.35]
2020-07-03 17:06:58.699 [main] INFO  o.a.c.core.ContainerBase.[Tomcat].[localhost].[/] - Initializing Spring embedded WebApplicationContext
2020-07-03 17:06:58.700 [main] INFO  org.springframework.web.context.ContextLoader - Root WebApplicationContext: initialization completed in 1156 ms
2020-07-03 17:06:59.725 [main] INFO  s.d.s.w.PropertySourcedRequestMappingHandlerMapping - Mapped URL path [/v2/api-docs] onto method [springfox.documentation.swagger2.web.Swagger2Controller#getDocumentation(String, HttpServletRequest)]
2020-07-03 17:06:59.788 [main] INFO  o.s.scheduling.concurrent.ThreadPoolTaskExecutor - Initializing ExecutorService 'applicationTaskExecutor'
2020-07-03 17:06:59.921 [main] INFO  org.apache.coyote.http11.Http11NioProtocol - Starting ProtocolHandler ["http-nio-80"]
2020-07-03 17:06:59.945 [main] INFO  o.s.boot.web.embedded.tomcat.TomcatWebServer - Tomcat started on port(s): 80 (http) with context path ''
2020-07-03 17:06:59.947 [main] INFO  s.d.s.web.plugins.DocumentationPluginsBootstrapper - Context refreshed
2020-07-03 17:06:59.957 [main] INFO  s.d.s.web.plugins.DocumentationPluginsBootstrapper - Found 1 custom documentation plugin(s)
2020-07-03 17:06:59.984 [main] INFO  s.d.spring.web.scanners.ApiListingReferenceScanner - Scanning for api listing references
2020-07-03 17:07:00.114 [main] INFO  s.d.s.w.r.operation.CachingOperationNameGenerator - Generating unique operation named: getSelectListUsingPOST_1
2020-07-03 17:07:00.130 [main] INFO  s.d.s.w.r.operation.CachingOperationNameGenerator - Generating unique operation named: getSelectListUsingPOST_2
2020-07-03 17:07:00.156 [main] INFO  s.d.s.w.r.operation.CachingOperationNameGenerator - Generating unique operation named: getListUsingPOST_1
2020-07-03 17:07:00.168 [main] INFO  s.d.s.w.r.operation.CachingOperationNameGenerator - Generating unique operation named: getListUsingPOST_2
2020-07-03 17:07:00.176 [main] INFO  s.d.s.w.r.operation.CachingOperationNameGenerator - Generating unique operation named: getListUsingPOST_3
2020-07-03 17:07:00.214 [main] INFO  s.d.s.w.r.operation.CachingOperationNameGenerator - Generating unique operation named: checkGoodsUsingPOST_1
2020-07-03 17:07:00.240 [main] INFO  s.d.s.w.r.operation.CachingOperationNameGenerator - Generating unique operation named: getSelectListUsingPOST_3
2020-07-03 17:07:00.243 [main] INFO  s.d.s.w.r.operation.CachingOperationNameGenerator - Generating unique operation named: getWarehouseListUsingPOST_1
2020-07-03 17:07:00.260 [main] INFO  com.swj.WarehouseApplication - Started WarehouseApplication in 3.073 seconds (JVM running for 3.695)
2020-07-03 17:07:16.821 [http-nio-80-exec-5] INFO  o.a.c.core.ContainerBase.[Tomcat].[localhost].[/] - Initializing Spring DispatcherServlet 'dispatcherServlet'
2020-07-03 17:07:16.821 [http-nio-80-exec-5] INFO  org.springframework.web.servlet.DispatcherServlet - Initializing Servlet 'dispatcherServlet'
2020-07-03 17:07:16.826 [http-nio-80-exec-5] INFO  org.springframework.web.servlet.DispatcherServlet - Completed initialization in 5 ms
2020-07-03 17:07:16.901 [http-nio-80-exec-4] INFO  com.zaxxer.hikari.HikariDataSource - HikariPool-1 - Starting...
2020-07-03 17:07:17.238 [http-nio-80-exec-4] INFO  com.zaxxer.hikari.HikariDataSource - HikariPool-1 - Start completed.
2020-07-03 17:07:48.039 [http-nio-80-exec-10] INFO  org.apache.coyote.http11.Http11Processor - Error parsing HTTP request header
 Note: further occurrences of HTTP request parsing errors will be logged at DEBUG level.
java.lang.IllegalArgumentException: Invalid character found in the request target [/purchaseDetails/addDetails?0=[%7B%225%22:1%7D,%7B%224%22:1%7D]]. The valid characters are defined in RFC 7230 and RFC 3986
	at org.apache.coyote.http11.Http11InputBuffer.parseRequestLine(Http11InputBuffer.java:491)
	at org.apache.coyote.http11.Http11Processor.service(Http11Processor.java:260)
	at org.apache.coyote.AbstractProcessorLight.process(AbstractProcessorLight.java:65)
	at org.apache.coyote.AbstractProtocol$ConnectionHandler.process(AbstractProtocol.java:868)
	at org.apache.tomcat.util.net.NioEndpoint$SocketProcessor.doRun(NioEndpoint.java:1590)
	at org.apache.tomcat.util.net.SocketProcessorBase.run(SocketProcessorBase.java:49)
	at java.util.concurrent.ThreadPoolExecutor.runWorker(ThreadPoolExecutor.java:1149)
	at java.util.concurrent.ThreadPoolExecutor$Worker.run(ThreadPoolExecutor.java:624)
	at org.apache.tomcat.util.threads.TaskThread$WrappingRunnable.run(TaskThread.java:61)
	at java.lang.Thread.run(Thread.java:748)
2020-07-03 17:08:11.561 [SpringContextShutdownHook] INFO  o.s.scheduling.concurrent.ThreadPoolTaskExecutor - Shutting down ExecutorService 'applicationTaskExecutor'
2020-07-03 17:08:11.563 [SpringContextShutdownHook] INFO  com.zaxxer.hikari.HikariDataSource - HikariPool-1 - Shutdown initiated...
2020-07-03 17:08:11.569 [SpringContextShutdownHook] INFO  com.zaxxer.hikari.HikariDataSource - HikariPool-1 - Shutdown completed.
2020-07-03 17:08:37.702 [main] INFO  com.swj.WarehouseApplication - Starting WarehouseApplication on MacBook-Pro.local with PID 21716 (/Users/macbookpro/IdeaProjects/gxc/target/classes started by macbookpro in /Users/macbookpro/IdeaProjects/gxc)
2020-07-03 17:08:37.704 [main] INFO  com.swj.WarehouseApplication - The following profiles are active: dev
2020-07-03 17:08:38.859 [main] INFO  o.s.boot.web.embedded.tomcat.TomcatWebServer - Tomcat initialized with port(s): 80 (http)
2020-07-03 17:08:38.865 [main] INFO  org.apache.coyote.http11.Http11NioProtocol - Initializing ProtocolHandler ["http-nio-80"]
2020-07-03 17:08:38.866 [main] INFO  org.apache.catalina.core.StandardService - Starting service [Tomcat]
2020-07-03 17:08:38.866 [main] INFO  org.apache.catalina.core.StandardEngine - Starting Servlet engine: [Apache Tomcat/9.0.35]
2020-07-03 17:08:38.918 [main] INFO  o.a.c.core.ContainerBase.[Tomcat].[localhost].[/] - Initializing Spring embedded WebApplicationContext
2020-07-03 17:08:38.918 [main] INFO  org.springframework.web.context.ContextLoader - Root WebApplicationContext: initialization completed in 1178 ms
2020-07-03 17:08:39.939 [main] INFO  s.d.s.w.PropertySourcedRequestMappingHandlerMapping - Mapped URL path [/v2/api-docs] onto method [springfox.documentation.swagger2.web.Swagger2Controller#getDocumentation(String, HttpServletRequest)]
2020-07-03 17:08:40.005 [main] INFO  o.s.scheduling.concurrent.ThreadPoolTaskExecutor - Initializing ExecutorService 'applicationTaskExecutor'
2020-07-03 17:08:40.136 [main] INFO  org.apache.coyote.http11.Http11NioProtocol - Starting ProtocolHandler ["http-nio-80"]
2020-07-03 17:08:40.166 [main] INFO  o.s.boot.web.embedded.tomcat.TomcatWebServer - Tomcat started on port(s): 80 (http) with context path ''
2020-07-03 17:08:40.167 [main] INFO  s.d.s.web.plugins.DocumentationPluginsBootstrapper - Context refreshed
2020-07-03 17:08:40.179 [main] INFO  s.d.s.web.plugins.DocumentationPluginsBootstrapper - Found 1 custom documentation plugin(s)
2020-07-03 17:08:40.206 [main] INFO  s.d.spring.web.scanners.ApiListingReferenceScanner - Scanning for api listing references
2020-07-03 17:08:40.344 [main] INFO  s.d.s.w.r.operation.CachingOperationNameGenerator - Generating unique operation named: getSelectListUsingPOST_1
2020-07-03 17:08:40.360 [main] INFO  s.d.s.w.r.operation.CachingOperationNameGenerator - Generating unique operation named: getSelectListUsingPOST_2
2020-07-03 17:08:40.389 [main] INFO  s.d.s.w.r.operation.CachingOperationNameGenerator - Generating unique operation named: getListUsingPOST_1
2020-07-03 17:08:40.400 [main] INFO  s.d.s.w.r.operation.CachingOperationNameGenerator - Generating unique operation named: getListUsingPOST_2
2020-07-03 17:08:40.407 [main] INFO  s.d.s.w.r.operation.CachingOperationNameGenerator - Generating unique operation named: getListUsingPOST_3
2020-07-03 17:08:40.440 [main] INFO  s.d.s.w.r.operation.CachingOperationNameGenerator - Generating unique operation named: checkGoodsUsingPOST_1
2020-07-03 17:08:40.469 [main] INFO  s.d.s.w.r.operation.CachingOperationNameGenerator - Generating unique operation named: getSelectListUsingPOST_3
2020-07-03 17:08:40.472 [main] INFO  s.d.s.w.r.operation.CachingOperationNameGenerator - Generating unique operation named: getWarehouseListUsingPOST_1
2020-07-03 17:08:40.487 [main] INFO  com.swj.WarehouseApplication - Started WarehouseApplication in 3.128 seconds (JVM running for 3.609)
2020-07-03 17:08:48.276 [http-nio-80-exec-4] INFO  o.a.c.core.ContainerBase.[Tomcat].[localhost].[/] - Initializing Spring DispatcherServlet 'dispatcherServlet'
2020-07-03 17:08:48.276 [http-nio-80-exec-4] INFO  org.springframework.web.servlet.DispatcherServlet - Initializing Servlet 'dispatcherServlet'
2020-07-03 17:08:48.281 [http-nio-80-exec-4] INFO  org.springframework.web.servlet.DispatcherServlet - Completed initialization in 5 ms
2020-07-03 17:08:48.351 [http-nio-80-exec-4] INFO  com.zaxxer.hikari.HikariDataSource - HikariPool-1 - Starting...
2020-07-03 17:08:48.672 [http-nio-80-exec-4] INFO  com.zaxxer.hikari.HikariDataSource - HikariPool-1 - Start completed.
2020-07-03 17:09:34.886 [http-nio-80-exec-10] INFO  org.apache.coyote.http11.Http11Processor - Error parsing HTTP request header
 Note: further occurrences of HTTP request parsing errors will be logged at DEBUG level.
java.lang.IllegalArgumentException: Invalid character found in the request target [/purchaseDetails/addDetails?0=[%7B%225%22:1%7D,%7B%224%22:1%7D]]. The valid characters are defined in RFC 7230 and RFC 3986
	at org.apache.coyote.http11.Http11InputBuffer.parseRequestLine(Http11InputBuffer.java:491)
	at org.apache.coyote.http11.Http11Processor.service(Http11Processor.java:260)
	at org.apache.coyote.AbstractProcessorLight.process(AbstractProcessorLight.java:65)
	at org.apache.coyote.AbstractProtocol$ConnectionHandler.process(AbstractProtocol.java:868)
	at org.apache.tomcat.util.net.NioEndpoint$SocketProcessor.doRun(NioEndpoint.java:1590)
	at org.apache.tomcat.util.net.SocketProcessorBase.run(SocketProcessorBase.java:49)
	at java.util.concurrent.ThreadPoolExecutor.runWorker(ThreadPoolExecutor.java:1149)
	at java.util.concurrent.ThreadPoolExecutor$Worker.run(ThreadPoolExecutor.java:624)
	at org.apache.tomcat.util.threads.TaskThread$WrappingRunnable.run(TaskThread.java:61)
	at java.lang.Thread.run(Thread.java:748)
2020-07-03 17:15:59.902 [http-nio-80-exec-1] INFO  org.apache.coyote.http11.Http11Processor - Error parsing HTTP request header
 Note: further occurrences of HTTP request parsing errors will be logged at DEBUG level.
java.lang.IllegalArgumentException: Invalid character found in the request target [/purchaseDetails/addDetails?str=[%7B%225%22:1%7D,%7B%223%22:1%7D]]. The valid characters are defined in RFC 7230 and RFC 3986
	at org.apache.coyote.http11.Http11InputBuffer.parseRequestLine(Http11InputBuffer.java:491)
	at org.apache.coyote.http11.Http11Processor.service(Http11Processor.java:260)
	at org.apache.coyote.AbstractProcessorLight.process(AbstractProcessorLight.java:65)
	at org.apache.coyote.AbstractProtocol$ConnectionHandler.process(AbstractProtocol.java:868)
	at org.apache.tomcat.util.net.NioEndpoint$SocketProcessor.doRun(NioEndpoint.java:1590)
	at org.apache.tomcat.util.net.SocketProcessorBase.run(SocketProcessorBase.java:49)
	at java.util.concurrent.ThreadPoolExecutor.runWorker(ThreadPoolExecutor.java:1149)
	at java.util.concurrent.ThreadPoolExecutor$Worker.run(ThreadPoolExecutor.java:624)
	at org.apache.tomcat.util.threads.TaskThread$WrappingRunnable.run(TaskThread.java:61)
	at java.lang.Thread.run(Thread.java:748)
2020-07-03 17:20:09.265 [SpringContextShutdownHook] INFO  o.s.scheduling.concurrent.ThreadPoolTaskExecutor - Shutting down ExecutorService 'applicationTaskExecutor'
2020-07-03 17:20:09.267 [SpringContextShutdownHook] INFO  com.zaxxer.hikari.HikariDataSource - HikariPool-1 - Shutdown initiated...
2020-07-03 17:20:09.272 [SpringContextShutdownHook] INFO  com.zaxxer.hikari.HikariDataSource - HikariPool-1 - Shutdown completed.
2020-07-03 17:20:15.288 [main] INFO  com.swj.WarehouseApplication - Starting WarehouseApplication on MacBook-Pro.local with PID 21780 (/Users/macbookpro/IdeaProjects/gxc/target/classes started by macbookpro in /Users/macbookpro/IdeaProjects/gxc)
2020-07-03 17:20:15.290 [main] INFO  com.swj.WarehouseApplication - The following profiles are active: dev
2020-07-03 17:20:16.446 [main] INFO  o.s.boot.web.embedded.tomcat.TomcatWebServer - Tomcat initialized with port(s): 80 (http)
2020-07-03 17:20:16.452 [main] INFO  org.apache.coyote.http11.Http11NioProtocol - Initializing ProtocolHandler ["http-nio-80"]
2020-07-03 17:20:16.453 [main] INFO  org.apache.catalina.core.StandardService - Starting service [Tomcat]
2020-07-03 17:20:16.454 [main] INFO  org.apache.catalina.core.StandardEngine - Starting Servlet engine: [Apache Tomcat/9.0.35]
2020-07-03 17:20:16.509 [main] INFO  o.a.c.core.ContainerBase.[Tomcat].[localhost].[/] - Initializing Spring embedded WebApplicationContext
2020-07-03 17:20:16.509 [main] INFO  org.springframework.web.context.ContextLoader - Root WebApplicationContext: initialization completed in 1187 ms
2020-07-03 17:20:17.529 [main] INFO  s.d.s.w.PropertySourcedRequestMappingHandlerMapping - Mapped URL path [/v2/api-docs] onto method [springfox.documentation.swagger2.web.Swagger2Controller#getDocumentation(String, HttpServletRequest)]
2020-07-03 17:20:17.588 [main] INFO  o.s.scheduling.concurrent.ThreadPoolTaskExecutor - Initializing ExecutorService 'applicationTaskExecutor'
2020-07-03 17:20:17.707 [main] INFO  org.apache.coyote.http11.Http11NioProtocol - Starting ProtocolHandler ["http-nio-80"]
2020-07-03 17:20:17.729 [main] INFO  o.s.boot.web.embedded.tomcat.TomcatWebServer - Tomcat started on port(s): 80 (http) with context path ''
2020-07-03 17:20:17.731 [main] INFO  s.d.s.web.plugins.DocumentationPluginsBootstrapper - Context refreshed
2020-07-03 17:20:17.742 [main] INFO  s.d.s.web.plugins.DocumentationPluginsBootstrapper - Found 1 custom documentation plugin(s)
2020-07-03 17:20:17.767 [main] INFO  s.d.spring.web.scanners.ApiListingReferenceScanner - Scanning for api listing references
2020-07-03 17:20:17.887 [main] INFO  s.d.s.w.r.operation.CachingOperationNameGenerator - Generating unique operation named: getSelectListUsingPOST_1
2020-07-03 17:20:17.902 [main] INFO  s.d.s.w.r.operation.CachingOperationNameGenerator - Generating unique operation named: getSelectListUsingPOST_2
2020-07-03 17:20:17.925 [main] INFO  s.d.s.w.r.operation.CachingOperationNameGenerator - Generating unique operation named: getListUsingPOST_1
2020-07-03 17:20:17.938 [main] INFO  s.d.s.w.r.operation.CachingOperationNameGenerator - Generating unique operation named: getListUsingPOST_2
2020-07-03 17:20:17.945 [main] INFO  s.d.s.w.r.operation.CachingOperationNameGenerator - Generating unique operation named: getListUsingPOST_3
2020-07-03 17:20:17.983 [main] INFO  s.d.s.w.r.operation.CachingOperationNameGenerator - Generating unique operation named: checkGoodsUsingPOST_1
2020-07-03 17:20:18.010 [main] INFO  s.d.s.w.r.operation.CachingOperationNameGenerator - Generating unique operation named: getSelectListUsingPOST_3
2020-07-03 17:20:18.012 [main] INFO  s.d.s.w.r.operation.CachingOperationNameGenerator - Generating unique operation named: getWarehouseListUsingPOST_1
2020-07-03 17:20:18.030 [main] INFO  com.swj.WarehouseApplication - Started WarehouseApplication in 3.055 seconds (JVM running for 3.54)
2020-07-03 17:20:22.761 [http-nio-80-exec-2] INFO  o.a.c.core.ContainerBase.[Tomcat].[localhost].[/] - Initializing Spring DispatcherServlet 'dispatcherServlet'
2020-07-03 17:20:22.761 [http-nio-80-exec-2] INFO  org.springframework.web.servlet.DispatcherServlet - Initializing Servlet 'dispatcherServlet'
2020-07-03 17:20:22.768 [http-nio-80-exec-2] INFO  org.springframework.web.servlet.DispatcherServlet - Completed initialization in 7 ms
2020-07-03 17:20:22.833 [http-nio-80-exec-3] INFO  com.zaxxer.hikari.HikariDataSource - HikariPool-1 - Starting...
2020-07-03 17:20:23.133 [http-nio-80-exec-3] INFO  com.zaxxer.hikari.HikariDataSource - HikariPool-1 - Start completed.
2020-07-03 17:33:43.128 [SpringContextShutdownHook] INFO  o.s.scheduling.concurrent.ThreadPoolTaskExecutor - Shutting down ExecutorService 'applicationTaskExecutor'
2020-07-03 17:33:43.131 [SpringContextShutdownHook] INFO  com.zaxxer.hikari.HikariDataSource - HikariPool-1 - Shutdown initiated...
2020-07-03 17:33:43.136 [SpringContextShutdownHook] INFO  com.zaxxer.hikari.HikariDataSource - HikariPool-1 - Shutdown completed.
2020-07-03 17:52:37.784 [main] INFO  com.swj.WarehouseApplication - Starting WarehouseApplication on MacBook-Pro.local with PID 21910 (/Users/macbookpro/IdeaProjects/gxc/target/classes started by macbookpro in /Users/macbookpro/IdeaProjects/gxc)
2020-07-03 17:52:37.786 [main] INFO  com.swj.WarehouseApplication - The following profiles are active: dev
2020-07-03 17:52:39.382 [main] INFO  o.s.boot.web.embedded.tomcat.TomcatWebServer - Tomcat initialized with port(s): 80 (http)
2020-07-03 17:52:39.388 [main] INFO  org.apache.coyote.http11.Http11NioProtocol - Initializing ProtocolHandler ["http-nio-80"]
2020-07-03 17:52:39.389 [main] INFO  org.apache.catalina.core.StandardService - Starting service [Tomcat]
2020-07-03 17:52:39.389 [main] INFO  org.apache.catalina.core.StandardEngine - Starting Servlet engine: [Apache Tomcat/9.0.35]
2020-07-03 17:52:39.442 [main] INFO  o.a.c.core.ContainerBase.[Tomcat].[localhost].[/] - Initializing Spring embedded WebApplicationContext
2020-07-03 17:52:39.442 [main] INFO  org.springframework.web.context.ContextLoader - Root WebApplicationContext: initialization completed in 1590 ms
2020-07-03 17:52:40.502 [main] INFO  s.d.s.w.PropertySourcedRequestMappingHandlerMapping - Mapped URL path [/v2/api-docs] onto method [springfox.documentation.swagger2.web.Swagger2Controller#getDocumentation(String, HttpServletRequest)]
2020-07-03 17:52:40.562 [main] INFO  o.s.scheduling.concurrent.ThreadPoolTaskExecutor - Initializing ExecutorService 'applicationTaskExecutor'
2020-07-03 17:52:40.695 [main] INFO  org.apache.coyote.http11.Http11NioProtocol - Starting ProtocolHandler ["http-nio-80"]
2020-07-03 17:52:40.724 [main] INFO  o.s.boot.web.embedded.tomcat.TomcatWebServer - Tomcat started on port(s): 80 (http) with context path ''
2020-07-03 17:52:40.725 [main] INFO  s.d.s.web.plugins.DocumentationPluginsBootstrapper - Context refreshed
2020-07-03 17:52:40.735 [main] INFO  s.d.s.web.plugins.DocumentationPluginsBootstrapper - Found 1 custom documentation plugin(s)
2020-07-03 17:52:40.760 [main] INFO  s.d.spring.web.scanners.ApiListingReferenceScanner - Scanning for api listing references
2020-07-03 17:52:40.885 [main] INFO  s.d.s.w.r.operation.CachingOperationNameGenerator - Generating unique operation named: getSelectListUsingPOST_1
2020-07-03 17:52:40.899 [main] INFO  s.d.s.w.r.operation.CachingOperationNameGenerator - Generating unique operation named: getSelectListUsingPOST_2
2020-07-03 17:52:40.923 [main] INFO  s.d.s.w.r.operation.CachingOperationNameGenerator - Generating unique operation named: getListUsingPOST_1
2020-07-03 17:52:40.935 [main] INFO  s.d.s.w.r.operation.CachingOperationNameGenerator - Generating unique operation named: getListUsingPOST_2
2020-07-03 17:52:40.945 [main] INFO  s.d.s.w.r.operation.CachingOperationNameGenerator - Generating unique operation named: getListUsingPOST_3
2020-07-03 17:52:40.991 [main] INFO  s.d.s.w.r.operation.CachingOperationNameGenerator - Generating unique operation named: checkGoodsUsingPOST_1
2020-07-03 17:52:41.017 [main] INFO  s.d.s.w.r.operation.CachingOperationNameGenerator - Generating unique operation named: getSelectListUsingPOST_3
2020-07-03 17:52:41.022 [main] INFO  s.d.s.w.r.operation.CachingOperationNameGenerator - Generating unique operation named: getWarehouseListUsingPOST_1
2020-07-03 17:52:41.041 [main] INFO  com.swj.WarehouseApplication - Started WarehouseApplication in 3.638 seconds (JVM running for 4.338)
2020-07-03 17:52:59.170 [http-nio-80-exec-5] INFO  o.a.c.core.ContainerBase.[Tomcat].[localhost].[/] - Initializing Spring DispatcherServlet 'dispatcherServlet'
2020-07-03 17:52:59.170 [http-nio-80-exec-5] INFO  org.springframework.web.servlet.DispatcherServlet - Initializing Servlet 'dispatcherServlet'
2020-07-03 17:52:59.174 [http-nio-80-exec-5] INFO  org.springframework.web.servlet.DispatcherServlet - Completed initialization in 4 ms
2020-07-03 17:52:59.261 [http-nio-80-exec-10] INFO  com.zaxxer.hikari.HikariDataSource - HikariPool-1 - Starting...
2020-07-03 17:52:59.585 [http-nio-80-exec-10] INFO  com.zaxxer.hikari.HikariDataSource - HikariPool-1 - Start completed.
2020-07-03 18:12:27.782 [SpringContextShutdownHook] INFO  o.s.scheduling.concurrent.ThreadPoolTaskExecutor - Shutting down ExecutorService 'applicationTaskExecutor'
2020-07-03 18:12:27.784 [SpringContextShutdownHook] INFO  com.zaxxer.hikari.HikariDataSource - HikariPool-1 - Shutdown initiated...
2020-07-03 18:12:27.790 [SpringContextShutdownHook] INFO  com.zaxxer.hikari.HikariDataSource - HikariPool-1 - Shutdown completed.
2020-07-03 18:27:57.906 [main] INFO  com.swj.WarehouseApplication - Starting WarehouseApplication on MacBook-Pro.local with PID 22066 (/Users/macbookpro/IdeaProjects/gxc/target/classes started by macbookpro in /Users/macbookpro/IdeaProjects/gxc)
2020-07-03 18:27:57.909 [main] INFO  com.swj.WarehouseApplication - The following profiles are active: dev
2020-07-03 18:27:59.149 [main] INFO  o.s.boot.web.embedded.tomcat.TomcatWebServer - Tomcat initialized with port(s): 80 (http)
2020-07-03 18:27:59.156 [main] INFO  org.apache.coyote.http11.Http11NioProtocol - Initializing ProtocolHandler ["http-nio-80"]
2020-07-03 18:27:59.157 [main] INFO  org.apache.catalina.core.StandardService - Starting service [Tomcat]
2020-07-03 18:27:59.157 [main] INFO  org.apache.catalina.core.StandardEngine - Starting Servlet engine: [Apache Tomcat/9.0.35]
2020-07-03 18:27:59.224 [main] INFO  o.a.c.core.ContainerBase.[Tomcat].[localhost].[/] - Initializing Spring embedded WebApplicationContext
2020-07-03 18:27:59.225 [main] INFO  org.springframework.web.context.ContextLoader - Root WebApplicationContext: initialization completed in 1265 ms
2020-07-03 18:28:00.304 [main] INFO  s.d.s.w.PropertySourcedRequestMappingHandlerMapping - Mapped URL path [/v2/api-docs] onto method [springfox.documentation.swagger2.web.Swagger2Controller#getDocumentation(String, HttpServletRequest)]
2020-07-03 18:28:00.367 [main] INFO  o.s.scheduling.concurrent.ThreadPoolTaskExecutor - Initializing ExecutorService 'applicationTaskExecutor'
2020-07-03 18:28:00.504 [main] INFO  org.apache.coyote.http11.Http11NioProtocol - Starting ProtocolHandler ["http-nio-80"]
2020-07-03 18:28:00.534 [main] INFO  o.s.boot.web.embedded.tomcat.TomcatWebServer - Tomcat started on port(s): 80 (http) with context path ''
2020-07-03 18:28:00.535 [main] INFO  s.d.s.web.plugins.DocumentationPluginsBootstrapper - Context refreshed
2020-07-03 18:28:00.545 [main] INFO  s.d.s.web.plugins.DocumentationPluginsBootstrapper - Found 1 custom documentation plugin(s)
2020-07-03 18:28:00.573 [main] INFO  s.d.spring.web.scanners.ApiListingReferenceScanner - Scanning for api listing references
2020-07-03 18:28:00.705 [main] INFO  s.d.s.w.r.operation.CachingOperationNameGenerator - Generating unique operation named: getSelectListUsingPOST_1
2020-07-03 18:28:00.724 [main] INFO  s.d.s.w.r.operation.CachingOperationNameGenerator - Generating unique operation named: getSelectListUsingPOST_2
2020-07-03 18:28:00.752 [main] INFO  s.d.s.w.r.operation.CachingOperationNameGenerator - Generating unique operation named: getListUsingPOST_1
2020-07-03 18:28:00.762 [main] INFO  s.d.s.w.r.operation.CachingOperationNameGenerator - Generating unique operation named: getListUsingPOST_2
2020-07-03 18:28:00.769 [main] INFO  s.d.s.w.r.operation.CachingOperationNameGenerator - Generating unique operation named: getListUsingPOST_3
2020-07-03 18:28:00.806 [main] INFO  s.d.s.w.r.operation.CachingOperationNameGenerator - Generating unique operation named: checkGoodsUsingPOST_1
2020-07-03 18:28:00.832 [main] INFO  s.d.s.w.r.operation.CachingOperationNameGenerator - Generating unique operation named: getSelectListUsingPOST_3
2020-07-03 18:28:00.834 [main] INFO  s.d.s.w.r.operation.CachingOperationNameGenerator - Generating unique operation named: getWarehouseListUsingPOST_1
2020-07-03 18:28:00.853 [main] INFO  com.swj.WarehouseApplication - Started WarehouseApplication in 3.379 seconds (JVM running for 4.031)
2020-07-03 18:28:05.798 [http-nio-80-exec-1] INFO  o.a.c.core.ContainerBase.[Tomcat].[localhost].[/] - Initializing Spring DispatcherServlet 'dispatcherServlet'
2020-07-03 18:28:05.799 [http-nio-80-exec-1] INFO  org.springframework.web.servlet.DispatcherServlet - Initializing Servlet 'dispatcherServlet'
2020-07-03 18:28:05.804 [http-nio-80-exec-1] INFO  org.springframework.web.servlet.DispatcherServlet - Completed initialization in 5 ms
2020-07-03 18:28:08.709 [http-nio-80-exec-5] INFO  com.zaxxer.hikari.HikariDataSource - HikariPool-1 - Starting...
2020-07-03 18:28:08.995 [http-nio-80-exec-5] INFO  com.zaxxer.hikari.HikariDataSource - HikariPool-1 - Start completed.
2020-07-03 20:23:56.374 [SpringContextShutdownHook] INFO  o.s.scheduling.concurrent.ThreadPoolTaskExecutor - Shutting down ExecutorService 'applicationTaskExecutor'
2020-07-03 20:23:56.377 [SpringContextShutdownHook] INFO  com.zaxxer.hikari.HikariDataSource - HikariPool-1 - Shutdown initiated...
2020-07-03 20:23:56.384 [SpringContextShutdownHook] INFO  com.zaxxer.hikari.HikariDataSource - HikariPool-1 - Shutdown completed.
2020-07-03 20:26:19.256 [main] INFO  com.swj.WarehouseApplication - Starting WarehouseApplication on MacBook-Pro.local with PID 22217 (/Users/macbookpro/IdeaProjects/gxc/target/classes started by macbookpro in /Users/macbookpro/IdeaProjects/gxc)
2020-07-03 20:26:19.261 [main] INFO  com.swj.WarehouseApplication - The following profiles are active: dev
2020-07-03 20:26:20.733 [main] INFO  o.s.boot.web.embedded.tomcat.TomcatWebServer - Tomcat initialized with port(s): 80 (http)
2020-07-03 20:26:20.744 [main] INFO  org.apache.coyote.http11.Http11NioProtocol - Initializing ProtocolHandler ["http-nio-80"]
2020-07-03 20:26:20.746 [main] INFO  org.apache.catalina.core.StandardService - Starting service [Tomcat]
2020-07-03 20:26:20.746 [main] INFO  org.apache.catalina.core.StandardEngine - Starting Servlet engine: [Apache Tomcat/9.0.35]
2020-07-03 20:26:20.812 [main] INFO  o.a.c.core.ContainerBase.[Tomcat].[localhost].[/] - Initializing Spring embedded WebApplicationContext
2020-07-03 20:26:20.813 [main] INFO  org.springframework.web.context.ContextLoader - Root WebApplicationContext: initialization completed in 1490 ms
2020-07-03 20:26:22.009 [main] INFO  s.d.s.w.PropertySourcedRequestMappingHandlerMapping - Mapped URL path [/v2/api-docs] onto method [springfox.documentation.swagger2.web.Swagger2Controller#getDocumentation(String, HttpServletRequest)]
2020-07-03 20:26:22.077 [main] INFO  o.s.scheduling.concurrent.ThreadPoolTaskExecutor - Initializing ExecutorService 'applicationTaskExecutor'
2020-07-03 20:26:22.212 [main] INFO  org.apache.coyote.http11.Http11NioProtocol - Starting ProtocolHandler ["http-nio-80"]
2020-07-03 20:26:22.241 [main] INFO  o.s.boot.web.embedded.tomcat.TomcatWebServer - Tomcat started on port(s): 80 (http) with context path ''
2020-07-03 20:26:22.242 [main] INFO  s.d.s.web.plugins.DocumentationPluginsBootstrapper - Context refreshed
2020-07-03 20:26:22.252 [main] INFO  s.d.s.web.plugins.DocumentationPluginsBootstrapper - Found 1 custom documentation plugin(s)
2020-07-03 20:26:22.283 [main] INFO  s.d.spring.web.scanners.ApiListingReferenceScanner - Scanning for api listing references
2020-07-03 20:26:22.432 [main] INFO  s.d.s.w.r.operation.CachingOperationNameGenerator - Generating unique operation named: getSelectListUsingPOST_1
2020-07-03 20:26:22.450 [main] INFO  s.d.s.w.r.operation.CachingOperationNameGenerator - Generating unique operation named: getSelectListUsingPOST_2
2020-07-03 20:26:22.484 [main] INFO  s.d.s.w.r.operation.CachingOperationNameGenerator - Generating unique operation named: getListUsingPOST_1
2020-07-03 20:26:22.497 [main] INFO  s.d.s.w.r.operation.CachingOperationNameGenerator - Generating unique operation named: getListUsingPOST_2
2020-07-03 20:26:22.506 [main] INFO  s.d.s.w.r.operation.CachingOperationNameGenerator - Generating unique operation named: getListUsingPOST_3
2020-07-03 20:26:22.543 [main] INFO  s.d.s.w.r.operation.CachingOperationNameGenerator - Generating unique operation named: checkGoodsUsingPOST_1
2020-07-03 20:26:22.574 [main] INFO  s.d.s.w.r.operation.CachingOperationNameGenerator - Generating unique operation named: getSelectListUsingPOST_3
2020-07-03 20:26:22.577 [main] INFO  s.d.s.w.r.operation.CachingOperationNameGenerator - Generating unique operation named: getWarehouseListUsingPOST_1
2020-07-03 20:26:22.595 [main] INFO  com.swj.WarehouseApplication - Started WarehouseApplication in 3.79 seconds (JVM running for 4.499)
2020-07-03 20:26:24.148 [http-nio-80-exec-1] INFO  o.a.c.core.ContainerBase.[Tomcat].[localhost].[/] - Initializing Spring DispatcherServlet 'dispatcherServlet'
2020-07-03 20:26:24.149 [http-nio-80-exec-1] INFO  org.springframework.web.servlet.DispatcherServlet - Initializing Servlet 'dispatcherServlet'
2020-07-03 20:26:24.155 [http-nio-80-exec-1] INFO  org.springframework.web.servlet.DispatcherServlet - Completed initialization in 6 ms
2020-07-03 20:26:24.242 [http-nio-80-exec-2] INFO  com.zaxxer.hikari.HikariDataSource - HikariPool-1 - Starting...
2020-07-03 20:26:24.538 [http-nio-80-exec-2] INFO  com.zaxxer.hikari.HikariDataSource - HikariPool-1 - Start completed.
2020-07-03 21:05:30.661 [SpringContextShutdownHook] INFO  o.s.scheduling.concurrent.ThreadPoolTaskExecutor - Shutting down ExecutorService 'applicationTaskExecutor'
2020-07-03 21:05:30.664 [SpringContextShutdownHook] INFO  com.zaxxer.hikari.HikariDataSource - HikariPool-1 - Shutdown initiated...
2020-07-03 21:05:30.668 [SpringContextShutdownHook] INFO  com.zaxxer.hikari.HikariDataSource - HikariPool-1 - Shutdown completed.
2020-07-03 21:05:42.307 [main] INFO  com.swj.WarehouseApplication - Starting WarehouseApplication on MacBook-Pro.local with PID 22416 (/Users/macbookpro/IdeaProjects/gxc/target/classes started by macbookpro in /Users/macbookpro/IdeaProjects/gxc)
2020-07-03 21:05:42.310 [main] INFO  com.swj.WarehouseApplication - The following profiles are active: dev
2020-07-03 21:05:43.584 [main] INFO  o.s.boot.web.embedded.tomcat.TomcatWebServer - Tomcat initialized with port(s): 80 (http)
2020-07-03 21:05:43.594 [main] INFO  org.apache.coyote.http11.Http11NioProtocol - Initializing ProtocolHandler ["http-nio-80"]
2020-07-03 21:05:43.596 [main] INFO  org.apache.catalina.core.StandardService - Starting service [Tomcat]
2020-07-03 21:05:43.596 [main] INFO  org.apache.catalina.core.StandardEngine - Starting Servlet engine: [Apache Tomcat/9.0.35]
2020-07-03 21:05:43.652 [main] INFO  o.a.c.core.ContainerBase.[Tomcat].[localhost].[/] - Initializing Spring embedded WebApplicationContext
2020-07-03 21:05:43.653 [main] INFO  org.springframework.web.context.ContextLoader - Root WebApplicationContext: initialization completed in 1293 ms
2020-07-03 21:05:44.737 [main] INFO  s.d.s.w.PropertySourcedRequestMappingHandlerMapping - Mapped URL path [/v2/api-docs] onto method [springfox.documentation.swagger2.web.Swagger2Controller#getDocumentation(String, HttpServletRequest)]
2020-07-03 21:05:44.798 [main] INFO  o.s.scheduling.concurrent.ThreadPoolTaskExecutor - Initializing ExecutorService 'applicationTaskExecutor'
2020-07-03 21:05:44.928 [main] INFO  org.apache.coyote.http11.Http11NioProtocol - Starting ProtocolHandler ["http-nio-80"]
2020-07-03 21:05:44.957 [main] INFO  o.s.boot.web.embedded.tomcat.TomcatWebServer - Tomcat started on port(s): 80 (http) with context path ''
2020-07-03 21:05:44.958 [main] INFO  s.d.s.web.plugins.DocumentationPluginsBootstrapper - Context refreshed
2020-07-03 21:05:44.969 [main] INFO  s.d.s.web.plugins.DocumentationPluginsBootstrapper - Found 1 custom documentation plugin(s)
2020-07-03 21:05:45.003 [main] INFO  s.d.spring.web.scanners.ApiListingReferenceScanner - Scanning for api listing references
2020-07-03 21:05:45.141 [main] INFO  s.d.s.w.r.operation.CachingOperationNameGenerator - Generating unique operation named: getSelectListUsingPOST_1
2020-07-03 21:05:45.159 [main] INFO  s.d.s.w.r.operation.CachingOperationNameGenerator - Generating unique operation named: getSelectListUsingPOST_2
2020-07-03 21:05:45.188 [main] INFO  s.d.s.w.r.operation.CachingOperationNameGenerator - Generating unique operation named: getListUsingPOST_1
2020-07-03 21:05:45.201 [main] INFO  s.d.s.w.r.operation.CachingOperationNameGenerator - Generating unique operation named: getListUsingPOST_2
2020-07-03 21:05:45.208 [main] INFO  s.d.s.w.r.operation.CachingOperationNameGenerator - Generating unique operation named: getListUsingPOST_3
2020-07-03 21:05:45.250 [main] INFO  s.d.s.w.r.operation.CachingOperationNameGenerator - Generating unique operation named: checkGoodsUsingPOST_1
2020-07-03 21:05:45.276 [main] INFO  s.d.s.w.r.operation.CachingOperationNameGenerator - Generating unique operation named: getSelectListUsingPOST_3
2020-07-03 21:05:45.279 [main] INFO  s.d.s.w.r.operation.CachingOperationNameGenerator - Generating unique operation named: getWarehouseListUsingPOST_1
2020-07-03 21:05:45.295 [main] INFO  com.swj.WarehouseApplication - Started WarehouseApplication in 3.365 seconds (JVM running for 4.155)
2020-07-03 21:05:58.490 [http-nio-80-exec-1] INFO  o.a.c.core.ContainerBase.[Tomcat].[localhost].[/] - Initializing Spring DispatcherServlet 'dispatcherServlet'
2020-07-03 21:05:58.491 [http-nio-80-exec-1] INFO  org.springframework.web.servlet.DispatcherServlet - Initializing Servlet 'dispatcherServlet'
2020-07-03 21:05:58.497 [http-nio-80-exec-1] INFO  org.springframework.web.servlet.DispatcherServlet - Completed initialization in 6 ms
2020-07-03 21:05:58.556 [http-nio-80-exec-2] INFO  com.zaxxer.hikari.HikariDataSource - HikariPool-1 - Starting...
2020-07-03 21:05:58.854 [http-nio-80-exec-2] INFO  com.zaxxer.hikari.HikariDataSource - HikariPool-1 - Start completed.
2020-07-03 21:29:53.985 [SpringContextShutdownHook] INFO  o.s.scheduling.concurrent.ThreadPoolTaskExecutor - Shutting down ExecutorService 'applicationTaskExecutor'
2020-07-03 21:29:53.987 [SpringContextShutdownHook] INFO  com.zaxxer.hikari.HikariDataSource - HikariPool-1 - Shutdown initiated...
2020-07-03 21:29:53.994 [SpringContextShutdownHook] INFO  com.zaxxer.hikari.HikariDataSource - HikariPool-1 - Shutdown completed.
2020-07-03 21:30:00.512 [main] INFO  com.swj.WarehouseApplication - Starting WarehouseApplication on MacBook-Pro.local with PID 22525 (/Users/macbookpro/IdeaProjects/gxc/target/classes started by macbookpro in /Users/macbookpro/IdeaProjects/gxc)
2020-07-03 21:30:00.516 [main] INFO  com.swj.WarehouseApplication - The following profiles are active: dev
2020-07-03 21:30:02.099 [main] INFO  o.s.boot.web.embedded.tomcat.TomcatWebServer - Tomcat initialized with port(s): 80 (http)
2020-07-03 21:30:02.108 [main] INFO  org.apache.coyote.http11.Http11NioProtocol - Initializing ProtocolHandler ["http-nio-80"]
2020-07-03 21:30:02.109 [main] INFO  org.apache.catalina.core.StandardService - Starting service [Tomcat]
2020-07-03 21:30:02.109 [main] INFO  org.apache.catalina.core.StandardEngine - Starting Servlet engine: [Apache Tomcat/9.0.35]
2020-07-03 21:30:02.173 [main] INFO  o.a.c.core.ContainerBase.[Tomcat].[localhost].[/] - Initializing Spring embedded WebApplicationContext
2020-07-03 21:30:02.174 [main] INFO  org.springframework.web.context.ContextLoader - Root WebApplicationContext: initialization completed in 1617 ms
2020-07-03 21:30:03.345 [main] INFO  s.d.s.w.PropertySourcedRequestMappingHandlerMapping - Mapped URL path [/v2/api-docs] onto method [springfox.documentation.swagger2.web.Swagger2Controller#getDocumentation(String, HttpServletRequest)]
2020-07-03 21:30:03.404 [main] INFO  o.s.scheduling.concurrent.ThreadPoolTaskExecutor - Initializing ExecutorService 'applicationTaskExecutor'
2020-07-03 21:30:03.538 [main] INFO  org.apache.coyote.http11.Http11NioProtocol - Starting ProtocolHandler ["http-nio-80"]
2020-07-03 21:30:03.562 [main] INFO  o.s.boot.web.embedded.tomcat.TomcatWebServer - Tomcat started on port(s): 80 (http) with context path ''
2020-07-03 21:30:03.563 [main] INFO  s.d.s.web.plugins.DocumentationPluginsBootstrapper - Context refreshed
2020-07-03 21:30:03.572 [main] INFO  s.d.s.web.plugins.DocumentationPluginsBootstrapper - Found 1 custom documentation plugin(s)
2020-07-03 21:30:03.597 [main] INFO  s.d.spring.web.scanners.ApiListingReferenceScanner - Scanning for api listing references
2020-07-03 21:30:03.728 [main] INFO  s.d.s.w.r.operation.CachingOperationNameGenerator - Generating unique operation named: getSelectListUsingPOST_1
2020-07-03 21:30:03.748 [main] INFO  s.d.s.w.r.operation.CachingOperationNameGenerator - Generating unique operation named: getSelectListUsingPOST_2
2020-07-03 21:30:03.780 [main] INFO  s.d.s.w.r.operation.CachingOperationNameGenerator - Generating unique operation named: getListUsingPOST_1
2020-07-03 21:30:03.792 [main] INFO  s.d.s.w.r.operation.CachingOperationNameGenerator - Generating unique operation named: getListUsingPOST_2
2020-07-03 21:30:03.802 [main] INFO  s.d.s.w.r.operation.CachingOperationNameGenerator - Generating unique operation named: getListUsingPOST_3
2020-07-03 21:30:03.845 [main] INFO  s.d.s.w.r.operation.CachingOperationNameGenerator - Generating unique operation named: checkGoodsUsingPOST_1
2020-07-03 21:30:03.873 [main] INFO  s.d.s.w.r.operation.CachingOperationNameGenerator - Generating unique operation named: getSelectListUsingPOST_3
2020-07-03 21:30:03.878 [main] INFO  s.d.s.w.r.operation.CachingOperationNameGenerator - Generating unique operation named: getWarehouseListUsingPOST_1
2020-07-03 21:30:03.897 [main] INFO  com.swj.WarehouseApplication - Started WarehouseApplication in 3.73 seconds (JVM running for 4.264)
2020-07-03 21:30:55.117 [http-nio-80-exec-3] INFO  o.a.c.core.ContainerBase.[Tomcat].[localhost].[/] - Initializing Spring DispatcherServlet 'dispatcherServlet'
2020-07-03 21:30:55.117 [http-nio-80-exec-3] INFO  org.springframework.web.servlet.DispatcherServlet - Initializing Servlet 'dispatcherServlet'
2020-07-03 21:30:55.122 [http-nio-80-exec-3] INFO  org.springframework.web.servlet.DispatcherServlet - Completed initialization in 4 ms
2020-07-03 21:30:55.209 [http-nio-80-exec-9] INFO  com.zaxxer.hikari.HikariDataSource - HikariPool-1 - Starting...
2020-07-03 21:30:55.540 [http-nio-80-exec-9] INFO  com.zaxxer.hikari.HikariDataSource - HikariPool-1 - Start completed.
2020-07-03 22:26:49.413 [SpringContextShutdownHook] INFO  o.s.scheduling.concurrent.ThreadPoolTaskExecutor - Shutting down ExecutorService 'applicationTaskExecutor'
2020-07-03 22:26:49.415 [SpringContextShutdownHook] INFO  com.zaxxer.hikari.HikariDataSource - HikariPool-1 - Shutdown initiated...
2020-07-03 22:26:49.419 [SpringContextShutdownHook] INFO  com.zaxxer.hikari.HikariDataSource - HikariPool-1 - Shutdown completed.
2020-07-03 22:26:55.927 [main] INFO  com.swj.WarehouseApplication - Starting WarehouseApplication on MacBook-Pro.local with PID 22689 (/Users/macbookpro/IdeaProjects/gxc/target/classes started by macbookpro in /Users/macbookpro/IdeaProjects/gxc)
2020-07-03 22:26:55.930 [main] INFO  com.swj.WarehouseApplication - The following profiles are active: dev
2020-07-03 22:26:57.139 [main] INFO  o.s.boot.web.embedded.tomcat.TomcatWebServer - Tomcat initialized with port(s): 80 (http)
2020-07-03 22:26:57.147 [main] INFO  org.apache.coyote.http11.Http11NioProtocol - Initializing ProtocolHandler ["http-nio-80"]
2020-07-03 22:26:57.148 [main] INFO  org.apache.catalina.core.StandardService - Starting service [Tomcat]
2020-07-03 22:26:57.148 [main] INFO  org.apache.catalina.core.StandardEngine - Starting Servlet engine: [Apache Tomcat/9.0.35]
2020-07-03 22:26:57.213 [main] INFO  o.a.c.core.ContainerBase.[Tomcat].[localhost].[/] - Initializing Spring embedded WebApplicationContext
2020-07-03 22:26:57.214 [main] INFO  org.springframework.web.context.ContextLoader - Root WebApplicationContext: initialization completed in 1241 ms
2020-07-03 22:26:58.252 [main] INFO  s.d.s.w.PropertySourcedRequestMappingHandlerMapping - Mapped URL path [/v2/api-docs] onto method [springfox.documentation.swagger2.web.Swagger2Controller#getDocumentation(String, HttpServletRequest)]
2020-07-03 22:26:58.311 [main] INFO  o.s.scheduling.concurrent.ThreadPoolTaskExecutor - Initializing ExecutorService 'applicationTaskExecutor'
2020-07-03 22:26:58.431 [main] INFO  org.apache.coyote.http11.Http11NioProtocol - Starting ProtocolHandler ["http-nio-80"]
2020-07-03 22:26:58.453 [main] INFO  o.s.boot.web.embedded.tomcat.TomcatWebServer - Tomcat started on port(s): 80 (http) with context path ''
2020-07-03 22:26:58.454 [main] INFO  s.d.s.web.plugins.DocumentationPluginsBootstrapper - Context refreshed
2020-07-03 22:26:58.466 [main] INFO  s.d.s.web.plugins.DocumentationPluginsBootstrapper - Found 1 custom documentation plugin(s)
2020-07-03 22:26:58.491 [main] INFO  s.d.spring.web.scanners.ApiListingReferenceScanner - Scanning for api listing references
2020-07-03 22:26:58.617 [main] INFO  s.d.s.w.r.operation.CachingOperationNameGenerator - Generating unique operation named: getSelectListUsingPOST_1
2020-07-03 22:26:58.640 [main] INFO  s.d.s.w.r.operation.CachingOperationNameGenerator - Generating unique operation named: getSelectListUsingPOST_2
2020-07-03 22:26:58.695 [main] INFO  s.d.s.w.r.operation.CachingOperationNameGenerator - Generating unique operation named: getListUsingPOST_1
2020-07-03 22:26:58.715 [main] INFO  s.d.s.w.r.operation.CachingOperationNameGenerator - Generating unique operation named: getListUsingPOST_2
2020-07-03 22:26:58.729 [main] INFO  s.d.s.w.r.operation.CachingOperationNameGenerator - Generating unique operation named: getListUsingPOST_3
2020-07-03 22:26:58.774 [main] INFO  s.d.s.w.r.operation.CachingOperationNameGenerator - Generating unique operation named: checkGoodsUsingPOST_1
2020-07-03 22:26:58.809 [main] INFO  s.d.s.w.r.operation.CachingOperationNameGenerator - Generating unique operation named: getSelectListUsingPOST_3
2020-07-03 22:26:58.813 [main] INFO  s.d.s.w.r.operation.CachingOperationNameGenerator - Generating unique operation named: getWarehouseListUsingPOST_1
2020-07-03 22:26:58.836 [main] INFO  com.swj.WarehouseApplication - Started WarehouseApplication in 3.291 seconds (JVM running for 3.94)
2020-07-03 22:27:05.024 [http-nio-80-exec-1] INFO  o.a.c.core.ContainerBase.[Tomcat].[localhost].[/] - Initializing Spring DispatcherServlet 'dispatcherServlet'
2020-07-03 22:27:05.025 [http-nio-80-exec-1] INFO  org.springframework.web.servlet.DispatcherServlet - Initializing Servlet 'dispatcherServlet'
2020-07-03 22:27:05.032 [http-nio-80-exec-1] INFO  org.springframework.web.servlet.DispatcherServlet - Completed initialization in 7 ms
2020-07-03 22:27:05.383 [http-nio-80-exec-2] INFO  com.zaxxer.hikari.HikariDataSource - HikariPool-1 - Starting...
2020-07-03 22:27:05.688 [http-nio-80-exec-2] INFO  com.zaxxer.hikari.HikariDataSource - HikariPool-1 - Start completed.
2020-07-03 22:28:46.404 [SpringContextShutdownHook] INFO  o.s.scheduling.concurrent.ThreadPoolTaskExecutor - Shutting down ExecutorService 'applicationTaskExecutor'
2020-07-03 22:28:46.408 [SpringContextShutdownHook] INFO  com.zaxxer.hikari.HikariDataSource - HikariPool-1 - Shutdown initiated...
2020-07-03 22:28:46.421 [SpringContextShutdownHook] INFO  com.zaxxer.hikari.HikariDataSource - HikariPool-1 - Shutdown completed.
2020-07-03 22:28:53.752 [main] INFO  com.swj.WarehouseApplication - Starting WarehouseApplication on MacBook-Pro.local with PID 22707 (/Users/macbookpro/IdeaProjects/gxc/target/classes started by macbookpro in /Users/macbookpro/IdeaProjects/gxc)
2020-07-03 22:28:53.755 [main] INFO  com.swj.WarehouseApplication - The following profiles are active: dev
2020-07-03 22:28:54.973 [main] INFO  o.s.boot.web.embedded.tomcat.TomcatWebServer - Tomcat initialized with port(s): 80 (http)
2020-07-03 22:28:54.982 [main] INFO  org.apache.coyote.http11.Http11NioProtocol - Initializing ProtocolHandler ["http-nio-80"]
2020-07-03 22:28:54.983 [main] INFO  org.apache.catalina.core.StandardService - Starting service [Tomcat]
2020-07-03 22:28:54.983 [main] INFO  org.apache.catalina.core.StandardEngine - Starting Servlet engine: [Apache Tomcat/9.0.35]
2020-07-03 22:28:55.048 [main] INFO  o.a.c.core.ContainerBase.[Tomcat].[localhost].[/] - Initializing Spring embedded WebApplicationContext
2020-07-03 22:28:55.048 [main] INFO  org.springframework.web.context.ContextLoader - Root WebApplicationContext: initialization completed in 1246 ms
2020-07-03 22:28:56.049 [main] INFO  s.d.s.w.PropertySourcedRequestMappingHandlerMapping - Mapped URL path [/v2/api-docs] onto method [springfox.documentation.swagger2.web.Swagger2Controller#getDocumentation(String, HttpServletRequest)]
2020-07-03 22:28:56.109 [main] INFO  o.s.scheduling.concurrent.ThreadPoolTaskExecutor - Initializing ExecutorService 'applicationTaskExecutor'
2020-07-03 22:28:56.228 [main] INFO  org.apache.coyote.http11.Http11NioProtocol - Starting ProtocolHandler ["http-nio-80"]
2020-07-03 22:28:56.252 [main] INFO  o.s.boot.web.embedded.tomcat.TomcatWebServer - Tomcat started on port(s): 80 (http) with context path ''
2020-07-03 22:28:56.253 [main] INFO  s.d.s.web.plugins.DocumentationPluginsBootstrapper - Context refreshed
2020-07-03 22:28:56.264 [main] INFO  s.d.s.web.plugins.DocumentationPluginsBootstrapper - Found 1 custom documentation plugin(s)
2020-07-03 22:28:56.288 [main] INFO  s.d.spring.web.scanners.ApiListingReferenceScanner - Scanning for api listing references
2020-07-03 22:28:56.410 [main] INFO  s.d.s.w.r.operation.CachingOperationNameGenerator - Generating unique operation named: getSelectListUsingPOST_1
2020-07-03 22:28:56.426 [main] INFO  s.d.s.w.r.operation.CachingOperationNameGenerator - Generating unique operation named: getSelectListUsingPOST_2
2020-07-03 22:28:56.451 [main] INFO  s.d.s.w.r.operation.CachingOperationNameGenerator - Generating unique operation named: getListUsingPOST_1
2020-07-03 22:28:56.464 [main] INFO  s.d.s.w.r.operation.CachingOperationNameGenerator - Generating unique operation named: getListUsingPOST_2
2020-07-03 22:28:56.472 [main] INFO  s.d.s.w.r.operation.CachingOperationNameGenerator - Generating unique operation named: getListUsingPOST_3
2020-07-03 22:28:56.509 [main] INFO  s.d.s.w.r.operation.CachingOperationNameGenerator - Generating unique operation named: checkGoodsUsingPOST_1
2020-07-03 22:28:56.538 [main] INFO  s.d.s.w.r.operation.CachingOperationNameGenerator - Generating unique operation named: getSelectListUsingPOST_3
2020-07-03 22:28:56.541 [main] INFO  s.d.s.w.r.operation.CachingOperationNameGenerator - Generating unique operation named: getWarehouseListUsingPOST_1
2020-07-03 22:28:56.560 [main] INFO  com.swj.WarehouseApplication - Started WarehouseApplication in 3.208 seconds (JVM running for 4.008)
2020-07-03 22:29:11.764 [http-nio-80-exec-1] INFO  o.a.c.core.ContainerBase.[Tomcat].[localhost].[/] - Initializing Spring DispatcherServlet 'dispatcherServlet'
2020-07-03 22:29:11.765 [http-nio-80-exec-1] INFO  org.springframework.web.servlet.DispatcherServlet - Initializing Servlet 'dispatcherServlet'
2020-07-03 22:29:11.770 [http-nio-80-exec-1] INFO  org.springframework.web.servlet.DispatcherServlet - Completed initialization in 4 ms
2020-07-03 22:29:12.021 [http-nio-80-exec-2] INFO  com.zaxxer.hikari.HikariDataSource - HikariPool-1 - Starting...
2020-07-03 22:29:12.327 [http-nio-80-exec-2] INFO  com.zaxxer.hikari.HikariDataSource - HikariPool-1 - Start completed.
2020-07-03 23:11:15.439 [SpringContextShutdownHook] INFO  o.s.scheduling.concurrent.ThreadPoolTaskExecutor - Shutting down ExecutorService 'applicationTaskExecutor'
2020-07-03 23:11:15.441 [SpringContextShutdownHook] INFO  com.zaxxer.hikari.HikariDataSource - HikariPool-1 - Shutdown initiated...
2020-07-03 23:11:15.446 [SpringContextShutdownHook] INFO  com.zaxxer.hikari.HikariDataSource - HikariPool-1 - Shutdown completed.
2020-07-03 23:11:23.370 [main] INFO  com.swj.WarehouseApplication - Starting WarehouseApplication on MacBook-Pro.local with PID 22825 (/Users/macbookpro/IdeaProjects/gxc/target/classes started by macbookpro in /Users/macbookpro/IdeaProjects/gxc)
2020-07-03 23:11:23.373 [main] INFO  com.swj.WarehouseApplication - The following profiles are active: dev
2020-07-03 23:11:24.714 [main] INFO  o.s.boot.web.embedded.tomcat.TomcatWebServer - Tomcat initialized with port(s): 80 (http)
2020-07-03 23:11:24.721 [main] INFO  org.apache.coyote.http11.Http11NioProtocol - Initializing ProtocolHandler ["http-nio-80"]
2020-07-03 23:11:24.721 [main] INFO  org.apache.catalina.core.StandardService - Starting service [Tomcat]
2020-07-03 23:11:24.721 [main] INFO  org.apache.catalina.core.StandardEngine - Starting Servlet engine: [Apache Tomcat/9.0.35]
2020-07-03 23:11:24.781 [main] INFO  o.a.c.core.ContainerBase.[Tomcat].[localhost].[/] - Initializing Spring embedded WebApplicationContext
2020-07-03 23:11:24.782 [main] INFO  org.springframework.web.context.ContextLoader - Root WebApplicationContext: initialization completed in 1348 ms
2020-07-03 23:11:25.938 [main] INFO  s.d.s.w.PropertySourcedRequestMappingHandlerMapping - Mapped URL path [/v2/api-docs] onto method [springfox.documentation.swagger2.web.Swagger2Controller#getDocumentation(String, HttpServletRequest)]
2020-07-03 23:11:26.017 [main] INFO  o.s.scheduling.concurrent.ThreadPoolTaskExecutor - Initializing ExecutorService 'applicationTaskExecutor'
2020-07-03 23:11:26.162 [main] INFO  org.apache.coyote.http11.Http11NioProtocol - Starting ProtocolHandler ["http-nio-80"]
2020-07-03 23:11:26.191 [main] INFO  o.s.boot.web.embedded.tomcat.TomcatWebServer - Tomcat started on port(s): 80 (http) with context path ''
2020-07-03 23:11:26.192 [main] INFO  s.d.s.web.plugins.DocumentationPluginsBootstrapper - Context refreshed
2020-07-03 23:11:26.202 [main] INFO  s.d.s.web.plugins.DocumentationPluginsBootstrapper - Found 1 custom documentation plugin(s)
2020-07-03 23:11:26.231 [main] INFO  s.d.spring.web.scanners.ApiListingReferenceScanner - Scanning for api listing references
2020-07-03 23:11:26.369 [main] INFO  s.d.s.w.r.operation.CachingOperationNameGenerator - Generating unique operation named: getSelectListUsingPOST_1
2020-07-03 23:11:26.388 [main] INFO  s.d.s.w.r.operation.CachingOperationNameGenerator - Generating unique operation named: getSelectListUsingPOST_2
2020-07-03 23:11:26.420 [main] INFO  s.d.s.w.r.operation.CachingOperationNameGenerator - Generating unique operation named: getListUsingPOST_1
2020-07-03 23:11:26.431 [main] INFO  s.d.s.w.r.operation.CachingOperationNameGenerator - Generating unique operation named: getListUsingPOST_2
2020-07-03 23:11:26.441 [main] INFO  s.d.s.w.r.operation.CachingOperationNameGenerator - Generating unique operation named: getListUsingPOST_3
2020-07-03 23:11:26.489 [main] INFO  s.d.s.w.r.operation.CachingOperationNameGenerator - Generating unique operation named: checkGoodsUsingPOST_1
2020-07-03 23:11:26.519 [main] INFO  s.d.s.w.r.operation.CachingOperationNameGenerator - Generating unique operation named: getSelectListUsingPOST_3
2020-07-03 23:11:26.523 [main] INFO  s.d.s.w.r.operation.CachingOperationNameGenerator - Generating unique operation named: getWarehouseListUsingPOST_1
2020-07-03 23:11:26.545 [main] INFO  com.swj.WarehouseApplication - Started WarehouseApplication in 3.57 seconds (JVM running for 4.285)
2020-07-03 23:11:31.519 [http-nio-80-exec-1] INFO  o.a.c.core.ContainerBase.[Tomcat].[localhost].[/] - Initializing Spring DispatcherServlet 'dispatcherServlet'
2020-07-03 23:11:31.519 [http-nio-80-exec-1] INFO  org.springframework.web.servlet.DispatcherServlet - Initializing Servlet 'dispatcherServlet'
2020-07-03 23:11:31.527 [http-nio-80-exec-1] INFO  org.springframework.web.servlet.DispatcherServlet - Completed initialization in 8 ms
2020-07-03 23:11:31.778 [http-nio-80-exec-3] INFO  com.zaxxer.hikari.HikariDataSource - HikariPool-1 - Starting...
2020-07-03 23:11:32.101 [http-nio-80-exec-3] INFO  com.zaxxer.hikari.HikariDataSource - HikariPool-1 - Start completed.
2020-07-03 23:13:45.436 [SpringContextShutdownHook] INFO  o.s.scheduling.concurrent.ThreadPoolTaskExecutor - Shutting down ExecutorService 'applicationTaskExecutor'
2020-07-03 23:13:45.442 [SpringContextShutdownHook] INFO  com.zaxxer.hikari.HikariDataSource - HikariPool-1 - Shutdown initiated...
2020-07-03 23:13:45.467 [SpringContextShutdownHook] INFO  com.zaxxer.hikari.HikariDataSource - HikariPool-1 - Shutdown completed.
2020-07-03 23:13:51.354 [main] INFO  com.swj.WarehouseApplication - Starting WarehouseApplication on MacBook-Pro.local with PID 22841 (/Users/macbookpro/IdeaProjects/gxc/target/classes started by macbookpro in /Users/macbookpro/IdeaProjects/gxc)
2020-07-03 23:13:51.362 [main] INFO  com.swj.WarehouseApplication - The following profiles are active: dev
2020-07-03 23:13:52.644 [main] INFO  o.s.boot.web.embedded.tomcat.TomcatWebServer - Tomcat initialized with port(s): 80 (http)
2020-07-03 23:13:52.651 [main] INFO  org.apache.coyote.http11.Http11NioProtocol - Initializing ProtocolHandler ["http-nio-80"]
2020-07-03 23:13:52.652 [main] INFO  org.apache.catalina.core.StandardService - Starting service [Tomcat]
2020-07-03 23:13:52.652 [main] INFO  org.apache.catalina.core.StandardEngine - Starting Servlet engine: [Apache Tomcat/9.0.35]
2020-07-03 23:13:52.711 [main] INFO  o.a.c.core.ContainerBase.[Tomcat].[localhost].[/] - Initializing Spring embedded WebApplicationContext
2020-07-03 23:13:52.712 [main] INFO  org.springframework.web.context.ContextLoader - Root WebApplicationContext: initialization completed in 1299 ms
2020-07-03 23:13:53.906 [main] INFO  s.d.s.w.PropertySourcedRequestMappingHandlerMapping - Mapped URL path [/v2/api-docs] onto method [springfox.documentation.swagger2.web.Swagger2Controller#getDocumentation(String, HttpServletRequest)]
2020-07-03 23:13:53.977 [main] INFO  o.s.scheduling.concurrent.ThreadPoolTaskExecutor - Initializing ExecutorService 'applicationTaskExecutor'
2020-07-03 23:13:54.123 [main] INFO  org.apache.coyote.http11.Http11NioProtocol - Starting ProtocolHandler ["http-nio-80"]
2020-07-03 23:13:54.149 [main] INFO  o.s.boot.web.embedded.tomcat.TomcatWebServer - Tomcat started on port(s): 80 (http) with context path ''
2020-07-03 23:13:54.150 [main] INFO  s.d.s.web.plugins.DocumentationPluginsBootstrapper - Context refreshed
2020-07-03 23:13:54.160 [main] INFO  s.d.s.web.plugins.DocumentationPluginsBootstrapper - Found 1 custom documentation plugin(s)
2020-07-03 23:13:54.188 [main] INFO  s.d.spring.web.scanners.ApiListingReferenceScanner - Scanning for api listing references
2020-07-03 23:13:54.328 [main] INFO  s.d.s.w.r.operation.CachingOperationNameGenerator - Generating unique operation named: getSelectListUsingPOST_1
2020-07-03 23:13:54.346 [main] INFO  s.d.s.w.r.operation.CachingOperationNameGenerator - Generating unique operation named: getSelectListUsingPOST_2
2020-07-03 23:13:54.374 [main] INFO  s.d.s.w.r.operation.CachingOperationNameGenerator - Generating unique operation named: getListUsingPOST_1
2020-07-03 23:13:54.385 [main] INFO  s.d.s.w.r.operation.CachingOperationNameGenerator - Generating unique operation named: getListUsingPOST_2
2020-07-03 23:13:54.394 [main] INFO  s.d.s.w.r.operation.CachingOperationNameGenerator - Generating unique operation named: getListUsingPOST_3
2020-07-03 23:13:54.436 [main] INFO  s.d.s.w.r.operation.CachingOperationNameGenerator - Generating unique operation named: checkGoodsUsingPOST_1
2020-07-03 23:13:54.461 [main] INFO  s.d.s.w.r.operation.CachingOperationNameGenerator - Generating unique operation named: getSelectListUsingPOST_3
2020-07-03 23:13:54.463 [main] INFO  s.d.s.w.r.operation.CachingOperationNameGenerator - Generating unique operation named: getWarehouseListUsingPOST_1
2020-07-03 23:13:54.482 [main] INFO  com.swj.WarehouseApplication - Started WarehouseApplication in 3.531 seconds (JVM running for 4.151)
2020-07-03 23:14:22.040 [http-nio-80-exec-1] INFO  o.a.c.core.ContainerBase.[Tomcat].[localhost].[/] - Initializing Spring DispatcherServlet 'dispatcherServlet'
2020-07-03 23:14:22.040 [http-nio-80-exec-1] INFO  org.springframework.web.servlet.DispatcherServlet - Initializing Servlet 'dispatcherServlet'
2020-07-03 23:14:22.047 [http-nio-80-exec-1] INFO  org.springframework.web.servlet.DispatcherServlet - Completed initialization in 7 ms
2020-07-03 23:14:22.323 [http-nio-80-exec-4] INFO  com.zaxxer.hikari.HikariDataSource - HikariPool-1 - Starting...
2020-07-03 23:14:22.663 [http-nio-80-exec-4] INFO  com.zaxxer.hikari.HikariDataSource - HikariPool-1 - Start completed.
2020-07-03 23:23:34.580 [SpringContextShutdownHook] INFO  o.s.scheduling.concurrent.ThreadPoolTaskExecutor - Shutting down ExecutorService 'applicationTaskExecutor'
2020-07-03 23:23:34.583 [SpringContextShutdownHook] INFO  com.zaxxer.hikari.HikariDataSource - HikariPool-1 - Shutdown initiated...
2020-07-03 23:23:34.588 [SpringContextShutdownHook] INFO  com.zaxxer.hikari.HikariDataSource - HikariPool-1 - Shutdown completed.
2020-07-03 23:23:41.224 [main] INFO  com.swj.WarehouseApplication - Starting WarehouseApplication on MacBook-Pro.local with PID 22884 (/Users/macbookpro/IdeaProjects/gxc/target/classes started by macbookpro in /Users/macbookpro/IdeaProjects/gxc)
2020-07-03 23:23:41.227 [main] INFO  com.swj.WarehouseApplication - The following profiles are active: dev
2020-07-03 23:23:42.639 [main] INFO  o.s.boot.web.embedded.tomcat.TomcatWebServer - Tomcat initialized with port(s): 80 (http)
2020-07-03 23:23:42.645 [main] INFO  org.apache.coyote.http11.Http11NioProtocol - Initializing ProtocolHandler ["http-nio-80"]
2020-07-03 23:23:42.645 [main] INFO  org.apache.catalina.core.StandardService - Starting service [Tomcat]
2020-07-03 23:23:42.646 [main] INFO  org.apache.catalina.core.StandardEngine - Starting Servlet engine: [Apache Tomcat/9.0.35]
2020-07-03 23:23:42.698 [main] INFO  o.a.c.core.ContainerBase.[Tomcat].[localhost].[/] - Initializing Spring embedded WebApplicationContext
2020-07-03 23:23:42.699 [main] INFO  org.springframework.web.context.ContextLoader - Root WebApplicationContext: initialization completed in 1428 ms
2020-07-03 23:23:43.712 [main] INFO  s.d.s.w.PropertySourcedRequestMappingHandlerMapping - Mapped URL path [/v2/api-docs] onto method [springfox.documentation.swagger2.web.Swagger2Controller#getDocumentation(String, HttpServletRequest)]
2020-07-03 23:23:43.769 [main] INFO  o.s.scheduling.concurrent.ThreadPoolTaskExecutor - Initializing ExecutorService 'applicationTaskExecutor'
2020-07-03 23:23:43.891 [main] INFO  org.apache.coyote.http11.Http11NioProtocol - Starting ProtocolHandler ["http-nio-80"]
2020-07-03 23:23:43.916 [main] INFO  o.s.boot.web.embedded.tomcat.TomcatWebServer - Tomcat started on port(s): 80 (http) with context path ''
2020-07-03 23:23:43.917 [main] INFO  s.d.s.web.plugins.DocumentationPluginsBootstrapper - Context refreshed
2020-07-03 23:23:43.928 [main] INFO  s.d.s.web.plugins.DocumentationPluginsBootstrapper - Found 1 custom documentation plugin(s)
2020-07-03 23:23:43.954 [main] INFO  s.d.spring.web.scanners.ApiListingReferenceScanner - Scanning for api listing references
2020-07-03 23:23:44.078 [main] INFO  s.d.s.w.r.operation.CachingOperationNameGenerator - Generating unique operation named: getSelectListUsingPOST_1
2020-07-03 23:23:44.094 [main] INFO  s.d.s.w.r.operation.CachingOperationNameGenerator - Generating unique operation named: getSelectListUsingPOST_2
2020-07-03 23:23:44.121 [main] INFO  s.d.s.w.r.operation.CachingOperationNameGenerator - Generating unique operation named: getListUsingPOST_1
2020-07-03 23:23:44.133 [main] INFO  s.d.s.w.r.operation.CachingOperationNameGenerator - Generating unique operation named: getListUsingPOST_2
2020-07-03 23:23:44.140 [main] INFO  s.d.s.w.r.operation.CachingOperationNameGenerator - Generating unique operation named: getListUsingPOST_3
2020-07-03 23:23:44.179 [main] INFO  s.d.s.w.r.operation.CachingOperationNameGenerator - Generating unique operation named: checkGoodsUsingPOST_1
2020-07-03 23:23:44.205 [main] INFO  s.d.s.w.r.operation.CachingOperationNameGenerator - Generating unique operation named: getSelectListUsingPOST_3
2020-07-03 23:23:44.210 [main] INFO  s.d.s.w.r.operation.CachingOperationNameGenerator - Generating unique operation named: getWarehouseListUsingPOST_1
2020-07-03 23:23:44.229 [main] INFO  com.swj.WarehouseApplication - Started WarehouseApplication in 3.498 seconds (JVM running for 4.288)
2020-07-03 23:27:29.210 [SpringContextShutdownHook] INFO  o.s.scheduling.concurrent.ThreadPoolTaskExecutor - Shutting down ExecutorService 'applicationTaskExecutor'
2020-07-03 23:27:37.373 [main] INFO  com.swj.WarehouseApplication - Starting WarehouseApplication on MacBook-Pro.local with PID 22906 (/Users/macbookpro/IdeaProjects/gxc/target/classes started by macbookpro in /Users/macbookpro/IdeaProjects/gxc)
2020-07-03 23:27:37.376 [main] INFO  com.swj.WarehouseApplication - The following profiles are active: dev
2020-07-03 23:27:38.535 [main] INFO  o.s.boot.web.embedded.tomcat.TomcatWebServer - Tomcat initialized with port(s): 80 (http)
2020-07-03 23:27:38.544 [main] INFO  org.apache.coyote.http11.Http11NioProtocol - Initializing ProtocolHandler ["http-nio-80"]
2020-07-03 23:27:38.545 [main] INFO  org.apache.catalina.core.StandardService - Starting service [Tomcat]
2020-07-03 23:27:38.545 [main] INFO  org.apache.catalina.core.StandardEngine - Starting Servlet engine: [Apache Tomcat/9.0.35]
2020-07-03 23:27:38.611 [main] INFO  o.a.c.core.ContainerBase.[Tomcat].[localhost].[/] - Initializing Spring embedded WebApplicationContext
2020-07-03 23:27:38.612 [main] INFO  org.springframework.web.context.ContextLoader - Root WebApplicationContext: initialization completed in 1191 ms
2020-07-03 23:27:39.727 [main] INFO  s.d.s.w.PropertySourcedRequestMappingHandlerMapping - Mapped URL path [/v2/api-docs] onto method [springfox.documentation.swagger2.web.Swagger2Controller#getDocumentation(String, HttpServletRequest)]
2020-07-03 23:27:39.788 [main] INFO  o.s.scheduling.concurrent.ThreadPoolTaskExecutor - Initializing ExecutorService 'applicationTaskExecutor'
2020-07-03 23:27:39.948 [main] INFO  org.apache.coyote.http11.Http11NioProtocol - Starting ProtocolHandler ["http-nio-80"]
2020-07-03 23:27:39.974 [main] INFO  o.s.boot.web.embedded.tomcat.TomcatWebServer - Tomcat started on port(s): 80 (http) with context path ''
2020-07-03 23:27:39.975 [main] INFO  s.d.s.web.plugins.DocumentationPluginsBootstrapper - Context refreshed
2020-07-03 23:27:39.984 [main] INFO  s.d.s.web.plugins.DocumentationPluginsBootstrapper - Found 1 custom documentation plugin(s)
2020-07-03 23:27:40.011 [main] INFO  s.d.spring.web.scanners.ApiListingReferenceScanner - Scanning for api listing references
2020-07-03 23:27:40.145 [main] INFO  s.d.s.w.r.operation.CachingOperationNameGenerator - Generating unique operation named: getSelectListUsingPOST_1
2020-07-03 23:27:40.173 [main] INFO  s.d.s.w.r.operation.CachingOperationNameGenerator - Generating unique operation named: getSelectListUsingPOST_2
2020-07-03 23:27:40.208 [main] INFO  s.d.s.w.r.operation.CachingOperationNameGenerator - Generating unique operation named: getListUsingPOST_1
2020-07-03 23:27:40.227 [main] INFO  s.d.s.w.r.operation.CachingOperationNameGenerator - Generating unique operation named: getListUsingPOST_2
2020-07-03 23:27:40.239 [main] INFO  s.d.s.w.r.operation.CachingOperationNameGenerator - Generating unique operation named: getListUsingPOST_3
2020-07-03 23:27:40.293 [main] INFO  s.d.s.w.r.operation.CachingOperationNameGenerator - Generating unique operation named: checkGoodsUsingPOST_1
2020-07-03 23:27:40.324 [main] INFO  s.d.s.w.r.operation.CachingOperationNameGenerator - Generating unique operation named: getSelectListUsingPOST_3
2020-07-03 23:27:40.327 [main] INFO  s.d.s.w.r.operation.CachingOperationNameGenerator - Generating unique operation named: getWarehouseListUsingPOST_1
2020-07-03 23:27:40.348 [main] INFO  com.swj.WarehouseApplication - Started WarehouseApplication in 3.33 seconds (JVM running for 4.024)
2020-07-03 23:28:17.500 [http-nio-80-exec-2] INFO  o.a.c.core.ContainerBase.[Tomcat].[localhost].[/] - Initializing Spring DispatcherServlet 'dispatcherServlet'
2020-07-03 23:28:17.501 [http-nio-80-exec-2] INFO  org.springframework.web.servlet.DispatcherServlet - Initializing Servlet 'dispatcherServlet'
2020-07-03 23:28:17.505 [http-nio-80-exec-2] INFO  org.springframework.web.servlet.DispatcherServlet - Completed initialization in 4 ms
2020-07-03 23:28:17.563 [http-nio-80-exec-1] INFO  com.zaxxer.hikari.HikariDataSource - HikariPool-1 - Starting...
2020-07-03 23:28:17.864 [http-nio-80-exec-1] INFO  com.zaxxer.hikari.HikariDataSource - HikariPool-1 - Start completed.
