2020-07-01 10:08:19.042 [SpringContextShutdownHook] INFO  o.s.scheduling.concurrent.ThreadPoolTaskExecutor - Shutting down ExecutorService 'applicationTaskExecutor'
2020-07-01 10:08:19.047 [SpringContextShutdownHook] INFO  com.zaxxer.hikari.HikariDataSource - HikariPool-1 - Shutdown initiated...
2020-07-01 10:08:19.052 [SpringContextShutdownHook] INFO  com.zaxxer.hikari.HikariDataSource - HikariPool-1 - Shutdown completed.
2020-07-01 10:08:27.325 [main] INFO  com.swj.WarehouseApplication - Starting WarehouseApplication on MacBook-Pro.local with PID 16901 (/Users/macbookpro/IdeaProjects/gxc/target/classes started by macbookpro in /Users/macbookpro/IdeaProjects/gxc)
2020-07-01 10:08:27.327 [main] INFO  com.swj.WarehouseApplication - The following profiles are active: dev
2020-07-01 10:08:28.770 [main] INFO  o.s.boot.web.embedded.tomcat.TomcatWebServer - Tomcat initialized with port(s): 80 (http)
2020-07-01 10:08:28.781 [main] INFO  org.apache.coyote.http11.Http11NioProtocol - Initializing ProtocolHandler ["http-nio-80"]
2020-07-01 10:08:28.781 [main] INFO  org.apache.catalina.core.StandardService - Starting service [Tomcat]
2020-07-01 10:08:28.782 [main] INFO  org.apache.catalina.core.StandardEngine - Starting Servlet engine: [Apache Tomcat/9.0.35]
2020-07-01 10:08:28.858 [main] INFO  o.a.c.core.ContainerBase.[Tomcat].[localhost].[/] - Initializing Spring embedded WebApplicationContext
2020-07-01 10:08:28.858 [main] INFO  org.springframework.web.context.ContextLoader - Root WebApplicationContext: initialization completed in 1490 ms
2020-07-01 10:08:29.980 [main] INFO  s.d.s.w.PropertySourcedRequestMappingHandlerMapping - Mapped URL path [/v2/api-docs] onto method [springfox.documentation.swagger2.web.Swagger2Controller#getDocumentation(String, HttpServletRequest)]
2020-07-01 10:08:30.047 [main] INFO  o.s.scheduling.concurrent.ThreadPoolTaskExecutor - Initializing ExecutorService 'applicationTaskExecutor'
2020-07-01 10:08:30.199 [main] INFO  org.apache.coyote.http11.Http11NioProtocol - Starting ProtocolHandler ["http-nio-80"]
2020-07-01 10:08:30.225 [main] INFO  o.s.boot.web.embedded.tomcat.TomcatWebServer - Tomcat started on port(s): 80 (http) with context path ''
2020-07-01 10:08:30.226 [main] INFO  s.d.s.web.plugins.DocumentationPluginsBootstrapper - Context refreshed
2020-07-01 10:08:30.241 [main] INFO  s.d.s.web.plugins.DocumentationPluginsBootstrapper - Found 1 custom documentation plugin(s)
2020-07-01 10:08:30.273 [main] INFO  s.d.spring.web.scanners.ApiListingReferenceScanner - Scanning for api listing references
2020-07-01 10:08:30.424 [main] INFO  s.d.s.w.r.operation.CachingOperationNameGenerator - Generating unique operation named: getSelectListUsingPOST_1
2020-07-01 10:08:30.465 [main] INFO  s.d.s.w.r.operation.CachingOperationNameGenerator - Generating unique operation named: getListUsingPOST_1
2020-07-01 10:08:30.475 [main] INFO  s.d.s.w.r.operation.CachingOperationNameGenerator - Generating unique operation named: getListUsingPOST_2
2020-07-01 10:08:30.482 [main] INFO  s.d.s.w.r.operation.CachingOperationNameGenerator - Generating unique operation named: getListUsingPOST_3
2020-07-01 10:08:30.507 [main] INFO  s.d.s.w.r.operation.CachingOperationNameGenerator - Generating unique operation named: checkGoodsUsingPOST_1
2020-07-01 10:08:30.530 [main] INFO  s.d.s.w.r.operation.CachingOperationNameGenerator - Generating unique operation named: getWarehouseListUsingPOST_1
2020-07-01 10:08:30.550 [main] INFO  com.swj.WarehouseApplication - Started WarehouseApplication in 3.637 seconds (JVM running for 4.286)
2020-07-01 10:15:04.966 [http-nio-80-exec-1] INFO  o.a.c.core.ContainerBase.[Tomcat].[localhost].[/] - Initializing Spring DispatcherServlet 'dispatcherServlet'
2020-07-01 10:15:04.966 [http-nio-80-exec-1] INFO  org.springframework.web.servlet.DispatcherServlet - Initializing Servlet 'dispatcherServlet'
2020-07-01 10:15:04.975 [http-nio-80-exec-1] INFO  org.springframework.web.servlet.DispatcherServlet - Completed initialization in 9 ms
2020-07-01 10:20:25.091 [http-nio-80-exec-2] INFO  com.zaxxer.hikari.HikariDataSource - HikariPool-1 - Starting...
2020-07-01 10:20:25.488 [http-nio-80-exec-2] INFO  com.zaxxer.hikari.HikariDataSource - HikariPool-1 - Start completed.
2020-07-01 10:27:43.729 [SpringContextShutdownHook] INFO  o.s.scheduling.concurrent.ThreadPoolTaskExecutor - Shutting down ExecutorService 'applicationTaskExecutor'
2020-07-01 10:27:43.732 [SpringContextShutdownHook] INFO  com.zaxxer.hikari.HikariDataSource - HikariPool-1 - Shutdown initiated...
2020-07-01 10:27:43.739 [SpringContextShutdownHook] INFO  com.zaxxer.hikari.HikariDataSource - HikariPool-1 - Shutdown completed.
2020-07-01 10:27:48.622 [main] INFO  com.swj.WarehouseApplication - Starting WarehouseApplication on MacBook-Pro.local with PID 16982 (/Users/macbookpro/IdeaProjects/gxc/target/classes started by macbookpro in /Users/macbookpro/IdeaProjects/gxc)
2020-07-01 10:27:48.626 [main] INFO  com.swj.WarehouseApplication - The following profiles are active: dev
2020-07-01 10:27:49.931 [main] INFO  o.s.boot.web.embedded.tomcat.TomcatWebServer - Tomcat initialized with port(s): 80 (http)
2020-07-01 10:27:49.939 [main] INFO  org.apache.coyote.http11.Http11NioProtocol - Initializing ProtocolHandler ["http-nio-80"]
2020-07-01 10:27:49.939 [main] INFO  org.apache.catalina.core.StandardService - Starting service [Tomcat]
2020-07-01 10:27:49.939 [main] INFO  org.apache.catalina.core.StandardEngine - Starting Servlet engine: [Apache Tomcat/9.0.35]
2020-07-01 10:27:49.996 [main] INFO  o.a.c.core.ContainerBase.[Tomcat].[localhost].[/] - Initializing Spring embedded WebApplicationContext
2020-07-01 10:27:49.996 [main] INFO  org.springframework.web.context.ContextLoader - Root WebApplicationContext: initialization completed in 1331 ms
2020-07-01 10:27:51.003 [main] INFO  s.d.s.w.PropertySourcedRequestMappingHandlerMapping - Mapped URL path [/v2/api-docs] onto method [springfox.documentation.swagger2.web.Swagger2Controller#getDocumentation(String, HttpServletRequest)]
2020-07-01 10:27:51.064 [main] INFO  o.s.scheduling.concurrent.ThreadPoolTaskExecutor - Initializing ExecutorService 'applicationTaskExecutor'
2020-07-01 10:27:51.194 [main] INFO  org.apache.coyote.http11.Http11NioProtocol - Starting ProtocolHandler ["http-nio-80"]
2020-07-01 10:27:51.221 [main] INFO  o.s.boot.web.embedded.tomcat.TomcatWebServer - Tomcat started on port(s): 80 (http) with context path ''
2020-07-01 10:27:51.223 [main] INFO  s.d.s.web.plugins.DocumentationPluginsBootstrapper - Context refreshed
2020-07-01 10:27:51.237 [main] INFO  s.d.s.web.plugins.DocumentationPluginsBootstrapper - Found 1 custom documentation plugin(s)
2020-07-01 10:27:51.263 [main] INFO  s.d.spring.web.scanners.ApiListingReferenceScanner - Scanning for api listing references
2020-07-01 10:27:51.406 [main] INFO  s.d.s.w.r.operation.CachingOperationNameGenerator - Generating unique operation named: getSelectListUsingPOST_1
2020-07-01 10:27:51.455 [main] INFO  s.d.s.w.r.operation.CachingOperationNameGenerator - Generating unique operation named: getListUsingPOST_1
2020-07-01 10:27:51.468 [main] INFO  s.d.s.w.r.operation.CachingOperationNameGenerator - Generating unique operation named: getListUsingPOST_2
2020-07-01 10:27:51.474 [main] INFO  s.d.s.w.r.operation.CachingOperationNameGenerator - Generating unique operation named: getListUsingPOST_3
2020-07-01 10:27:51.503 [main] INFO  s.d.s.w.r.operation.CachingOperationNameGenerator - Generating unique operation named: checkGoodsUsingPOST_1
2020-07-01 10:27:51.528 [main] INFO  s.d.s.w.r.operation.CachingOperationNameGenerator - Generating unique operation named: getWarehouseListUsingPOST_1
2020-07-01 10:27:51.546 [main] INFO  com.swj.WarehouseApplication - Started WarehouseApplication in 3.271 seconds (JVM running for 3.867)
2020-07-01 10:27:56.101 [http-nio-80-exec-1] INFO  o.a.c.core.ContainerBase.[Tomcat].[localhost].[/] - Initializing Spring DispatcherServlet 'dispatcherServlet'
2020-07-01 10:27:56.102 [http-nio-80-exec-1] INFO  org.springframework.web.servlet.DispatcherServlet - Initializing Servlet 'dispatcherServlet'
2020-07-01 10:27:56.106 [http-nio-80-exec-1] INFO  org.springframework.web.servlet.DispatcherServlet - Completed initialization in 4 ms
2020-07-01 10:27:56.178 [http-nio-80-exec-1] INFO  com.zaxxer.hikari.HikariDataSource - HikariPool-1 - Starting...
2020-07-01 10:27:56.468 [http-nio-80-exec-1] INFO  com.zaxxer.hikari.HikariDataSource - HikariPool-1 - Start completed.
2020-07-01 10:36:23.459 [SpringContextShutdownHook] INFO  o.s.scheduling.concurrent.ThreadPoolTaskExecutor - Shutting down ExecutorService 'applicationTaskExecutor'
2020-07-01 10:36:23.462 [SpringContextShutdownHook] INFO  com.zaxxer.hikari.HikariDataSource - HikariPool-1 - Shutdown initiated...
2020-07-01 10:36:23.468 [SpringContextShutdownHook] INFO  com.zaxxer.hikari.HikariDataSource - HikariPool-1 - Shutdown completed.
2020-07-01 10:36:29.105 [main] INFO  com.swj.WarehouseApplication - Starting WarehouseApplication on MacBook-Pro.local with PID 17039 (/Users/macbookpro/IdeaProjects/gxc/target/classes started by macbookpro in /Users/macbookpro/IdeaProjects/gxc)
2020-07-01 10:36:29.107 [main] INFO  com.swj.WarehouseApplication - The following profiles are active: dev
2020-07-01 10:36:30.459 [main] INFO  o.s.boot.web.embedded.tomcat.TomcatWebServer - Tomcat initialized with port(s): 80 (http)
2020-07-01 10:36:30.467 [main] INFO  org.apache.coyote.http11.Http11NioProtocol - Initializing ProtocolHandler ["http-nio-80"]
2020-07-01 10:36:30.467 [main] INFO  org.apache.catalina.core.StandardService - Starting service [Tomcat]
2020-07-01 10:36:30.468 [main] INFO  org.apache.catalina.core.StandardEngine - Starting Servlet engine: [Apache Tomcat/9.0.35]
2020-07-01 10:36:30.535 [main] INFO  o.a.c.core.ContainerBase.[Tomcat].[localhost].[/] - Initializing Spring embedded WebApplicationContext
2020-07-01 10:36:30.536 [main] INFO  org.springframework.web.context.ContextLoader - Root WebApplicationContext: initialization completed in 1396 ms
2020-07-01 10:36:31.576 [main] INFO  s.d.s.w.PropertySourcedRequestMappingHandlerMapping - Mapped URL path [/v2/api-docs] onto method [springfox.documentation.swagger2.web.Swagger2Controller#getDocumentation(String, HttpServletRequest)]
2020-07-01 10:36:31.635 [main] INFO  o.s.scheduling.concurrent.ThreadPoolTaskExecutor - Initializing ExecutorService 'applicationTaskExecutor'
2020-07-01 10:36:31.758 [main] INFO  org.apache.coyote.http11.Http11NioProtocol - Starting ProtocolHandler ["http-nio-80"]
2020-07-01 10:36:31.786 [main] INFO  o.s.boot.web.embedded.tomcat.TomcatWebServer - Tomcat started on port(s): 80 (http) with context path ''
2020-07-01 10:36:31.787 [main] INFO  s.d.s.web.plugins.DocumentationPluginsBootstrapper - Context refreshed
2020-07-01 10:36:31.814 [main] INFO  s.d.s.web.plugins.DocumentationPluginsBootstrapper - Found 1 custom documentation plugin(s)
2020-07-01 10:36:31.859 [main] INFO  s.d.spring.web.scanners.ApiListingReferenceScanner - Scanning for api listing references
2020-07-01 10:36:32.000 [main] INFO  s.d.s.w.r.operation.CachingOperationNameGenerator - Generating unique operation named: getSelectListUsingPOST_1
2020-07-01 10:36:32.042 [main] INFO  s.d.s.w.r.operation.CachingOperationNameGenerator - Generating unique operation named: getListUsingPOST_1
2020-07-01 10:36:32.053 [main] INFO  s.d.s.w.r.operation.CachingOperationNameGenerator - Generating unique operation named: getListUsingPOST_2
2020-07-01 10:36:32.059 [main] INFO  s.d.s.w.r.operation.CachingOperationNameGenerator - Generating unique operation named: getListUsingPOST_3
2020-07-01 10:36:32.083 [main] INFO  s.d.s.w.r.operation.CachingOperationNameGenerator - Generating unique operation named: checkGoodsUsingPOST_1
2020-07-01 10:36:32.109 [main] INFO  s.d.s.w.r.operation.CachingOperationNameGenerator - Generating unique operation named: getWarehouseListUsingPOST_1
2020-07-01 10:36:32.126 [main] INFO  com.swj.WarehouseApplication - Started WarehouseApplication in 3.313 seconds (JVM running for 4.031)
2020-07-01 10:36:56.896 [http-nio-80-exec-1] INFO  o.a.c.core.ContainerBase.[Tomcat].[localhost].[/] - Initializing Spring DispatcherServlet 'dispatcherServlet'
2020-07-01 10:36:56.897 [http-nio-80-exec-1] INFO  org.springframework.web.servlet.DispatcherServlet - Initializing Servlet 'dispatcherServlet'
2020-07-01 10:36:56.905 [http-nio-80-exec-1] INFO  org.springframework.web.servlet.DispatcherServlet - Completed initialization in 8 ms
2020-07-01 10:36:57.236 [http-nio-80-exec-2] INFO  com.zaxxer.hikari.HikariDataSource - HikariPool-1 - Starting...
2020-07-01 10:36:57.557 [http-nio-80-exec-2] INFO  com.zaxxer.hikari.HikariDataSource - HikariPool-1 - Start completed.
2020-07-01 10:47:24.224 [SpringContextShutdownHook] INFO  o.s.scheduling.concurrent.ThreadPoolTaskExecutor - Shutting down ExecutorService 'applicationTaskExecutor'
2020-07-01 10:47:24.227 [SpringContextShutdownHook] INFO  com.zaxxer.hikari.HikariDataSource - HikariPool-1 - Shutdown initiated...
2020-07-01 10:47:24.235 [SpringContextShutdownHook] INFO  com.zaxxer.hikari.HikariDataSource - HikariPool-1 - Shutdown completed.
2020-07-01 10:47:29.318 [main] INFO  com.swj.WarehouseApplication - Starting WarehouseApplication on MacBook-Pro.local with PID 17089 (/Users/macbookpro/IdeaProjects/gxc/target/classes started by macbookpro in /Users/macbookpro/IdeaProjects/gxc)
2020-07-01 10:47:29.321 [main] INFO  com.swj.WarehouseApplication - The following profiles are active: dev
2020-07-01 10:47:30.582 [main] INFO  o.s.boot.web.embedded.tomcat.TomcatWebServer - Tomcat initialized with port(s): 80 (http)
2020-07-01 10:47:30.589 [main] INFO  org.apache.coyote.http11.Http11NioProtocol - Initializing ProtocolHandler ["http-nio-80"]
2020-07-01 10:47:30.589 [main] INFO  org.apache.catalina.core.StandardService - Starting service [Tomcat]
2020-07-01 10:47:30.590 [main] INFO  org.apache.catalina.core.StandardEngine - Starting Servlet engine: [Apache Tomcat/9.0.35]
2020-07-01 10:47:30.655 [main] INFO  o.a.c.core.ContainerBase.[Tomcat].[localhost].[/] - Initializing Spring embedded WebApplicationContext
2020-07-01 10:47:30.655 [main] INFO  org.springframework.web.context.ContextLoader - Root WebApplicationContext: initialization completed in 1297 ms
2020-07-01 10:47:31.680 [main] INFO  s.d.s.w.PropertySourcedRequestMappingHandlerMapping - Mapped URL path [/v2/api-docs] onto method [springfox.documentation.swagger2.web.Swagger2Controller#getDocumentation(String, HttpServletRequest)]
2020-07-01 10:47:31.754 [main] INFO  o.s.scheduling.concurrent.ThreadPoolTaskExecutor - Initializing ExecutorService 'applicationTaskExecutor'
2020-07-01 10:47:31.889 [main] INFO  org.apache.coyote.http11.Http11NioProtocol - Starting ProtocolHandler ["http-nio-80"]
2020-07-01 10:47:31.913 [main] INFO  o.s.boot.web.embedded.tomcat.TomcatWebServer - Tomcat started on port(s): 80 (http) with context path ''
2020-07-01 10:47:31.914 [main] INFO  s.d.s.web.plugins.DocumentationPluginsBootstrapper - Context refreshed
2020-07-01 10:47:31.923 [main] INFO  s.d.s.web.plugins.DocumentationPluginsBootstrapper - Found 1 custom documentation plugin(s)
2020-07-01 10:47:31.949 [main] INFO  s.d.spring.web.scanners.ApiListingReferenceScanner - Scanning for api listing references
2020-07-01 10:47:32.073 [main] INFO  s.d.s.w.r.operation.CachingOperationNameGenerator - Generating unique operation named: getSelectListUsingPOST_1
2020-07-01 10:47:32.121 [main] INFO  s.d.s.w.r.operation.CachingOperationNameGenerator - Generating unique operation named: getListUsingPOST_1
2020-07-01 10:47:32.137 [main] INFO  s.d.s.w.r.operation.CachingOperationNameGenerator - Generating unique operation named: getListUsingPOST_2
2020-07-01 10:47:32.152 [main] INFO  s.d.s.w.r.operation.CachingOperationNameGenerator - Generating unique operation named: getListUsingPOST_3
2020-07-01 10:47:32.181 [main] INFO  s.d.s.w.r.operation.CachingOperationNameGenerator - Generating unique operation named: checkGoodsUsingPOST_1
2020-07-01 10:47:32.203 [main] INFO  s.d.s.w.r.operation.CachingOperationNameGenerator - Generating unique operation named: getWarehouseListUsingPOST_1
2020-07-01 10:47:32.219 [main] INFO  com.swj.WarehouseApplication - Started WarehouseApplication in 3.214 seconds (JVM running for 3.867)
2020-07-01 10:47:38.554 [http-nio-80-exec-1] INFO  o.a.c.core.ContainerBase.[Tomcat].[localhost].[/] - Initializing Spring DispatcherServlet 'dispatcherServlet'
2020-07-01 10:47:38.554 [http-nio-80-exec-1] INFO  org.springframework.web.servlet.DispatcherServlet - Initializing Servlet 'dispatcherServlet'
2020-07-01 10:47:38.560 [http-nio-80-exec-1] INFO  org.springframework.web.servlet.DispatcherServlet - Completed initialization in 5 ms
2020-07-01 10:47:38.852 [http-nio-80-exec-3] INFO  com.zaxxer.hikari.HikariDataSource - HikariPool-1 - Starting...
2020-07-01 10:47:39.165 [http-nio-80-exec-3] INFO  com.zaxxer.hikari.HikariDataSource - HikariPool-1 - Start completed.
2020-07-01 10:48:20.973 [SpringContextShutdownHook] INFO  o.s.scheduling.concurrent.ThreadPoolTaskExecutor - Shutting down ExecutorService 'applicationTaskExecutor'
2020-07-01 10:48:20.975 [SpringContextShutdownHook] INFO  com.zaxxer.hikari.HikariDataSource - HikariPool-1 - Shutdown initiated...
2020-07-01 10:48:20.983 [SpringContextShutdownHook] INFO  com.zaxxer.hikari.HikariDataSource - HikariPool-1 - Shutdown completed.
2020-07-01 10:48:25.710 [main] INFO  com.swj.WarehouseApplication - Starting WarehouseApplication on MacBook-Pro.local with PID 17100 (/Users/macbookpro/IdeaProjects/gxc/target/classes started by macbookpro in /Users/macbookpro/IdeaProjects/gxc)
2020-07-01 10:48:25.714 [main] INFO  com.swj.WarehouseApplication - The following profiles are active: dev
2020-07-01 10:48:26.963 [main] INFO  o.s.boot.web.embedded.tomcat.TomcatWebServer - Tomcat initialized with port(s): 80 (http)
2020-07-01 10:48:26.971 [main] INFO  org.apache.coyote.http11.Http11NioProtocol - Initializing ProtocolHandler ["http-nio-80"]
2020-07-01 10:48:26.972 [main] INFO  org.apache.catalina.core.StandardService - Starting service [Tomcat]
2020-07-01 10:48:26.972 [main] INFO  org.apache.catalina.core.StandardEngine - Starting Servlet engine: [Apache Tomcat/9.0.35]
2020-07-01 10:48:27.024 [main] INFO  o.a.c.core.ContainerBase.[Tomcat].[localhost].[/] - Initializing Spring embedded WebApplicationContext
2020-07-01 10:48:27.024 [main] INFO  org.springframework.web.context.ContextLoader - Root WebApplicationContext: initialization completed in 1267 ms
2020-07-01 10:48:28.021 [main] INFO  s.d.s.w.PropertySourcedRequestMappingHandlerMapping - Mapped URL path [/v2/api-docs] onto method [springfox.documentation.swagger2.web.Swagger2Controller#getDocumentation(String, HttpServletRequest)]
2020-07-01 10:48:28.093 [main] INFO  o.s.scheduling.concurrent.ThreadPoolTaskExecutor - Initializing ExecutorService 'applicationTaskExecutor'
2020-07-01 10:48:28.222 [main] INFO  org.apache.coyote.http11.Http11NioProtocol - Starting ProtocolHandler ["http-nio-80"]
2020-07-01 10:48:28.247 [main] INFO  o.s.boot.web.embedded.tomcat.TomcatWebServer - Tomcat started on port(s): 80 (http) with context path ''
2020-07-01 10:48:28.248 [main] INFO  s.d.s.web.plugins.DocumentationPluginsBootstrapper - Context refreshed
2020-07-01 10:48:28.257 [main] INFO  s.d.s.web.plugins.DocumentationPluginsBootstrapper - Found 1 custom documentation plugin(s)
2020-07-01 10:48:28.281 [main] INFO  s.d.spring.web.scanners.ApiListingReferenceScanner - Scanning for api listing references
2020-07-01 10:48:28.427 [main] INFO  s.d.s.w.r.operation.CachingOperationNameGenerator - Generating unique operation named: getSelectListUsingPOST_1
2020-07-01 10:48:28.475 [main] INFO  s.d.s.w.r.operation.CachingOperationNameGenerator - Generating unique operation named: getListUsingPOST_1
2020-07-01 10:48:28.488 [main] INFO  s.d.s.w.r.operation.CachingOperationNameGenerator - Generating unique operation named: getListUsingPOST_2
2020-07-01 10:48:28.496 [main] INFO  s.d.s.w.r.operation.CachingOperationNameGenerator - Generating unique operation named: getListUsingPOST_3
2020-07-01 10:48:28.520 [main] INFO  s.d.s.w.r.operation.CachingOperationNameGenerator - Generating unique operation named: checkGoodsUsingPOST_1
2020-07-01 10:48:28.543 [main] INFO  s.d.s.w.r.operation.CachingOperationNameGenerator - Generating unique operation named: getWarehouseListUsingPOST_1
2020-07-01 10:48:28.559 [main] INFO  com.swj.WarehouseApplication - Started WarehouseApplication in 3.184 seconds (JVM running for 3.719)
2020-07-01 10:48:31.984 [http-nio-80-exec-1] INFO  o.a.c.core.ContainerBase.[Tomcat].[localhost].[/] - Initializing Spring DispatcherServlet 'dispatcherServlet'
2020-07-01 10:48:31.984 [http-nio-80-exec-1] INFO  org.springframework.web.servlet.DispatcherServlet - Initializing Servlet 'dispatcherServlet'
2020-07-01 10:48:31.991 [http-nio-80-exec-1] INFO  org.springframework.web.servlet.DispatcherServlet - Completed initialization in 7 ms
2020-07-01 10:48:32.284 [http-nio-80-exec-3] INFO  com.zaxxer.hikari.HikariDataSource - HikariPool-1 - Starting...
2020-07-01 10:48:32.602 [http-nio-80-exec-3] INFO  com.zaxxer.hikari.HikariDataSource - HikariPool-1 - Start completed.
2020-07-01 10:49:24.725 [SpringContextShutdownHook] INFO  o.s.scheduling.concurrent.ThreadPoolTaskExecutor - Shutting down ExecutorService 'applicationTaskExecutor'
2020-07-01 10:49:24.728 [SpringContextShutdownHook] INFO  com.zaxxer.hikari.HikariDataSource - HikariPool-1 - Shutdown initiated...
2020-07-01 10:49:24.737 [SpringContextShutdownHook] INFO  com.zaxxer.hikari.HikariDataSource - HikariPool-1 - Shutdown completed.
2020-07-01 10:49:28.216 [main] INFO  com.swj.WarehouseApplication - Starting WarehouseApplication on MacBook-Pro.local with PID 17109 (/Users/macbookpro/IdeaProjects/gxc/target/classes started by macbookpro in /Users/macbookpro/IdeaProjects/gxc)
2020-07-01 10:49:28.218 [main] INFO  com.swj.WarehouseApplication - The following profiles are active: dev
2020-07-01 10:49:29.398 [main] INFO  o.s.boot.web.embedded.tomcat.TomcatWebServer - Tomcat initialized with port(s): 80 (http)
2020-07-01 10:49:29.405 [main] INFO  org.apache.coyote.http11.Http11NioProtocol - Initializing ProtocolHandler ["http-nio-80"]
2020-07-01 10:49:29.406 [main] INFO  org.apache.catalina.core.StandardService - Starting service [Tomcat]
2020-07-01 10:49:29.406 [main] INFO  org.apache.catalina.core.StandardEngine - Starting Servlet engine: [Apache Tomcat/9.0.35]
2020-07-01 10:49:29.467 [main] INFO  o.a.c.core.ContainerBase.[Tomcat].[localhost].[/] - Initializing Spring embedded WebApplicationContext
2020-07-01 10:49:29.467 [main] INFO  org.springframework.web.context.ContextLoader - Root WebApplicationContext: initialization completed in 1219 ms
2020-07-01 10:49:30.486 [main] INFO  s.d.s.w.PropertySourcedRequestMappingHandlerMapping - Mapped URL path [/v2/api-docs] onto method [springfox.documentation.swagger2.web.Swagger2Controller#getDocumentation(String, HttpServletRequest)]
2020-07-01 10:49:30.543 [main] INFO  o.s.scheduling.concurrent.ThreadPoolTaskExecutor - Initializing ExecutorService 'applicationTaskExecutor'
2020-07-01 10:49:30.666 [main] INFO  org.apache.coyote.http11.Http11NioProtocol - Starting ProtocolHandler ["http-nio-80"]
2020-07-01 10:49:30.691 [main] INFO  o.s.boot.web.embedded.tomcat.TomcatWebServer - Tomcat started on port(s): 80 (http) with context path ''
2020-07-01 10:49:30.692 [main] INFO  s.d.s.web.plugins.DocumentationPluginsBootstrapper - Context refreshed
2020-07-01 10:49:30.703 [main] INFO  s.d.s.web.plugins.DocumentationPluginsBootstrapper - Found 1 custom documentation plugin(s)
2020-07-01 10:49:30.728 [main] INFO  s.d.spring.web.scanners.ApiListingReferenceScanner - Scanning for api listing references
2020-07-01 10:49:30.853 [main] INFO  s.d.s.w.r.operation.CachingOperationNameGenerator - Generating unique operation named: getSelectListUsingPOST_1
2020-07-01 10:49:30.899 [main] INFO  s.d.s.w.r.operation.CachingOperationNameGenerator - Generating unique operation named: getListUsingPOST_1
2020-07-01 10:49:30.913 [main] INFO  s.d.s.w.r.operation.CachingOperationNameGenerator - Generating unique operation named: getListUsingPOST_2
2020-07-01 10:49:30.924 [main] INFO  s.d.s.w.r.operation.CachingOperationNameGenerator - Generating unique operation named: getListUsingPOST_3
2020-07-01 10:49:30.954 [main] INFO  s.d.s.w.r.operation.CachingOperationNameGenerator - Generating unique operation named: checkGoodsUsingPOST_1
2020-07-01 10:49:30.984 [main] INFO  s.d.s.w.r.operation.CachingOperationNameGenerator - Generating unique operation named: getWarehouseListUsingPOST_1
2020-07-01 10:49:31.001 [main] INFO  com.swj.WarehouseApplication - Started WarehouseApplication in 3.104 seconds (JVM running for 3.621)
2020-07-01 10:49:36.003 [http-nio-80-exec-1] INFO  o.a.c.core.ContainerBase.[Tomcat].[localhost].[/] - Initializing Spring DispatcherServlet 'dispatcherServlet'
2020-07-01 10:49:36.004 [http-nio-80-exec-1] INFO  org.springframework.web.servlet.DispatcherServlet - Initializing Servlet 'dispatcherServlet'
2020-07-01 10:49:36.008 [http-nio-80-exec-1] INFO  org.springframework.web.servlet.DispatcherServlet - Completed initialization in 4 ms
2020-07-01 10:49:36.278 [http-nio-80-exec-2] INFO  com.zaxxer.hikari.HikariDataSource - HikariPool-1 - Starting...
2020-07-01 10:49:36.609 [http-nio-80-exec-2] INFO  com.zaxxer.hikari.HikariDataSource - HikariPool-1 - Start completed.
2020-07-01 10:53:15.183 [SpringContextShutdownHook] INFO  o.s.scheduling.concurrent.ThreadPoolTaskExecutor - Shutting down ExecutorService 'applicationTaskExecutor'
2020-07-01 10:53:15.188 [SpringContextShutdownHook] INFO  com.zaxxer.hikari.HikariDataSource - HikariPool-1 - Shutdown initiated...
2020-07-01 10:53:15.194 [SpringContextShutdownHook] INFO  com.zaxxer.hikari.HikariDataSource - HikariPool-1 - Shutdown completed.
2020-07-01 10:53:20.221 [main] INFO  com.swj.WarehouseApplication - Starting WarehouseApplication on MacBook-Pro.local with PID 17133 (/Users/macbookpro/IdeaProjects/gxc/target/classes started by macbookpro in /Users/macbookpro/IdeaProjects/gxc)
2020-07-01 10:53:20.223 [main] INFO  com.swj.WarehouseApplication - The following profiles are active: dev
2020-07-01 10:53:21.447 [main] INFO  o.s.boot.web.embedded.tomcat.TomcatWebServer - Tomcat initialized with port(s): 80 (http)
2020-07-01 10:53:21.455 [main] INFO  org.apache.coyote.http11.Http11NioProtocol - Initializing ProtocolHandler ["http-nio-80"]
2020-07-01 10:53:21.456 [main] INFO  org.apache.catalina.core.StandardService - Starting service [Tomcat]
2020-07-01 10:53:21.456 [main] INFO  org.apache.catalina.core.StandardEngine - Starting Servlet engine: [Apache Tomcat/9.0.35]
2020-07-01 10:53:21.532 [main] INFO  o.a.c.core.ContainerBase.[Tomcat].[localhost].[/] - Initializing Spring embedded WebApplicationContext
2020-07-01 10:53:21.533 [main] INFO  org.springframework.web.context.ContextLoader - Root WebApplicationContext: initialization completed in 1279 ms
2020-07-01 10:53:22.649 [main] INFO  s.d.s.w.PropertySourcedRequestMappingHandlerMapping - Mapped URL path [/v2/api-docs] onto method [springfox.documentation.swagger2.web.Swagger2Controller#getDocumentation(String, HttpServletRequest)]
2020-07-01 10:53:22.712 [main] INFO  o.s.scheduling.concurrent.ThreadPoolTaskExecutor - Initializing ExecutorService 'applicationTaskExecutor'
2020-07-01 10:53:22.837 [main] INFO  org.apache.coyote.http11.Http11NioProtocol - Starting ProtocolHandler ["http-nio-80"]
2020-07-01 10:53:22.861 [main] INFO  o.s.boot.web.embedded.tomcat.TomcatWebServer - Tomcat started on port(s): 80 (http) with context path ''
2020-07-01 10:53:22.863 [main] INFO  s.d.s.web.plugins.DocumentationPluginsBootstrapper - Context refreshed
2020-07-01 10:53:22.872 [main] INFO  s.d.s.web.plugins.DocumentationPluginsBootstrapper - Found 1 custom documentation plugin(s)
2020-07-01 10:53:22.899 [main] INFO  s.d.spring.web.scanners.ApiListingReferenceScanner - Scanning for api listing references
2020-07-01 10:53:23.031 [main] INFO  s.d.s.w.r.operation.CachingOperationNameGenerator - Generating unique operation named: getSelectListUsingPOST_1
2020-07-01 10:53:23.077 [main] INFO  s.d.s.w.r.operation.CachingOperationNameGenerator - Generating unique operation named: getListUsingPOST_1
2020-07-01 10:53:23.088 [main] INFO  s.d.s.w.r.operation.CachingOperationNameGenerator - Generating unique operation named: getListUsingPOST_2
2020-07-01 10:53:23.099 [main] INFO  s.d.s.w.r.operation.CachingOperationNameGenerator - Generating unique operation named: getListUsingPOST_3
2020-07-01 10:53:23.130 [main] INFO  s.d.s.w.r.operation.CachingOperationNameGenerator - Generating unique operation named: checkGoodsUsingPOST_1
2020-07-01 10:53:23.157 [main] INFO  s.d.s.w.r.operation.CachingOperationNameGenerator - Generating unique operation named: getWarehouseListUsingPOST_1
2020-07-01 10:53:23.174 [main] INFO  com.swj.WarehouseApplication - Started WarehouseApplication in 3.357 seconds (JVM running for 4.287)
2020-07-01 10:53:25.291 [http-nio-80-exec-1] INFO  o.a.c.core.ContainerBase.[Tomcat].[localhost].[/] - Initializing Spring DispatcherServlet 'dispatcherServlet'
2020-07-01 10:53:25.291 [http-nio-80-exec-1] INFO  org.springframework.web.servlet.DispatcherServlet - Initializing Servlet 'dispatcherServlet'
2020-07-01 10:53:25.296 [http-nio-80-exec-1] INFO  org.springframework.web.servlet.DispatcherServlet - Completed initialization in 5 ms
2020-07-01 10:53:28.652 [http-nio-80-exec-4] INFO  com.zaxxer.hikari.HikariDataSource - HikariPool-1 - Starting...
2020-07-01 10:53:28.947 [http-nio-80-exec-4] INFO  com.zaxxer.hikari.HikariDataSource - HikariPool-1 - Start completed.
2020-07-01 11:26:55.355 [SpringContextShutdownHook] INFO  o.s.scheduling.concurrent.ThreadPoolTaskExecutor - Shutting down ExecutorService 'applicationTaskExecutor'
2020-07-01 11:26:55.357 [SpringContextShutdownHook] INFO  com.zaxxer.hikari.HikariDataSource - HikariPool-1 - Shutdown initiated...
2020-07-01 11:26:55.363 [SpringContextShutdownHook] INFO  com.zaxxer.hikari.HikariDataSource - HikariPool-1 - Shutdown completed.
2020-07-01 11:27:00.383 [main] INFO  com.swj.WarehouseApplication - Starting WarehouseApplication on MacBook-Pro.local with PID 17253 (/Users/macbookpro/IdeaProjects/gxc/target/classes started by macbookpro in /Users/macbookpro/IdeaProjects/gxc)
2020-07-01 11:27:00.386 [main] INFO  com.swj.WarehouseApplication - The following profiles are active: dev
2020-07-01 11:27:01.657 [main] INFO  o.s.boot.web.embedded.tomcat.TomcatWebServer - Tomcat initialized with port(s): 80 (http)
2020-07-01 11:27:01.666 [main] INFO  org.apache.coyote.http11.Http11NioProtocol - Initializing ProtocolHandler ["http-nio-80"]
2020-07-01 11:27:01.667 [main] INFO  org.apache.catalina.core.StandardService - Starting service [Tomcat]
2020-07-01 11:27:01.668 [main] INFO  org.apache.catalina.core.StandardEngine - Starting Servlet engine: [Apache Tomcat/9.0.35]
2020-07-01 11:27:01.730 [main] INFO  o.a.c.core.ContainerBase.[Tomcat].[localhost].[/] - Initializing Spring embedded WebApplicationContext
2020-07-01 11:27:01.730 [main] INFO  org.springframework.web.context.ContextLoader - Root WebApplicationContext: initialization completed in 1302 ms
2020-07-01 11:27:02.753 [main] INFO  s.d.s.w.PropertySourcedRequestMappingHandlerMapping - Mapped URL path [/v2/api-docs] onto method [springfox.documentation.swagger2.web.Swagger2Controller#getDocumentation(String, HttpServletRequest)]
2020-07-01 11:27:02.814 [main] INFO  o.s.scheduling.concurrent.ThreadPoolTaskExecutor - Initializing ExecutorService 'applicationTaskExecutor'
2020-07-01 11:27:02.937 [main] INFO  org.apache.coyote.http11.Http11NioProtocol - Starting ProtocolHandler ["http-nio-80"]
2020-07-01 11:27:02.963 [main] INFO  o.s.boot.web.embedded.tomcat.TomcatWebServer - Tomcat started on port(s): 80 (http) with context path ''
2020-07-01 11:27:02.964 [main] INFO  s.d.s.web.plugins.DocumentationPluginsBootstrapper - Context refreshed
2020-07-01 11:27:02.975 [main] INFO  s.d.s.web.plugins.DocumentationPluginsBootstrapper - Found 1 custom documentation plugin(s)
2020-07-01 11:27:03.000 [main] INFO  s.d.spring.web.scanners.ApiListingReferenceScanner - Scanning for api listing references
2020-07-01 11:27:03.128 [main] INFO  s.d.s.w.r.operation.CachingOperationNameGenerator - Generating unique operation named: getSelectListUsingPOST_1
2020-07-01 11:27:03.173 [main] INFO  s.d.s.w.r.operation.CachingOperationNameGenerator - Generating unique operation named: getListUsingPOST_1
2020-07-01 11:27:03.187 [main] INFO  s.d.s.w.r.operation.CachingOperationNameGenerator - Generating unique operation named: getListUsingPOST_2
2020-07-01 11:27:03.193 [main] INFO  s.d.s.w.r.operation.CachingOperationNameGenerator - Generating unique operation named: getListUsingPOST_3
2020-07-01 11:27:03.219 [main] INFO  s.d.s.w.r.operation.CachingOperationNameGenerator - Generating unique operation named: checkGoodsUsingPOST_1
2020-07-01 11:27:03.243 [main] INFO  s.d.s.w.r.operation.CachingOperationNameGenerator - Generating unique operation named: getWarehouseListUsingPOST_1
2020-07-01 11:27:03.261 [main] INFO  com.swj.WarehouseApplication - Started WarehouseApplication in 3.228 seconds (JVM running for 3.845)
2020-07-01 11:29:18.417 [http-nio-80-exec-1] INFO  o.a.c.core.ContainerBase.[Tomcat].[localhost].[/] - Initializing Spring DispatcherServlet 'dispatcherServlet'
2020-07-01 11:29:18.418 [http-nio-80-exec-1] INFO  org.springframework.web.servlet.DispatcherServlet - Initializing Servlet 'dispatcherServlet'
2020-07-01 11:29:18.425 [http-nio-80-exec-1] INFO  org.springframework.web.servlet.DispatcherServlet - Completed initialization in 7 ms
2020-07-01 11:29:18.665 [http-nio-80-exec-2] INFO  com.zaxxer.hikari.HikariDataSource - HikariPool-1 - Starting...
2020-07-01 11:29:18.983 [http-nio-80-exec-2] INFO  com.zaxxer.hikari.HikariDataSource - HikariPool-1 - Start completed.
2020-07-01 13:43:59.783 [SpringContextShutdownHook] INFO  o.s.scheduling.concurrent.ThreadPoolTaskExecutor - Shutting down ExecutorService 'applicationTaskExecutor'
2020-07-01 13:43:59.786 [SpringContextShutdownHook] INFO  com.zaxxer.hikari.HikariDataSource - HikariPool-1 - Shutdown initiated...
2020-07-01 13:43:59.792 [SpringContextShutdownHook] INFO  com.zaxxer.hikari.HikariDataSource - HikariPool-1 - Shutdown completed.
2020-07-01 13:44:04.362 [main] INFO  com.swj.WarehouseApplication - Starting WarehouseApplication on MacBook-Pro.local with PID 17331 (/Users/macbookpro/IdeaProjects/gxc/target/classes started by macbookpro in /Users/macbookpro/IdeaProjects/gxc)
2020-07-01 13:44:04.364 [main] INFO  com.swj.WarehouseApplication - The following profiles are active: dev
2020-07-01 13:44:05.747 [main] INFO  o.s.boot.web.embedded.tomcat.TomcatWebServer - Tomcat initialized with port(s): 80 (http)
2020-07-01 13:44:05.755 [main] INFO  org.apache.coyote.http11.Http11NioProtocol - Initializing ProtocolHandler ["http-nio-80"]
2020-07-01 13:44:05.756 [main] INFO  org.apache.catalina.core.StandardService - Starting service [Tomcat]
2020-07-01 13:44:05.756 [main] INFO  org.apache.catalina.core.StandardEngine - Starting Servlet engine: [Apache Tomcat/9.0.35]
2020-07-01 13:44:05.812 [main] INFO  o.a.c.core.ContainerBase.[Tomcat].[localhost].[/] - Initializing Spring embedded WebApplicationContext
2020-07-01 13:44:05.813 [main] INFO  org.springframework.web.context.ContextLoader - Root WebApplicationContext: initialization completed in 1401 ms
2020-07-01 13:44:06.847 [main] INFO  s.d.s.w.PropertySourcedRequestMappingHandlerMapping - Mapped URL path [/v2/api-docs] onto method [springfox.documentation.swagger2.web.Swagger2Controller#getDocumentation(String, HttpServletRequest)]
2020-07-01 13:44:06.904 [main] INFO  o.s.scheduling.concurrent.ThreadPoolTaskExecutor - Initializing ExecutorService 'applicationTaskExecutor'
2020-07-01 13:44:07.025 [main] INFO  org.apache.coyote.http11.Http11NioProtocol - Starting ProtocolHandler ["http-nio-80"]
2020-07-01 13:44:07.049 [main] INFO  o.s.boot.web.embedded.tomcat.TomcatWebServer - Tomcat started on port(s): 80 (http) with context path ''
2020-07-01 13:44:07.050 [main] INFO  s.d.s.web.plugins.DocumentationPluginsBootstrapper - Context refreshed
2020-07-01 13:44:07.061 [main] INFO  s.d.s.web.plugins.DocumentationPluginsBootstrapper - Found 1 custom documentation plugin(s)
2020-07-01 13:44:07.086 [main] INFO  s.d.spring.web.scanners.ApiListingReferenceScanner - Scanning for api listing references
2020-07-01 13:44:07.207 [main] INFO  s.d.s.w.r.operation.CachingOperationNameGenerator - Generating unique operation named: getSelectListUsingPOST_1
2020-07-01 13:44:07.246 [main] INFO  s.d.s.w.r.operation.CachingOperationNameGenerator - Generating unique operation named: getListUsingPOST_1
2020-07-01 13:44:07.260 [main] INFO  s.d.s.w.r.operation.CachingOperationNameGenerator - Generating unique operation named: getListUsingPOST_2
2020-07-01 13:44:07.267 [main] INFO  s.d.s.w.r.operation.CachingOperationNameGenerator - Generating unique operation named: getListUsingPOST_3
2020-07-01 13:44:07.294 [main] INFO  s.d.s.w.r.operation.CachingOperationNameGenerator - Generating unique operation named: checkGoodsUsingPOST_1
2020-07-01 13:44:07.319 [main] INFO  s.d.s.w.r.operation.CachingOperationNameGenerator - Generating unique operation named: getWarehouseListUsingPOST_1
2020-07-01 13:44:07.337 [main] INFO  com.swj.WarehouseApplication - Started WarehouseApplication in 3.357 seconds (JVM running for 4.035)
2020-07-01 13:44:43.995 [http-nio-80-exec-1] INFO  o.a.c.core.ContainerBase.[Tomcat].[localhost].[/] - Initializing Spring DispatcherServlet 'dispatcherServlet'
2020-07-01 13:44:43.996 [http-nio-80-exec-1] INFO  org.springframework.web.servlet.DispatcherServlet - Initializing Servlet 'dispatcherServlet'
2020-07-01 13:44:44.000 [http-nio-80-exec-1] INFO  org.springframework.web.servlet.DispatcherServlet - Completed initialization in 4 ms
2020-07-01 13:44:44.309 [http-nio-80-exec-2] INFO  com.zaxxer.hikari.HikariDataSource - HikariPool-1 - Starting...
2020-07-01 13:44:44.632 [http-nio-80-exec-2] INFO  com.zaxxer.hikari.HikariDataSource - HikariPool-1 - Start completed.
2020-07-01 14:29:02.586 [SpringContextShutdownHook] INFO  o.s.scheduling.concurrent.ThreadPoolTaskExecutor - Shutting down ExecutorService 'applicationTaskExecutor'
2020-07-01 14:29:02.588 [SpringContextShutdownHook] INFO  com.zaxxer.hikari.HikariDataSource - HikariPool-1 - Shutdown initiated...
2020-07-01 14:29:02.594 [SpringContextShutdownHook] INFO  com.zaxxer.hikari.HikariDataSource - HikariPool-1 - Shutdown completed.
2020-07-01 14:29:08.069 [main] INFO  com.swj.WarehouseApplication - Starting WarehouseApplication on MacBook-Pro.local with PID 17490 (/Users/macbookpro/IdeaProjects/gxc/target/classes started by macbookpro in /Users/macbookpro/IdeaProjects/gxc)
2020-07-01 14:29:08.074 [main] INFO  com.swj.WarehouseApplication - The following profiles are active: dev
2020-07-01 14:29:09.324 [main] INFO  o.s.boot.web.embedded.tomcat.TomcatWebServer - Tomcat initialized with port(s): 80 (http)
2020-07-01 14:29:09.332 [main] INFO  org.apache.coyote.http11.Http11NioProtocol - Initializing ProtocolHandler ["http-nio-80"]
2020-07-01 14:29:09.332 [main] INFO  org.apache.catalina.core.StandardService - Starting service [Tomcat]
2020-07-01 14:29:09.333 [main] INFO  org.apache.catalina.core.StandardEngine - Starting Servlet engine: [Apache Tomcat/9.0.35]
2020-07-01 14:29:09.389 [main] INFO  o.a.c.core.ContainerBase.[Tomcat].[localhost].[/] - Initializing Spring embedded WebApplicationContext
2020-07-01 14:29:09.390 [main] INFO  org.springframework.web.context.ContextLoader - Root WebApplicationContext: initialization completed in 1269 ms
2020-07-01 14:29:10.360 [main] INFO  s.d.s.w.PropertySourcedRequestMappingHandlerMapping - Mapped URL path [/v2/api-docs] onto method [springfox.documentation.swagger2.web.Swagger2Controller#getDocumentation(String, HttpServletRequest)]
2020-07-01 14:29:10.416 [main] INFO  o.s.scheduling.concurrent.ThreadPoolTaskExecutor - Initializing ExecutorService 'applicationTaskExecutor'
2020-07-01 14:29:10.537 [main] INFO  org.apache.coyote.http11.Http11NioProtocol - Starting ProtocolHandler ["http-nio-80"]
2020-07-01 14:29:10.566 [main] INFO  o.s.boot.web.embedded.tomcat.TomcatWebServer - Tomcat started on port(s): 80 (http) with context path ''
2020-07-01 14:29:10.567 [main] INFO  s.d.s.web.plugins.DocumentationPluginsBootstrapper - Context refreshed
2020-07-01 14:29:10.587 [main] INFO  s.d.s.web.plugins.DocumentationPluginsBootstrapper - Found 1 custom documentation plugin(s)
2020-07-01 14:29:10.628 [main] INFO  s.d.spring.web.scanners.ApiListingReferenceScanner - Scanning for api listing references
2020-07-01 14:29:10.784 [main] INFO  s.d.s.w.r.operation.CachingOperationNameGenerator - Generating unique operation named: getSelectListUsingPOST_1
2020-07-01 14:29:10.836 [main] INFO  s.d.s.w.r.operation.CachingOperationNameGenerator - Generating unique operation named: getListUsingPOST_1
2020-07-01 14:29:10.848 [main] INFO  s.d.s.w.r.operation.CachingOperationNameGenerator - Generating unique operation named: getListUsingPOST_2
2020-07-01 14:29:10.854 [main] INFO  s.d.s.w.r.operation.CachingOperationNameGenerator - Generating unique operation named: getListUsingPOST_3
2020-07-01 14:29:10.878 [main] INFO  s.d.s.w.r.operation.CachingOperationNameGenerator - Generating unique operation named: checkGoodsUsingPOST_1
2020-07-01 14:29:10.899 [main] INFO  s.d.s.w.r.operation.CachingOperationNameGenerator - Generating unique operation named: getWarehouseListUsingPOST_1
2020-07-01 14:29:10.915 [main] INFO  com.swj.WarehouseApplication - Started WarehouseApplication in 3.259 seconds (JVM running for 3.933)
2020-07-01 14:30:21.840 [http-nio-80-exec-1] INFO  o.a.c.core.ContainerBase.[Tomcat].[localhost].[/] - Initializing Spring DispatcherServlet 'dispatcherServlet'
2020-07-01 14:30:21.841 [http-nio-80-exec-1] INFO  org.springframework.web.servlet.DispatcherServlet - Initializing Servlet 'dispatcherServlet'
2020-07-01 14:30:21.847 [http-nio-80-exec-1] INFO  org.springframework.web.servlet.DispatcherServlet - Completed initialization in 6 ms
2020-07-01 14:30:21.902 [http-nio-80-exec-1] INFO  com.zaxxer.hikari.HikariDataSource - HikariPool-1 - Starting...
2020-07-01 14:30:22.196 [http-nio-80-exec-1] INFO  com.zaxxer.hikari.HikariDataSource - HikariPool-1 - Start completed.
2020-07-01 14:43:11.349 [SpringContextShutdownHook] INFO  o.s.scheduling.concurrent.ThreadPoolTaskExecutor - Shutting down ExecutorService 'applicationTaskExecutor'
2020-07-01 14:43:11.352 [SpringContextShutdownHook] INFO  com.zaxxer.hikari.HikariDataSource - HikariPool-1 - Shutdown initiated...
2020-07-01 14:43:11.358 [SpringContextShutdownHook] INFO  com.zaxxer.hikari.HikariDataSource - HikariPool-1 - Shutdown completed.
2020-07-01 14:43:15.726 [main] INFO  com.swj.WarehouseApplication - Starting WarehouseApplication on MacBook-Pro.local with PID 17523 (/Users/macbookpro/IdeaProjects/gxc/target/classes started by macbookpro in /Users/macbookpro/IdeaProjects/gxc)
2020-07-01 14:43:15.728 [main] INFO  com.swj.WarehouseApplication - The following profiles are active: dev
2020-07-01 14:43:16.916 [main] INFO  o.s.boot.web.embedded.tomcat.TomcatWebServer - Tomcat initialized with port(s): 80 (http)
2020-07-01 14:43:16.924 [main] INFO  org.apache.coyote.http11.Http11NioProtocol - Initializing ProtocolHandler ["http-nio-80"]
2020-07-01 14:43:16.925 [main] INFO  org.apache.catalina.core.StandardService - Starting service [Tomcat]
2020-07-01 14:43:16.925 [main] INFO  org.apache.catalina.core.StandardEngine - Starting Servlet engine: [Apache Tomcat/9.0.35]
2020-07-01 14:43:16.990 [main] INFO  o.a.c.core.ContainerBase.[Tomcat].[localhost].[/] - Initializing Spring embedded WebApplicationContext
2020-07-01 14:43:16.991 [main] INFO  org.springframework.web.context.ContextLoader - Root WebApplicationContext: initialization completed in 1223 ms
2020-07-01 14:43:17.990 [main] INFO  s.d.s.w.PropertySourcedRequestMappingHandlerMapping - Mapped URL path [/v2/api-docs] onto method [springfox.documentation.swagger2.web.Swagger2Controller#getDocumentation(String, HttpServletRequest)]
2020-07-01 14:43:18.047 [main] INFO  o.s.scheduling.concurrent.ThreadPoolTaskExecutor - Initializing ExecutorService 'applicationTaskExecutor'
2020-07-01 14:43:18.168 [main] INFO  org.apache.coyote.http11.Http11NioProtocol - Starting ProtocolHandler ["http-nio-80"]
2020-07-01 14:43:18.190 [main] INFO  o.s.boot.web.embedded.tomcat.TomcatWebServer - Tomcat started on port(s): 80 (http) with context path ''
2020-07-01 14:43:18.191 [main] INFO  s.d.s.web.plugins.DocumentationPluginsBootstrapper - Context refreshed
2020-07-01 14:43:18.204 [main] INFO  s.d.s.web.plugins.DocumentationPluginsBootstrapper - Found 1 custom documentation plugin(s)
2020-07-01 14:43:18.228 [main] INFO  s.d.spring.web.scanners.ApiListingReferenceScanner - Scanning for api listing references
2020-07-01 14:43:18.351 [main] INFO  s.d.s.w.r.operation.CachingOperationNameGenerator - Generating unique operation named: getSelectListUsingPOST_1
2020-07-01 14:43:18.390 [main] INFO  s.d.s.w.r.operation.CachingOperationNameGenerator - Generating unique operation named: getListUsingPOST_1
2020-07-01 14:43:18.403 [main] INFO  s.d.s.w.r.operation.CachingOperationNameGenerator - Generating unique operation named: getListUsingPOST_2
2020-07-01 14:43:18.410 [main] INFO  s.d.s.w.r.operation.CachingOperationNameGenerator - Generating unique operation named: getListUsingPOST_3
2020-07-01 14:43:18.437 [main] INFO  s.d.s.w.r.operation.CachingOperationNameGenerator - Generating unique operation named: checkGoodsUsingPOST_1
2020-07-01 14:43:18.459 [main] INFO  s.d.s.w.r.operation.CachingOperationNameGenerator - Generating unique operation named: getWarehouseListUsingPOST_1
2020-07-01 14:43:18.480 [main] INFO  com.swj.WarehouseApplication - Started WarehouseApplication in 3.118 seconds (JVM running for 3.754)
2020-07-01 14:43:38.765 [http-nio-80-exec-1] INFO  o.a.c.core.ContainerBase.[Tomcat].[localhost].[/] - Initializing Spring DispatcherServlet 'dispatcherServlet'
2020-07-01 14:43:38.765 [http-nio-80-exec-1] INFO  org.springframework.web.servlet.DispatcherServlet - Initializing Servlet 'dispatcherServlet'
2020-07-01 14:43:38.770 [http-nio-80-exec-1] INFO  org.springframework.web.servlet.DispatcherServlet - Completed initialization in 5 ms
2020-07-01 14:43:39.033 [http-nio-80-exec-2] INFO  com.zaxxer.hikari.HikariDataSource - HikariPool-1 - Starting...
2020-07-01 14:43:39.355 [http-nio-80-exec-2] INFO  com.zaxxer.hikari.HikariDataSource - HikariPool-1 - Start completed.
2020-07-01 14:48:46.582 [SpringContextShutdownHook] INFO  o.s.scheduling.concurrent.ThreadPoolTaskExecutor - Shutting down ExecutorService 'applicationTaskExecutor'
2020-07-01 14:48:46.584 [SpringContextShutdownHook] INFO  com.zaxxer.hikari.HikariDataSource - HikariPool-1 - Shutdown initiated...
2020-07-01 14:48:46.590 [SpringContextShutdownHook] INFO  com.zaxxer.hikari.HikariDataSource - HikariPool-1 - Shutdown completed.
2020-07-01 14:48:52.182 [main] INFO  com.swj.WarehouseApplication - Starting WarehouseApplication on MacBook-Pro.local with PID 17552 (/Users/macbookpro/IdeaProjects/gxc/target/classes started by macbookpro in /Users/macbookpro/IdeaProjects/gxc)
2020-07-01 14:48:52.186 [main] INFO  com.swj.WarehouseApplication - The following profiles are active: dev
2020-07-01 14:48:53.556 [main] INFO  o.s.boot.web.embedded.tomcat.TomcatWebServer - Tomcat initialized with port(s): 80 (http)
2020-07-01 14:48:53.562 [main] INFO  org.apache.coyote.http11.Http11NioProtocol - Initializing ProtocolHandler ["http-nio-80"]
2020-07-01 14:48:53.563 [main] INFO  org.apache.catalina.core.StandardService - Starting service [Tomcat]
2020-07-01 14:48:53.563 [main] INFO  org.apache.catalina.core.StandardEngine - Starting Servlet engine: [Apache Tomcat/9.0.35]
2020-07-01 14:48:53.620 [main] INFO  o.a.c.core.ContainerBase.[Tomcat].[localhost].[/] - Initializing Spring embedded WebApplicationContext
2020-07-01 14:48:53.621 [main] INFO  org.springframework.web.context.ContextLoader - Root WebApplicationContext: initialization completed in 1385 ms
2020-07-01 14:48:54.653 [main] INFO  s.d.s.w.PropertySourcedRequestMappingHandlerMapping - Mapped URL path [/v2/api-docs] onto method [springfox.documentation.swagger2.web.Swagger2Controller#getDocumentation(String, HttpServletRequest)]
2020-07-01 14:48:54.714 [main] INFO  o.s.scheduling.concurrent.ThreadPoolTaskExecutor - Initializing ExecutorService 'applicationTaskExecutor'
2020-07-01 14:48:54.853 [main] INFO  org.apache.coyote.http11.Http11NioProtocol - Starting ProtocolHandler ["http-nio-80"]
2020-07-01 14:48:54.880 [main] INFO  o.s.boot.web.embedded.tomcat.TomcatWebServer - Tomcat started on port(s): 80 (http) with context path ''
2020-07-01 14:48:54.881 [main] INFO  s.d.s.web.plugins.DocumentationPluginsBootstrapper - Context refreshed
2020-07-01 14:48:54.891 [main] INFO  s.d.s.web.plugins.DocumentationPluginsBootstrapper - Found 1 custom documentation plugin(s)
2020-07-01 14:48:54.919 [main] INFO  s.d.spring.web.scanners.ApiListingReferenceScanner - Scanning for api listing references
2020-07-01 14:48:55.056 [main] INFO  s.d.s.w.r.operation.CachingOperationNameGenerator - Generating unique operation named: getSelectListUsingPOST_1
2020-07-01 14:48:55.103 [main] INFO  s.d.s.w.r.operation.CachingOperationNameGenerator - Generating unique operation named: getListUsingPOST_1
2020-07-01 14:48:55.115 [main] INFO  s.d.s.w.r.operation.CachingOperationNameGenerator - Generating unique operation named: getListUsingPOST_2
2020-07-01 14:48:55.124 [main] INFO  s.d.s.w.r.operation.CachingOperationNameGenerator - Generating unique operation named: getListUsingPOST_3
2020-07-01 14:48:55.153 [main] INFO  s.d.s.w.r.operation.CachingOperationNameGenerator - Generating unique operation named: checkGoodsUsingPOST_1
2020-07-01 14:48:55.178 [main] INFO  s.d.s.w.r.operation.CachingOperationNameGenerator - Generating unique operation named: getWarehouseListUsingPOST_1
2020-07-01 14:48:55.197 [main] INFO  com.swj.WarehouseApplication - Started WarehouseApplication in 3.442 seconds (JVM running for 4.163)
2020-07-01 14:49:00.722 [http-nio-80-exec-1] INFO  o.a.c.core.ContainerBase.[Tomcat].[localhost].[/] - Initializing Spring DispatcherServlet 'dispatcherServlet'
2020-07-01 14:49:00.723 [http-nio-80-exec-1] INFO  org.springframework.web.servlet.DispatcherServlet - Initializing Servlet 'dispatcherServlet'
2020-07-01 14:49:00.728 [http-nio-80-exec-1] INFO  org.springframework.web.servlet.DispatcherServlet - Completed initialization in 5 ms
2020-07-01 14:49:05.253 [http-nio-80-exec-4] INFO  com.zaxxer.hikari.HikariDataSource - HikariPool-1 - Starting...
2020-07-01 14:49:05.546 [http-nio-80-exec-4] INFO  com.zaxxer.hikari.HikariDataSource - HikariPool-1 - Start completed.
2020-07-01 14:50:28.822 [SpringContextShutdownHook] INFO  o.s.scheduling.concurrent.ThreadPoolTaskExecutor - Shutting down ExecutorService 'applicationTaskExecutor'
2020-07-01 14:50:28.824 [SpringContextShutdownHook] INFO  com.zaxxer.hikari.HikariDataSource - HikariPool-1 - Shutdown initiated...
2020-07-01 14:50:28.831 [SpringContextShutdownHook] INFO  com.zaxxer.hikari.HikariDataSource - HikariPool-1 - Shutdown completed.
2020-07-01 14:50:33.756 [main] INFO  com.swj.WarehouseApplication - Starting WarehouseApplication on MacBook-Pro.local with PID 17563 (/Users/macbookpro/IdeaProjects/gxc/target/classes started by macbookpro in /Users/macbookpro/IdeaProjects/gxc)
2020-07-01 14:50:33.759 [main] INFO  com.swj.WarehouseApplication - The following profiles are active: dev
2020-07-01 14:50:34.825 [main] INFO  o.s.boot.web.embedded.tomcat.TomcatWebServer - Tomcat initialized with port(s): 80 (http)
2020-07-01 14:50:34.831 [main] INFO  org.apache.coyote.http11.Http11NioProtocol - Initializing ProtocolHandler ["http-nio-80"]
2020-07-01 14:50:34.832 [main] INFO  org.apache.catalina.core.StandardService - Starting service [Tomcat]
2020-07-01 14:50:34.832 [main] INFO  org.apache.catalina.core.StandardEngine - Starting Servlet engine: [Apache Tomcat/9.0.35]
2020-07-01 14:50:34.888 [main] INFO  o.a.c.core.ContainerBase.[Tomcat].[localhost].[/] - Initializing Spring embedded WebApplicationContext
2020-07-01 14:50:34.889 [main] INFO  org.springframework.web.context.ContextLoader - Root WebApplicationContext: initialization completed in 1094 ms
2020-07-01 14:50:36.292 [main] INFO  s.d.s.w.PropertySourcedRequestMappingHandlerMapping - Mapped URL path [/v2/api-docs] onto method [springfox.documentation.swagger2.web.Swagger2Controller#getDocumentation(String, HttpServletRequest)]
2020-07-01 14:50:36.366 [main] INFO  o.s.scheduling.concurrent.ThreadPoolTaskExecutor - Initializing ExecutorService 'applicationTaskExecutor'
2020-07-01 14:50:36.518 [main] INFO  org.apache.coyote.http11.Http11NioProtocol - Starting ProtocolHandler ["http-nio-80"]
2020-07-01 14:50:36.541 [main] INFO  o.s.boot.web.embedded.tomcat.TomcatWebServer - Tomcat started on port(s): 80 (http) with context path ''
2020-07-01 14:50:36.542 [main] INFO  s.d.s.web.plugins.DocumentationPluginsBootstrapper - Context refreshed
2020-07-01 14:50:36.551 [main] INFO  s.d.s.web.plugins.DocumentationPluginsBootstrapper - Found 1 custom documentation plugin(s)
2020-07-01 14:50:36.574 [main] INFO  s.d.spring.web.scanners.ApiListingReferenceScanner - Scanning for api listing references
2020-07-01 14:50:36.702 [main] INFO  s.d.s.w.r.operation.CachingOperationNameGenerator - Generating unique operation named: getSelectListUsingPOST_1
2020-07-01 14:50:36.744 [main] INFO  s.d.s.w.r.operation.CachingOperationNameGenerator - Generating unique operation named: getListUsingPOST_1
2020-07-01 14:50:36.755 [main] INFO  s.d.s.w.r.operation.CachingOperationNameGenerator - Generating unique operation named: getListUsingPOST_2
2020-07-01 14:50:36.762 [main] INFO  s.d.s.w.r.operation.CachingOperationNameGenerator - Generating unique operation named: getListUsingPOST_3
2020-07-01 14:50:36.789 [main] INFO  s.d.s.w.r.operation.CachingOperationNameGenerator - Generating unique operation named: checkGoodsUsingPOST_1
2020-07-01 14:50:36.818 [main] INFO  s.d.s.w.r.operation.CachingOperationNameGenerator - Generating unique operation named: getWarehouseListUsingPOST_1
2020-07-01 14:50:36.835 [main] INFO  com.swj.WarehouseApplication - Started WarehouseApplication in 3.42 seconds (JVM running for 4.022)
2020-07-01 14:51:50.916 [http-nio-80-exec-2] INFO  o.a.c.core.ContainerBase.[Tomcat].[localhost].[/] - Initializing Spring DispatcherServlet 'dispatcherServlet'
2020-07-01 14:51:50.917 [http-nio-80-exec-2] INFO  org.springframework.web.servlet.DispatcherServlet - Initializing Servlet 'dispatcherServlet'
2020-07-01 14:51:50.922 [http-nio-80-exec-2] INFO  org.springframework.web.servlet.DispatcherServlet - Completed initialization in 5 ms
2020-07-01 14:51:50.980 [http-nio-80-exec-1] INFO  com.zaxxer.hikari.HikariDataSource - HikariPool-1 - Starting...
2020-07-01 14:51:51.275 [http-nio-80-exec-1] INFO  com.zaxxer.hikari.HikariDataSource - HikariPool-1 - Start completed.
2020-07-01 15:19:58.455 [SpringContextShutdownHook] INFO  o.s.scheduling.concurrent.ThreadPoolTaskExecutor - Shutting down ExecutorService 'applicationTaskExecutor'
2020-07-01 15:19:58.457 [SpringContextShutdownHook] INFO  com.zaxxer.hikari.HikariDataSource - HikariPool-1 - Shutdown initiated...
2020-07-01 15:19:58.464 [SpringContextShutdownHook] INFO  com.zaxxer.hikari.HikariDataSource - HikariPool-1 - Shutdown completed.
2020-07-01 15:20:04.001 [main] INFO  com.swj.WarehouseApplication - Starting WarehouseApplication on MacBook-Pro.local with PID 17645 (/Users/macbookpro/IdeaProjects/gxc/target/classes started by macbookpro in /Users/macbookpro/IdeaProjects/gxc)
2020-07-01 15:20:04.003 [main] INFO  com.swj.WarehouseApplication - The following profiles are active: dev
2020-07-01 15:20:05.236 [main] INFO  o.s.boot.web.embedded.tomcat.TomcatWebServer - Tomcat initialized with port(s): 80 (http)
2020-07-01 15:20:05.243 [main] INFO  org.apache.coyote.http11.Http11NioProtocol - Initializing ProtocolHandler ["http-nio-80"]
2020-07-01 15:20:05.244 [main] INFO  org.apache.catalina.core.StandardService - Starting service [Tomcat]
2020-07-01 15:20:05.244 [main] INFO  org.apache.catalina.core.StandardEngine - Starting Servlet engine: [Apache Tomcat/9.0.35]
2020-07-01 15:20:05.300 [main] INFO  o.a.c.core.ContainerBase.[Tomcat].[localhost].[/] - Initializing Spring embedded WebApplicationContext
2020-07-01 15:20:05.301 [main] INFO  org.springframework.web.context.ContextLoader - Root WebApplicationContext: initialization completed in 1260 ms
2020-07-01 15:20:06.314 [main] INFO  s.d.s.w.PropertySourcedRequestMappingHandlerMapping - Mapped URL path [/v2/api-docs] onto method [springfox.documentation.swagger2.web.Swagger2Controller#getDocumentation(String, HttpServletRequest)]
2020-07-01 15:20:06.373 [main] INFO  o.s.scheduling.concurrent.ThreadPoolTaskExecutor - Initializing ExecutorService 'applicationTaskExecutor'
2020-07-01 15:20:06.500 [main] INFO  org.apache.coyote.http11.Http11NioProtocol - Starting ProtocolHandler ["http-nio-80"]
2020-07-01 15:20:06.525 [main] INFO  o.s.boot.web.embedded.tomcat.TomcatWebServer - Tomcat started on port(s): 80 (http) with context path ''
2020-07-01 15:20:06.526 [main] INFO  s.d.s.web.plugins.DocumentationPluginsBootstrapper - Context refreshed
2020-07-01 15:20:06.536 [main] INFO  s.d.s.web.plugins.DocumentationPluginsBootstrapper - Found 1 custom documentation plugin(s)
2020-07-01 15:20:06.561 [main] INFO  s.d.spring.web.scanners.ApiListingReferenceScanner - Scanning for api listing references
2020-07-01 15:20:06.685 [main] INFO  s.d.s.w.r.operation.CachingOperationNameGenerator - Generating unique operation named: getSelectListUsingPOST_1
2020-07-01 15:20:06.726 [main] INFO  s.d.s.w.r.operation.CachingOperationNameGenerator - Generating unique operation named: getListUsingPOST_1
2020-07-01 15:20:06.739 [main] INFO  s.d.s.w.r.operation.CachingOperationNameGenerator - Generating unique operation named: getListUsingPOST_2
2020-07-01 15:20:06.746 [main] INFO  s.d.s.w.r.operation.CachingOperationNameGenerator - Generating unique operation named: getListUsingPOST_3
2020-07-01 15:20:06.776 [main] INFO  s.d.s.w.r.operation.CachingOperationNameGenerator - Generating unique operation named: checkGoodsUsingPOST_1
2020-07-01 15:20:06.798 [main] INFO  s.d.s.w.r.operation.CachingOperationNameGenerator - Generating unique operation named: getWarehouseListUsingPOST_1
2020-07-01 15:20:06.815 [main] INFO  com.swj.WarehouseApplication - Started WarehouseApplication in 3.16 seconds (JVM running for 3.788)
2020-07-01 15:21:53.503 [SpringContextShutdownHook] INFO  o.s.scheduling.concurrent.ThreadPoolTaskExecutor - Shutting down ExecutorService 'applicationTaskExecutor'
2020-07-01 15:21:57.741 [main] INFO  com.swj.WarehouseApplication - Starting WarehouseApplication on MacBook-Pro.local with PID 17664 (/Users/macbookpro/IdeaProjects/gxc/target/classes started by macbookpro in /Users/macbookpro/IdeaProjects/gxc)
2020-07-01 15:21:57.743 [main] INFO  com.swj.WarehouseApplication - The following profiles are active: dev
2020-07-01 15:21:59.099 [main] INFO  o.s.boot.web.embedded.tomcat.TomcatWebServer - Tomcat initialized with port(s): 80 (http)
2020-07-01 15:21:59.112 [main] INFO  org.apache.coyote.http11.Http11NioProtocol - Initializing ProtocolHandler ["http-nio-80"]
2020-07-01 15:21:59.114 [main] INFO  org.apache.catalina.core.StandardService - Starting service [Tomcat]
2020-07-01 15:21:59.115 [main] INFO  org.apache.catalina.core.StandardEngine - Starting Servlet engine: [Apache Tomcat/9.0.35]
2020-07-01 15:21:59.189 [main] INFO  o.a.c.core.ContainerBase.[Tomcat].[localhost].[/] - Initializing Spring embedded WebApplicationContext
2020-07-01 15:21:59.189 [main] INFO  org.springframework.web.context.ContextLoader - Root WebApplicationContext: initialization completed in 1405 ms
2020-07-01 15:22:00.250 [main] INFO  s.d.s.w.PropertySourcedRequestMappingHandlerMapping - Mapped URL path [/v2/api-docs] onto method [springfox.documentation.swagger2.web.Swagger2Controller#getDocumentation(String, HttpServletRequest)]
2020-07-01 15:22:00.310 [main] INFO  o.s.scheduling.concurrent.ThreadPoolTaskExecutor - Initializing ExecutorService 'applicationTaskExecutor'
2020-07-01 15:22:00.450 [main] INFO  org.apache.coyote.http11.Http11NioProtocol - Starting ProtocolHandler ["http-nio-80"]
2020-07-01 15:22:00.478 [main] INFO  o.s.boot.web.embedded.tomcat.TomcatWebServer - Tomcat started on port(s): 80 (http) with context path ''
2020-07-01 15:22:00.479 [main] INFO  s.d.s.web.plugins.DocumentationPluginsBootstrapper - Context refreshed
2020-07-01 15:22:00.488 [main] INFO  s.d.s.web.plugins.DocumentationPluginsBootstrapper - Found 1 custom documentation plugin(s)
2020-07-01 15:22:00.512 [main] INFO  s.d.spring.web.scanners.ApiListingReferenceScanner - Scanning for api listing references
2020-07-01 15:22:00.638 [main] INFO  s.d.s.w.r.operation.CachingOperationNameGenerator - Generating unique operation named: getSelectListUsingPOST_1
2020-07-01 15:22:00.677 [main] INFO  s.d.s.w.r.operation.CachingOperationNameGenerator - Generating unique operation named: getListUsingPOST_1
2020-07-01 15:22:00.689 [main] INFO  s.d.s.w.r.operation.CachingOperationNameGenerator - Generating unique operation named: getListUsingPOST_2
2020-07-01 15:22:00.698 [main] INFO  s.d.s.w.r.operation.CachingOperationNameGenerator - Generating unique operation named: getListUsingPOST_3
2020-07-01 15:22:00.724 [main] INFO  s.d.s.w.r.operation.CachingOperationNameGenerator - Generating unique operation named: checkGoodsUsingPOST_1
2020-07-01 15:22:00.751 [main] INFO  s.d.s.w.r.operation.CachingOperationNameGenerator - Generating unique operation named: getWarehouseListUsingPOST_1
2020-07-01 15:22:00.769 [main] INFO  com.swj.WarehouseApplication - Started WarehouseApplication in 3.4 seconds (JVM running for 4.018)
2020-07-01 15:22:01.725 [http-nio-80-exec-1] INFO  o.a.c.core.ContainerBase.[Tomcat].[localhost].[/] - Initializing Spring DispatcherServlet 'dispatcherServlet'
2020-07-01 15:22:01.725 [http-nio-80-exec-1] INFO  org.springframework.web.servlet.DispatcherServlet - Initializing Servlet 'dispatcherServlet'
2020-07-01 15:22:01.731 [http-nio-80-exec-1] INFO  org.springframework.web.servlet.DispatcherServlet - Completed initialization in 5 ms
2020-07-01 15:22:06.679 [http-nio-80-exec-6] INFO  com.zaxxer.hikari.HikariDataSource - HikariPool-1 - Starting...
2020-07-01 15:22:06.977 [http-nio-80-exec-6] INFO  com.zaxxer.hikari.HikariDataSource - HikariPool-1 - Start completed.
2020-07-01 16:00:09.684 [SpringContextShutdownHook] INFO  o.s.scheduling.concurrent.ThreadPoolTaskExecutor - Shutting down ExecutorService 'applicationTaskExecutor'
2020-07-01 16:00:09.687 [SpringContextShutdownHook] INFO  com.zaxxer.hikari.HikariDataSource - HikariPool-1 - Shutdown initiated...
2020-07-01 16:00:09.695 [SpringContextShutdownHook] INFO  com.zaxxer.hikari.HikariDataSource - HikariPool-1 - Shutdown completed.
2020-07-01 16:00:15.295 [main] INFO  com.swj.WarehouseApplication - Starting WarehouseApplication on MacBook-Pro.local with PID 17800 (/Users/macbookpro/IdeaProjects/gxc/target/classes started by macbookpro in /Users/macbookpro/IdeaProjects/gxc)
2020-07-01 16:00:15.299 [main] INFO  com.swj.WarehouseApplication - The following profiles are active: dev
2020-07-01 16:00:16.502 [main] INFO  o.s.boot.web.embedded.tomcat.TomcatWebServer - Tomcat initialized with port(s): 80 (http)
2020-07-01 16:00:16.514 [main] INFO  org.apache.coyote.http11.Http11NioProtocol - Initializing ProtocolHandler ["http-nio-80"]
2020-07-01 16:00:16.516 [main] INFO  org.apache.catalina.core.StandardService - Starting service [Tomcat]
2020-07-01 16:00:16.517 [main] INFO  org.apache.catalina.core.StandardEngine - Starting Servlet engine: [Apache Tomcat/9.0.35]
2020-07-01 16:00:16.607 [main] INFO  o.a.c.core.ContainerBase.[Tomcat].[localhost].[/] - Initializing Spring embedded WebApplicationContext
2020-07-01 16:00:16.608 [main] INFO  org.springframework.web.context.ContextLoader - Root WebApplicationContext: initialization completed in 1270 ms
2020-07-01 16:00:17.710 [main] INFO  s.d.s.w.PropertySourcedRequestMappingHandlerMapping - Mapped URL path [/v2/api-docs] onto method [springfox.documentation.swagger2.web.Swagger2Controller#getDocumentation(String, HttpServletRequest)]
2020-07-01 16:00:17.770 [main] INFO  o.s.scheduling.concurrent.ThreadPoolTaskExecutor - Initializing ExecutorService 'applicationTaskExecutor'
2020-07-01 16:00:17.894 [main] INFO  org.apache.coyote.http11.Http11NioProtocol - Starting ProtocolHandler ["http-nio-80"]
2020-07-01 16:00:17.920 [main] INFO  o.s.boot.web.embedded.tomcat.TomcatWebServer - Tomcat started on port(s): 80 (http) with context path ''
2020-07-01 16:00:17.921 [main] INFO  s.d.s.web.plugins.DocumentationPluginsBootstrapper - Context refreshed
2020-07-01 16:00:17.933 [main] INFO  s.d.s.web.plugins.DocumentationPluginsBootstrapper - Found 1 custom documentation plugin(s)
2020-07-01 16:00:17.961 [main] INFO  s.d.spring.web.scanners.ApiListingReferenceScanner - Scanning for api listing references
2020-07-01 16:00:18.095 [main] INFO  s.d.s.w.r.operation.CachingOperationNameGenerator - Generating unique operation named: getSelectListUsingPOST_1
2020-07-01 16:00:18.136 [main] INFO  s.d.s.w.r.operation.CachingOperationNameGenerator - Generating unique operation named: getListUsingPOST_1
2020-07-01 16:00:18.146 [main] INFO  s.d.s.w.r.operation.CachingOperationNameGenerator - Generating unique operation named: getListUsingPOST_2
2020-07-01 16:00:18.152 [main] INFO  s.d.s.w.r.operation.CachingOperationNameGenerator - Generating unique operation named: getListUsingPOST_3
2020-07-01 16:00:18.179 [main] INFO  s.d.s.w.r.operation.CachingOperationNameGenerator - Generating unique operation named: checkGoodsUsingPOST_1
2020-07-01 16:00:18.201 [main] INFO  s.d.s.w.r.operation.CachingOperationNameGenerator - Generating unique operation named: getSelectListUsingPOST_2
2020-07-01 16:00:18.203 [main] INFO  s.d.s.w.r.operation.CachingOperationNameGenerator - Generating unique operation named: getWarehouseListUsingPOST_1
2020-07-01 16:00:18.219 [main] INFO  com.swj.WarehouseApplication - Started WarehouseApplication in 3.248 seconds (JVM running for 3.764)
2020-07-01 16:00:31.343 [http-nio-80-exec-1] INFO  o.a.c.core.ContainerBase.[Tomcat].[localhost].[/] - Initializing Spring DispatcherServlet 'dispatcherServlet'
2020-07-01 16:00:31.343 [http-nio-80-exec-1] INFO  org.springframework.web.servlet.DispatcherServlet - Initializing Servlet 'dispatcherServlet'
2020-07-01 16:00:31.348 [http-nio-80-exec-1] INFO  org.springframework.web.servlet.DispatcherServlet - Completed initialization in 5 ms
2020-07-01 16:05:31.374 [SpringContextShutdownHook] INFO  o.s.scheduling.concurrent.ThreadPoolTaskExecutor - Shutting down ExecutorService 'applicationTaskExecutor'
2020-07-01 16:05:34.603 [main] INFO  com.swj.WarehouseApplication - Starting WarehouseApplication on MacBook-Pro.local with PID 17823 (/Users/macbookpro/IdeaProjects/gxc/target/classes started by macbookpro in /Users/macbookpro/IdeaProjects/gxc)
2020-07-01 16:05:34.606 [main] INFO  com.swj.WarehouseApplication - The following profiles are active: dev
2020-07-01 16:05:35.681 [main] INFO  o.s.boot.web.embedded.tomcat.TomcatWebServer - Tomcat initialized with port(s): 80 (http)
2020-07-01 16:05:35.687 [main] INFO  org.apache.coyote.http11.Http11NioProtocol - Initializing ProtocolHandler ["http-nio-80"]
2020-07-01 16:05:35.687 [main] INFO  org.apache.catalina.core.StandardService - Starting service [Tomcat]
2020-07-01 16:05:35.688 [main] INFO  org.apache.catalina.core.StandardEngine - Starting Servlet engine: [Apache Tomcat/9.0.35]
2020-07-01 16:05:35.738 [main] INFO  o.a.c.core.ContainerBase.[Tomcat].[localhost].[/] - Initializing Spring embedded WebApplicationContext
2020-07-01 16:05:35.738 [main] INFO  org.springframework.web.context.ContextLoader - Root WebApplicationContext: initialization completed in 1101 ms
2020-07-01 16:05:36.765 [main] INFO  s.d.s.w.PropertySourcedRequestMappingHandlerMapping - Mapped URL path [/v2/api-docs] onto method [springfox.documentation.swagger2.web.Swagger2Controller#getDocumentation(String, HttpServletRequest)]
2020-07-01 16:05:36.838 [main] INFO  o.s.scheduling.concurrent.ThreadPoolTaskExecutor - Initializing ExecutorService 'applicationTaskExecutor'
2020-07-01 16:05:37.007 [main] INFO  org.apache.coyote.http11.Http11NioProtocol - Starting ProtocolHandler ["http-nio-80"]
2020-07-01 16:05:37.040 [main] INFO  o.s.boot.web.embedded.tomcat.TomcatWebServer - Tomcat started on port(s): 80 (http) with context path ''
2020-07-01 16:05:37.041 [main] INFO  s.d.s.web.plugins.DocumentationPluginsBootstrapper - Context refreshed
2020-07-01 16:05:37.054 [main] INFO  s.d.s.web.plugins.DocumentationPluginsBootstrapper - Found 1 custom documentation plugin(s)
2020-07-01 16:05:37.083 [main] INFO  s.d.spring.web.scanners.ApiListingReferenceScanner - Scanning for api listing references
2020-07-01 16:05:37.245 [main] INFO  s.d.s.w.r.operation.CachingOperationNameGenerator - Generating unique operation named: getSelectListUsingPOST_1
2020-07-01 16:05:37.299 [main] INFO  s.d.s.w.r.operation.CachingOperationNameGenerator - Generating unique operation named: getListUsingPOST_1
2020-07-01 16:05:37.314 [main] INFO  s.d.s.w.r.operation.CachingOperationNameGenerator - Generating unique operation named: getListUsingPOST_2
2020-07-01 16:05:37.321 [main] INFO  s.d.s.w.r.operation.CachingOperationNameGenerator - Generating unique operation named: getListUsingPOST_3
2020-07-01 16:05:37.349 [main] INFO  s.d.s.w.r.operation.CachingOperationNameGenerator - Generating unique operation named: checkGoodsUsingPOST_1
2020-07-01 16:05:37.373 [main] INFO  s.d.s.w.r.operation.CachingOperationNameGenerator - Generating unique operation named: getSelectListUsingPOST_2
2020-07-01 16:05:37.376 [main] INFO  s.d.s.w.r.operation.CachingOperationNameGenerator - Generating unique operation named: getWarehouseListUsingPOST_1
2020-07-01 16:05:37.394 [main] INFO  com.swj.WarehouseApplication - Started WarehouseApplication in 3.12 seconds (JVM running for 3.793)
2020-07-01 16:05:43.586 [http-nio-80-exec-1] INFO  o.a.c.core.ContainerBase.[Tomcat].[localhost].[/] - Initializing Spring DispatcherServlet 'dispatcherServlet'
2020-07-01 16:05:43.587 [http-nio-80-exec-1] INFO  org.springframework.web.servlet.DispatcherServlet - Initializing Servlet 'dispatcherServlet'
2020-07-01 16:05:43.593 [http-nio-80-exec-1] INFO  org.springframework.web.servlet.DispatcherServlet - Completed initialization in 6 ms
2020-07-01 16:06:41.455 [http-nio-80-exec-3] INFO  com.zaxxer.hikari.HikariDataSource - HikariPool-1 - Starting...
2020-07-01 16:06:41.766 [http-nio-80-exec-3] INFO  com.zaxxer.hikari.HikariDataSource - HikariPool-1 - Start completed.
2020-07-01 16:12:50.844 [SpringContextShutdownHook] INFO  o.s.scheduling.concurrent.ThreadPoolTaskExecutor - Shutting down ExecutorService 'applicationTaskExecutor'
2020-07-01 16:12:50.846 [SpringContextShutdownHook] INFO  com.zaxxer.hikari.HikariDataSource - HikariPool-1 - Shutdown initiated...
2020-07-01 16:12:50.851 [SpringContextShutdownHook] INFO  com.zaxxer.hikari.HikariDataSource - HikariPool-1 - Shutdown completed.
2020-07-01 16:12:56.857 [main] INFO  com.swj.WarehouseApplication - Starting WarehouseApplication on MacBook-Pro.local with PID 17866 (/Users/macbookpro/IdeaProjects/gxc/target/classes started by macbookpro in /Users/macbookpro/IdeaProjects/gxc)
2020-07-01 16:12:56.860 [main] INFO  com.swj.WarehouseApplication - The following profiles are active: dev
2020-07-01 16:12:58.169 [main] INFO  o.s.boot.web.embedded.tomcat.TomcatWebServer - Tomcat initialized with port(s): 80 (http)
2020-07-01 16:12:58.177 [main] INFO  org.apache.coyote.http11.Http11NioProtocol - Initializing ProtocolHandler ["http-nio-80"]
2020-07-01 16:12:58.178 [main] INFO  org.apache.catalina.core.StandardService - Starting service [Tomcat]
2020-07-01 16:12:58.178 [main] INFO  org.apache.catalina.core.StandardEngine - Starting Servlet engine: [Apache Tomcat/9.0.35]
2020-07-01 16:12:58.244 [main] INFO  o.a.c.core.ContainerBase.[Tomcat].[localhost].[/] - Initializing Spring embedded WebApplicationContext
2020-07-01 16:12:58.244 [main] INFO  org.springframework.web.context.ContextLoader - Root WebApplicationContext: initialization completed in 1346 ms
2020-07-01 16:12:59.320 [main] INFO  s.d.s.w.PropertySourcedRequestMappingHandlerMapping - Mapped URL path [/v2/api-docs] onto method [springfox.documentation.swagger2.web.Swagger2Controller#getDocumentation(String, HttpServletRequest)]
2020-07-01 16:12:59.396 [main] INFO  o.s.scheduling.concurrent.ThreadPoolTaskExecutor - Initializing ExecutorService 'applicationTaskExecutor'
2020-07-01 16:12:59.546 [main] INFO  org.apache.coyote.http11.Http11NioProtocol - Starting ProtocolHandler ["http-nio-80"]
2020-07-01 16:12:59.572 [main] INFO  o.s.boot.web.embedded.tomcat.TomcatWebServer - Tomcat started on port(s): 80 (http) with context path ''
2020-07-01 16:12:59.574 [main] INFO  s.d.s.web.plugins.DocumentationPluginsBootstrapper - Context refreshed
2020-07-01 16:12:59.583 [main] INFO  s.d.s.web.plugins.DocumentationPluginsBootstrapper - Found 1 custom documentation plugin(s)
2020-07-01 16:12:59.612 [main] INFO  s.d.spring.web.scanners.ApiListingReferenceScanner - Scanning for api listing references
2020-07-01 16:12:59.790 [main] INFO  s.d.s.w.r.operation.CachingOperationNameGenerator - Generating unique operation named: getSelectListUsingPOST_1
2020-07-01 16:12:59.860 [main] INFO  s.d.s.w.r.operation.CachingOperationNameGenerator - Generating unique operation named: getListUsingPOST_1
2020-07-01 16:12:59.873 [main] INFO  s.d.s.w.r.operation.CachingOperationNameGenerator - Generating unique operation named: getListUsingPOST_2
2020-07-01 16:12:59.883 [main] INFO  s.d.s.w.r.operation.CachingOperationNameGenerator - Generating unique operation named: getListUsingPOST_3
2020-07-01 16:12:59.912 [main] INFO  s.d.s.w.r.operation.CachingOperationNameGenerator - Generating unique operation named: checkGoodsUsingPOST_1
2020-07-01 16:12:59.936 [main] INFO  s.d.s.w.r.operation.CachingOperationNameGenerator - Generating unique operation named: getSelectListUsingPOST_2
2020-07-01 16:12:59.939 [main] INFO  s.d.s.w.r.operation.CachingOperationNameGenerator - Generating unique operation named: getWarehouseListUsingPOST_1
2020-07-01 16:12:59.958 [main] INFO  com.swj.WarehouseApplication - Started WarehouseApplication in 3.45 seconds (JVM running for 4.175)
2020-07-01 16:14:00.865 [http-nio-80-exec-1] INFO  o.a.c.core.ContainerBase.[Tomcat].[localhost].[/] - Initializing Spring DispatcherServlet 'dispatcherServlet'
2020-07-01 16:14:00.866 [http-nio-80-exec-1] INFO  org.springframework.web.servlet.DispatcherServlet - Initializing Servlet 'dispatcherServlet'
2020-07-01 16:14:00.873 [http-nio-80-exec-1] INFO  org.springframework.web.servlet.DispatcherServlet - Completed initialization in 7 ms
2020-07-01 16:14:01.171 [http-nio-80-exec-4] INFO  com.zaxxer.hikari.HikariDataSource - HikariPool-1 - Starting...
2020-07-01 16:14:01.511 [http-nio-80-exec-4] INFO  com.zaxxer.hikari.HikariDataSource - HikariPool-1 - Start completed.
2020-07-01 16:41:38.434 [SpringContextShutdownHook] INFO  o.s.scheduling.concurrent.ThreadPoolTaskExecutor - Shutting down ExecutorService 'applicationTaskExecutor'
2020-07-01 16:41:38.436 [SpringContextShutdownHook] INFO  com.zaxxer.hikari.HikariDataSource - HikariPool-1 - Shutdown initiated...
2020-07-01 16:41:38.442 [SpringContextShutdownHook] INFO  com.zaxxer.hikari.HikariDataSource - HikariPool-1 - Shutdown completed.
2020-07-01 16:51:08.885 [main] INFO  com.swj.WarehouseApplication - Starting WarehouseApplication on MacBook-Pro.local with PID 18012 (/Users/macbookpro/IdeaProjects/gxc/target/classes started by macbookpro in /Users/macbookpro/IdeaProjects/gxc)
2020-07-01 16:51:08.887 [main] INFO  com.swj.WarehouseApplication - The following profiles are active: dev
2020-07-01 16:51:10.073 [main] INFO  o.s.boot.web.embedded.tomcat.TomcatWebServer - Tomcat initialized with port(s): 80 (http)
2020-07-01 16:51:10.083 [main] INFO  org.apache.coyote.http11.Http11NioProtocol - Initializing ProtocolHandler ["http-nio-80"]
2020-07-01 16:51:10.083 [main] INFO  org.apache.catalina.core.StandardService - Starting service [Tomcat]
2020-07-01 16:51:10.084 [main] INFO  org.apache.catalina.core.StandardEngine - Starting Servlet engine: [Apache Tomcat/9.0.35]
2020-07-01 16:51:10.161 [main] INFO  o.a.c.core.ContainerBase.[Tomcat].[localhost].[/] - Initializing Spring embedded WebApplicationContext
2020-07-01 16:51:10.162 [main] INFO  org.springframework.web.context.ContextLoader - Root WebApplicationContext: initialization completed in 1231 ms
2020-07-01 16:51:11.233 [main] INFO  s.d.s.w.PropertySourcedRequestMappingHandlerMapping - Mapped URL path [/v2/api-docs] onto method [springfox.documentation.swagger2.web.Swagger2Controller#getDocumentation(String, HttpServletRequest)]
2020-07-01 16:51:11.302 [main] INFO  o.s.scheduling.concurrent.ThreadPoolTaskExecutor - Initializing ExecutorService 'applicationTaskExecutor'
2020-07-01 16:51:11.428 [main] INFO  org.apache.coyote.http11.Http11NioProtocol - Starting ProtocolHandler ["http-nio-80"]
2020-07-01 16:51:11.457 [main] INFO  o.s.boot.web.embedded.tomcat.TomcatWebServer - Tomcat started on port(s): 80 (http) with context path ''
2020-07-01 16:51:11.458 [main] INFO  s.d.s.web.plugins.DocumentationPluginsBootstrapper - Context refreshed
2020-07-01 16:51:11.467 [main] INFO  s.d.s.web.plugins.DocumentationPluginsBootstrapper - Found 1 custom documentation plugin(s)
2020-07-01 16:51:11.491 [main] INFO  s.d.spring.web.scanners.ApiListingReferenceScanner - Scanning for api listing references
2020-07-01 16:51:11.619 [main] INFO  s.d.s.w.r.operation.CachingOperationNameGenerator - Generating unique operation named: getSelectListUsingPOST_1
2020-07-01 16:51:11.666 [main] INFO  s.d.s.w.r.operation.CachingOperationNameGenerator - Generating unique operation named: getListUsingPOST_1
2020-07-01 16:51:11.678 [main] INFO  s.d.s.w.r.operation.CachingOperationNameGenerator - Generating unique operation named: getListUsingPOST_2
2020-07-01 16:51:11.687 [main] INFO  s.d.s.w.r.operation.CachingOperationNameGenerator - Generating unique operation named: getListUsingPOST_3
2020-07-01 16:51:11.716 [main] INFO  s.d.s.w.r.operation.CachingOperationNameGenerator - Generating unique operation named: checkGoodsUsingPOST_1
2020-07-01 16:51:11.741 [main] INFO  s.d.s.w.r.operation.CachingOperationNameGenerator - Generating unique operation named: getSelectListUsingPOST_2
2020-07-01 16:51:11.743 [main] INFO  s.d.s.w.r.operation.CachingOperationNameGenerator - Generating unique operation named: getWarehouseListUsingPOST_1
2020-07-01 16:51:11.766 [main] INFO  com.swj.WarehouseApplication - Started WarehouseApplication in 3.264 seconds (JVM running for 4.088)
2020-07-01 16:51:22.942 [http-nio-80-exec-1] INFO  o.a.c.core.ContainerBase.[Tomcat].[localhost].[/] - Initializing Spring DispatcherServlet 'dispatcherServlet'
2020-07-01 16:51:22.943 [http-nio-80-exec-1] INFO  org.springframework.web.servlet.DispatcherServlet - Initializing Servlet 'dispatcherServlet'
2020-07-01 16:51:22.948 [http-nio-80-exec-1] INFO  org.springframework.web.servlet.DispatcherServlet - Completed initialization in 5 ms
2020-07-01 16:51:27.447 [http-nio-80-exec-4] INFO  com.zaxxer.hikari.HikariDataSource - HikariPool-1 - Starting...
2020-07-01 16:51:27.736 [http-nio-80-exec-4] INFO  com.zaxxer.hikari.HikariDataSource - HikariPool-1 - Start completed.
