2020-07-13 00:00:14.518 [HikariPool-1 housekeeper] WARN  com.zaxxer.hikari.pool.HikariPool - HikariPool-1 - Thread starvation or clock leap detected (housekeeper delta=40m40s673ms).
2020-07-13 01:11:24.778 [HikariPool-1 housekeeper] WARN  com.zaxxer.hikari.pool.HikariPool - HikariPool-1 - Thread starvation or clock leap detected (housekeeper delta=1h11m10s200ms).
2020-07-13 02:59:40.542 [HikariPool-1 housekeeper] WARN  com.zaxxer.hikari.pool.HikariPool - HikariPool-1 - Thread starvation or clock leap detected (housekeeper delta=1h47m45s623ms).
2020-07-13 04:47:56.852 [HikariPool-1 housekeeper] WARN  com.zaxxer.hikari.pool.HikariPool - HikariPool-1 - Thread starvation or clock leap detected (housekeeper delta=1h47m46s294ms).
2020-07-13 06:36:13.053 [HikariPool-1 housekeeper] WARN  com.zaxxer.hikari.pool.HikariPool - HikariPool-1 - Thread starvation or clock leap detected (housekeeper delta=1h47m46s186ms).
2020-07-13 07:14:29.119 [HikariPool-1 housekeeper] WARN  com.zaxxer.hikari.pool.HikariPool - HikariPool-1 - Thread starvation or clock leap detected (housekeeper delta=37m46s17ms).
2020-07-13 08:19:20.949 [HikariPool-1 housekeeper] WARN  com.zaxxer.hikari.pool.HikariPool - HikariPool-1 - Thread starvation or clock leap detected (housekeeper delta=1h4m51s821ms).
2020-07-13 08:30:04.040 [HikariPool-1 housekeeper] WARN  com.zaxxer.hikari.pool.HikariPool - HikariPool-1 - Thread starvation or clock leap detected (housekeeper delta=10m13s72ms).
2020-07-13 08:31:34.388 [HikariPool-1 housekeeper] WARN  com.zaxxer.hikari.pool.HikariPool - HikariPool-1 - Thread starvation or clock leap detected (housekeeper delta=1m328ms).
2020-07-13 08:46:01.533 [HikariPool-1 housekeeper] WARN  com.zaxxer.hikari.pool.HikariPool - HikariPool-1 - Thread starvation or clock leap detected (housekeeper delta=1m18s300ms).
2020-07-13 08:48:41.248 [HikariPool-1 housekeeper] WARN  com.zaxxer.hikari.pool.HikariPool - HikariPool-1 - Thread starvation or clock leap detected (housekeeper delta=1m1s839ms).
2020-07-13 09:06:23.055 [HikariPool-1 housekeeper] WARN  com.zaxxer.hikari.pool.HikariPool - HikariPool-1 - Thread starvation or clock leap detected (housekeeper delta=1m11s718ms).
2020-07-13 10:35:26.499 [main] WARN  org.mybatis.spring.mapper.ClassPathMapperScanner - No MyBatis mapper was found in '[com.swj]' package. Please check your configuration.
2020-07-13 10:35:29.459 [main] WARN  s.d.s.w.readers.parameter.ParameterDataTypeReader - Trying to infer dataType java.util.Map<java.lang.String,java.lang.Integer>
2020-07-13 10:35:29.491 [main] WARN  s.d.s.w.readers.parameter.ParameterDataTypeReader - Trying to infer dataType java.util.Map<java.lang.String,java.lang.Integer>
2020-07-13 11:27:18.734 [HikariPool-1 housekeeper] WARN  com.zaxxer.hikari.pool.HikariPool - HikariPool-1 - Thread starvation or clock leap detected (housekeeper delta=49s529ms).
2020-07-13 11:43:53.080 [main] WARN  org.mybatis.spring.mapper.ClassPathMapperScanner - No MyBatis mapper was found in '[com.swj]' package. Please check your configuration.
2020-07-13 11:43:55.781 [main] WARN  s.d.s.w.readers.parameter.ParameterDataTypeReader - Trying to infer dataType java.util.Map<java.lang.String,java.lang.Integer>
2020-07-13 11:43:55.825 [main] WARN  s.d.s.w.readers.parameter.ParameterDataTypeReader - Trying to infer dataType java.util.Map<java.lang.String,java.lang.Integer>
2020-07-13 12:00:35.169 [HikariPool-1 housekeeper] WARN  com.zaxxer.hikari.pool.HikariPool - HikariPool-1 - Thread starvation or clock leap detected (housekeeper delta=2m57s667ms).
2020-07-13 12:17:47.473 [HikariPool-1 housekeeper] WARN  com.zaxxer.hikari.pool.HikariPool - HikariPool-1 - Thread starvation or clock leap detected (housekeeper delta=5m11s895ms).
2020-07-13 12:23:29.401 [HikariPool-1 housekeeper] WARN  com.zaxxer.hikari.pool.HikariPool - HikariPool-1 - Thread starvation or clock leap detected (housekeeper delta=5m11s920ms).
2020-07-13 12:29:11.344 [HikariPool-1 housekeeper] WARN  com.zaxxer.hikari.pool.HikariPool - HikariPool-1 - Thread starvation or clock leap detected (housekeeper delta=5m11s937ms).
2020-07-13 12:34:58.353 [HikariPool-1 housekeeper] WARN  com.zaxxer.hikari.pool.HikariPool - HikariPool-1 - Thread starvation or clock leap detected (housekeeper delta=5m17s3ms).
2020-07-13 12:38:09.222 [HikariPool-1 housekeeper] WARN  com.zaxxer.hikari.pool.HikariPool - HikariPool-1 - Thread starvation or clock leap detected (housekeeper delta=2m40s859ms).
2020-07-13 12:43:21.109 [HikariPool-1 housekeeper] WARN  com.zaxxer.hikari.pool.HikariPool - HikariPool-1 - Thread starvation or clock leap detected (housekeeper delta=5m11s887ms).
2020-07-13 12:49:03.003 [HikariPool-1 housekeeper] WARN  com.zaxxer.hikari.pool.HikariPool - HikariPool-1 - Thread starvation or clock leap detected (housekeeper delta=5m11s886ms).
2020-07-13 13:20:11.894 [HikariPool-1 housekeeper] WARN  com.zaxxer.hikari.pool.HikariPool - HikariPool-1 - Thread starvation or clock leap detected (housekeeper delta=30m38s882ms).
2020-07-13 13:25:53.787 [HikariPool-1 housekeeper] WARN  com.zaxxer.hikari.pool.HikariPool - HikariPool-1 - Thread starvation or clock leap detected (housekeeper delta=5m11s886ms).
2020-07-13 13:31:35.679 [HikariPool-1 housekeeper] WARN  com.zaxxer.hikari.pool.HikariPool - HikariPool-1 - Thread starvation or clock leap detected (housekeeper delta=5m11s885ms).
2020-07-13 13:36:47.611 [HikariPool-1 housekeeper] WARN  com.zaxxer.hikari.pool.HikariPool - HikariPool-1 - Thread starvation or clock leap detected (housekeeper delta=5m11s932ms).
2020-07-13 13:42:03.735 [HikariPool-1 housekeeper] WARN  com.zaxxer.hikari.pool.HikariPool - HikariPool-1 - Thread starvation or clock leap detected (housekeeper delta=4m46s116ms).
2020-07-13 14:58:06.184 [main] WARN  org.mybatis.spring.mapper.ClassPathMapperScanner - No MyBatis mapper was found in '[com.swj]' package. Please check your configuration.
2020-07-13 14:58:08.626 [main] WARN  s.d.s.w.readers.parameter.ParameterDataTypeReader - Trying to infer dataType java.util.Map<java.lang.String,java.lang.Integer>
2020-07-13 14:58:08.665 [main] WARN  s.d.s.w.readers.parameter.ParameterDataTypeReader - Trying to infer dataType java.util.Map<java.lang.String,java.lang.Integer>
2020-07-13 15:44:47.357 [main] WARN  org.mybatis.spring.mapper.ClassPathMapperScanner - No MyBatis mapper was found in '[com.swj]' package. Please check your configuration.
2020-07-13 15:44:50.159 [main] WARN  s.d.s.w.readers.parameter.ParameterDataTypeReader - Trying to infer dataType java.util.Map<java.lang.String,java.lang.Integer>
2020-07-13 15:44:50.198 [main] WARN  s.d.s.w.readers.parameter.ParameterDataTypeReader - Trying to infer dataType java.util.Map<java.lang.String,java.lang.Integer>
2020-07-13 16:07:14.515 [HikariPool-1 housekeeper] WARN  com.zaxxer.hikari.pool.HikariPool - HikariPool-1 - Thread starvation or clock leap detected (housekeeper delta=1m23s294ms).
