2020-06-30 08:53:14.589 [main] WARN  org.mybatis.spring.mapper.ClassPathMapperScanner - No MyBatis mapper was found in '[com.swj]' package. Please check your configuration.
2020-06-30 08:53:16.861 [main] WARN  s.d.s.w.readers.parameter.ParameterDataTypeReader - Trying to infer dataType java.util.Map<java.lang.String,java.lang.Integer>
2020-06-30 08:53:16.877 [main] WARN  s.d.s.w.readers.parameter.ParameterDataTypeReader - Trying to infer dataType java.util.Map<java.lang.String,java.lang.Integer>
2020-06-30 09:35:04.775 [HikariPool-1 housekeeper] WARN  com.zaxxer.hikari.pool.HikariPool - HikariPool-1 - Thread starvation or clock leap detected (housekeeper delta=2m22s908ms).
2020-06-30 09:43:14.846 [HikariPool-1 housekeeper] WARN  com.zaxxer.hikari.pool.HikariPool - HikariPool-1 - Thread starvation or clock leap detected (housekeeper delta=1m40s36ms).
2020-06-30 10:12:03.731 [HikariPool-1 housekeeper] WARN  com.zaxxer.hikari.pool.HikariPool - HikariPool-1 - Thread starvation or clock leap detected (housekeeper delta=48s734ms).
2020-06-30 10:38:41.979 [HikariPool-1 housekeeper] WARN  com.zaxxer.hikari.pool.HikariPool - HikariPool-1 - Thread starvation or clock leap detected (housekeeper delta=4m8s118ms).
2020-06-30 11:06:24.696 [HikariPool-1 housekeeper] WARN  com.zaxxer.hikari.pool.HikariPool - HikariPool-1 - Thread starvation or clock leap detected (housekeeper delta=4m12s582ms).
2020-06-30 11:11:23.173 [http-nio-80-exec-6] WARN  o.s.w.s.m.support.DefaultHandlerExceptionResolver - Resolved [org.springframework.http.converter.HttpMessageNotReadableException: JSON parse error: Cannot deserialize instance of `java.lang.Integer` out of START_ARRAY token; nested exception is com.fasterxml.jackson.databind.exc.MismatchedInputException: Cannot deserialize instance of `java.lang.Integer` out of START_ARRAY token
 at [Source: (PushbackInputStream); line: 1, column: 54] (through reference chain: com.swj.entity.TbGoodsSpecimen["goodsTypeId"])]
2020-06-30 11:14:33.791 [main] WARN  org.mybatis.spring.mapper.ClassPathMapperScanner - No MyBatis mapper was found in '[com.swj]' package. Please check your configuration.
2020-06-30 11:14:35.820 [main] WARN  s.d.s.w.readers.parameter.ParameterDataTypeReader - Trying to infer dataType java.util.Map<java.lang.String,java.lang.Integer>
2020-06-30 11:14:35.836 [main] WARN  s.d.s.w.readers.parameter.ParameterDataTypeReader - Trying to infer dataType java.util.Map<java.lang.String,java.lang.Integer>
2020-06-30 11:15:34.065 [http-nio-80-exec-5] WARN  o.s.w.s.m.support.DefaultHandlerExceptionResolver - Resolved [org.springframework.http.converter.HttpMessageNotReadableException: JSON parse error: Cannot deserialize instance of `java.lang.Integer` out of START_ARRAY token; nested exception is com.fasterxml.jackson.databind.exc.MismatchedInputException: Cannot deserialize instance of `java.lang.Integer` out of START_ARRAY token
 at [Source: (PushbackInputStream); line: 1, column: 56] (through reference chain: com.swj.entity.TbGoodsSpecimen["goodsTypeId"])]
2020-06-30 11:17:32.571 [http-nio-80-exec-8] WARN  o.s.w.s.m.support.DefaultHandlerExceptionResolver - Resolved [org.springframework.web.HttpRequestMethodNotSupportedException: Request method 'GET' not supported]
2020-06-30 11:18:13.792 [http-nio-80-exec-5] WARN  o.s.w.s.m.support.DefaultHandlerExceptionResolver - Resolved [org.springframework.http.converter.HttpMessageNotReadableException: JSON parse error: Cannot deserialize instance of `java.sql.Timestamp` out of START_OBJECT token; nested exception is com.fasterxml.jackson.databind.exc.MismatchedInputException: Cannot deserialize instance of `java.sql.Timestamp` out of START_OBJECT token
 at [Source: (PushbackInputStream); line: 3, column: 17] (through reference chain: com.swj.entity.TbGoodsSpecimen["createTime"])]
2020-06-30 13:36:32.555 [HikariPool-1 housekeeper] WARN  com.zaxxer.hikari.pool.HikariPool - HikariPool-1 - Thread starvation or clock leap detected (housekeeper delta=2h4m12s639ms).
2020-06-30 14:08:14.866 [HikariPool-1 housekeeper] WARN  com.zaxxer.hikari.pool.HikariPool - HikariPool-1 - Thread starvation or clock leap detected (housekeeper delta=5m12s175ms).
2020-06-30 14:57:33.025 [main] WARN  org.mybatis.spring.mapper.ClassPathMapperScanner - No MyBatis mapper was found in '[com.swj]' package. Please check your configuration.
2020-06-30 14:57:35.058 [main] WARN  s.d.s.w.readers.parameter.ParameterDataTypeReader - Trying to infer dataType java.util.Map<java.lang.String,java.lang.Integer>
2020-06-30 14:57:35.076 [main] WARN  s.d.s.w.readers.parameter.ParameterDataTypeReader - Trying to infer dataType java.util.Map<java.lang.String,java.lang.Integer>
2020-06-30 15:02:22.971 [HikariPool-1 housekeeper] WARN  com.zaxxer.hikari.pool.HikariPool - HikariPool-1 - Thread starvation or clock leap detected (housekeeper delta=2m545ms).
2020-06-30 15:12:13.067 [main] WARN  org.mybatis.spring.mapper.ClassPathMapperScanner - No MyBatis mapper was found in '[com.swj]' package. Please check your configuration.
2020-06-30 15:12:15.269 [main] WARN  s.d.s.w.readers.parameter.ParameterDataTypeReader - Trying to infer dataType java.util.Map<java.lang.String,java.lang.Integer>
2020-06-30 15:12:15.288 [main] WARN  s.d.s.w.readers.parameter.ParameterDataTypeReader - Trying to infer dataType java.util.Map<java.lang.String,java.lang.Integer>
2020-06-30 15:21:45.065 [HikariPool-1 housekeeper] WARN  com.zaxxer.hikari.pool.HikariPool - HikariPool-1 - Thread starvation or clock leap detected (housekeeper delta=3m51s790ms).
2020-06-30 15:57:39.946 [main] WARN  org.mybatis.spring.mapper.ClassPathMapperScanner - No MyBatis mapper was found in '[com.swj]' package. Please check your configuration.
2020-06-30 15:57:42.099 [main] WARN  s.d.s.w.readers.parameter.ParameterDataTypeReader - Trying to infer dataType java.util.Map<java.lang.String,java.lang.Integer>
2020-06-30 15:57:42.119 [main] WARN  s.d.s.w.readers.parameter.ParameterDataTypeReader - Trying to infer dataType java.util.Map<java.lang.String,java.lang.Integer>
2020-06-30 16:23:34.561 [HikariPool-1 housekeeper] WARN  com.zaxxer.hikari.pool.HikariPool - HikariPool-1 - Thread starvation or clock leap detected (housekeeper delta=5m16s937ms).
2020-06-30 17:12:10.289 [HikariPool-1 housekeeper] WARN  com.zaxxer.hikari.pool.HikariPool - HikariPool-1 - Thread starvation or clock leap detected (housekeeper delta=48m35s728ms).
2020-06-30 17:20:25.098 [main] WARN  org.mybatis.spring.mapper.ClassPathMapperScanner - No MyBatis mapper was found in '[com.swj]' package. Please check your configuration.
2020-06-30 17:20:27.252 [main] WARN  s.d.s.w.readers.parameter.ParameterDataTypeReader - Trying to infer dataType java.util.Map<java.lang.String,java.lang.Integer>
2020-06-30 17:20:27.271 [main] WARN  s.d.s.w.readers.parameter.ParameterDataTypeReader - Trying to infer dataType java.util.Map<java.lang.String,java.lang.Integer>
2020-06-30 17:32:21.520 [HikariPool-1 housekeeper] WARN  com.zaxxer.hikari.pool.HikariPool - HikariPool-1 - Thread starvation or clock leap detected (housekeeper delta=3m17s300ms).
2020-06-30 17:47:22.665 [HikariPool-1 housekeeper] WARN  com.zaxxer.hikari.pool.HikariPool - HikariPool-1 - Thread starvation or clock leap detected (housekeeper delta=15m1s145ms).
2020-06-30 18:17:33.900 [HikariPool-1 housekeeper] WARN  com.zaxxer.hikari.pool.HikariPool - HikariPool-1 - Thread starvation or clock leap detected (housekeeper delta=30m11s234ms).
2020-06-30 19:02:31.072 [HikariPool-1 housekeeper] WARN  com.zaxxer.hikari.pool.HikariPool - HikariPool-1 - Thread starvation or clock leap detected (housekeeper delta=44m57s173ms).
2020-06-30 19:09:47.494 [HikariPool-1 housekeeper] WARN  com.zaxxer.hikari.pool.HikariPool - HikariPool-1 - Thread starvation or clock leap detected (housekeeper delta=7m16s422ms).
2020-06-30 19:10:42.057 [HikariPool-1 housekeeper] WARN  com.zaxxer.hikari.pool.HikariPool - HikariPool-1 - Thread starvation or clock leap detected (housekeeper delta=54s563ms).
2020-06-30 19:51:05.605 [main] WARN  org.mybatis.spring.mapper.ClassPathMapperScanner - No MyBatis mapper was found in '[com.swj]' package. Please check your configuration.
2020-06-30 19:51:07.575 [main] WARN  s.d.s.w.readers.parameter.ParameterDataTypeReader - Trying to infer dataType java.util.Map<java.lang.String,java.lang.Integer>
2020-06-30 19:51:07.596 [main] WARN  s.d.s.w.readers.parameter.ParameterDataTypeReader - Trying to infer dataType java.util.Map<java.lang.String,java.lang.Integer>
2020-06-30 19:57:36.110 [main] WARN  org.mybatis.spring.mapper.ClassPathMapperScanner - No MyBatis mapper was found in '[com.swj]' package. Please check your configuration.
2020-06-30 19:57:38.415 [main] WARN  s.d.s.w.readers.parameter.ParameterDataTypeReader - Trying to infer dataType java.util.Map<java.lang.String,java.lang.Integer>
2020-06-30 19:57:38.435 [main] WARN  s.d.s.w.readers.parameter.ParameterDataTypeReader - Trying to infer dataType java.util.Map<java.lang.String,java.lang.Integer>
2020-06-30 20:17:27.960 [main] WARN  org.mybatis.spring.mapper.ClassPathMapperScanner - No MyBatis mapper was found in '[com.swj]' package. Please check your configuration.
2020-06-30 20:17:30.121 [main] WARN  s.d.s.w.readers.parameter.ParameterDataTypeReader - Trying to infer dataType java.util.Map<java.lang.String,java.lang.Integer>
2020-06-30 20:17:30.148 [main] WARN  s.d.s.w.readers.parameter.ParameterDataTypeReader - Trying to infer dataType java.util.Map<java.lang.String,java.lang.Integer>
2020-06-30 20:31:10.069 [main] WARN  org.mybatis.spring.mapper.ClassPathMapperScanner - No MyBatis mapper was found in '[com.swj]' package. Please check your configuration.
2020-06-30 20:31:12.275 [main] WARN  s.d.s.w.readers.parameter.ParameterDataTypeReader - Trying to infer dataType java.util.Map<java.lang.String,java.lang.Integer>
2020-06-30 20:31:12.295 [main] WARN  s.d.s.w.readers.parameter.ParameterDataTypeReader - Trying to infer dataType java.util.Map<java.lang.String,java.lang.Integer>
2020-06-30 20:51:25.783 [HikariPool-1 housekeeper] WARN  com.zaxxer.hikari.pool.HikariPool - HikariPool-1 - Thread starvation or clock leap detected (housekeeper delta=2m3s784ms).
2020-06-30 21:14:43.392 [HikariPool-1 housekeeper] WARN  com.zaxxer.hikari.pool.HikariPool - HikariPool-1 - Thread starvation or clock leap detected (housekeeper delta=23m17s611ms).
2020-06-30 23:02:47.483 [HikariPool-1 housekeeper] WARN  com.zaxxer.hikari.pool.HikariPool - HikariPool-1 - Thread starvation or clock leap detected (housekeeper delta=1h48m4s91ms).
